<?xml version="1.0" encoding="utf-8"?><testsuites name="pytest tests"><testsuite name="pytest" errors="0" failures="1" skipped="0" tests="13" time="2.840" timestamp="2026-09-03T02:10:25.814283+00:00" hostname="agent-env-f1a744a2-f3ed-4014-9cd9-0be9ee435903"><testcase classname="tests.test_iteration_394_pharmacy_leave.TestPharmacyImport" name="test_categories_endpoint" time="0.174" /><testcase classname="tests.test_iteration_394_pharmacy_leave.TestPharmacyImport" name="test_browse_endpoint_all_section" time="0.137" /><testcase classname="tests.test_iteration_394_pharmacy_leave.TestPharmacyImport" name="test_excluded_items_absent" time="0.529" /><testcase classname="tests.test_iteration_394_pharmacy_leave.TestPharmacyImport" name="test_droziver_collapsed" time="0.173"><failure message="AssertionError: Expected 1 DROZIVER entry (collapsed), got 2: ['DROZIVER 80MG', 'DROZIVER 80 6TAB']&#10;assert 2 == 1&#10; +  where 2 = len([{'barcode': '', 'category': 'Pain Relief', 'company': '', 'created_at': '2026-09-03T02:03:26.357762+00:00', ...}, {'barcode': '', 'category': 'Pain Relief', 'company': '', 'created_at': '2026-09-03T02:03:26.357762+00:00', ...}])">E   AssertionError: Expected 1 DROZIVER entry (collapsed), got 2: ['DROZIVER 80MG', 'DROZIVER 80 6TAB']
    assert 2 == 1
     +  where 2 = len([{'barcode': '', 'category': 'Pain Relief', 'company': '', 'created_at': '2026-09-03T02:03:26.357762+00:00', ...}, {'barcode': '', 'category': 'Pain Relief', 'company': '', 'created_at': '2026-09-03T02:03:26.357762+00:00', ...}])</failure></testcase><testcase classname="tests.test_iteration_394_pharmacy_leave.TestPharmacyImport" name="test_orthal_forte_collapsed" time="0.133" /><testcase classname="tests.test_iteration_394_pharmacy_leave.TestPharmacyImport" name="test_veet_typo_merged" time="0.196" /><testcase classname="tests.test_iteration_394_pharmacy_leave.TestPharmacyImport" name="test_teltan_typo_merged" time="0.139" /><testcase classname="tests.test_iteration_394_pharmacy_leave.TestPharmacyImport" name="test_search_drotin" time="0.128" /><testcase classname="tests.test_iteration_394_pharmacy_leave.TestDoctorLeave" name="test_block_future_date" time="0.598" /><testcase classname="tests.test_iteration_394_pharmacy_leave.TestDoctorLeave" name="test_blocked_dates_public_endpoint" time="0.128" /><testcase classname="tests.test_iteration_394_pharmacy_leave.TestDoctorLeave" name="test_booked_slots_marks_date_blocked" time="0.122" /><testcase classname="tests.test_iteration_394_pharmacy_leave.TestDoctorLeave" name="test_next_available_skips_blocked" time="0.205" /><testcase classname="tests.test_iteration_394_pharmacy_leave.TestDoctorLeave" name="test_zzz_cleanup_unblock" time="0.131" /></testsuite></testsuites>