<?xml version="1.0" encoding="utf-8"?><testsuites name="pytest tests"><testsuite name="pytest" errors="0" failures="3" skipped="0" tests="9" time="2.077" timestamp="2026-03-11T15:55:30.191897+00:00" hostname="agent-env-da2adf57-e569-42c3-a5d5-c1e5b321ec84"><testcase classname="backend.tests.test_feedback_features.TestFeedbackAPIs" name="test_feedback_pending_no_completed_appointments" time="0.508" /><testcase classname="backend.tests.test_feedback_features.TestFeedbackAPIs" name="test_feedback_pending_invalid_phone" time="0.155" /><testcase classname="backend.tests.test_feedback_features.TestFeedbackAPIs" name="test_feedback_submit_success" time="0.151"><failure message="AssertionError: Expected 200, got 404: {&quot;detail&quot;:&quot;Invalid feedback link&quot;}&#10;assert 404 == 200&#10; +  where 404 = &lt;Response [404]&gt;.status_code">backend/tests/test_feedback_features.py:54: in test_feedback_submit_success
    assert response.status_code == 200, f"Expected 200, got {response.status_code}: {response.text}"
E   AssertionError: Expected 200, got 404: {"detail":"Invalid feedback link"}
E   assert 404 == 200
E    +  where 404 = &lt;Response [404]&gt;.status_code</failure></testcase><testcase classname="backend.tests.test_feedback_features.TestFeedbackAPIs" name="test_feedback_submit_duplicate_rejected" time="0.169"><failure message="AssertionError: First submit should succeed: {&quot;detail&quot;:&quot;Invalid feedback link&quot;}&#10;assert 404 == 200&#10; +  where 404 = &lt;Response [404]&gt;.status_code">backend/tests/test_feedback_features.py:76: in test_feedback_submit_duplicate_rejected
    assert response1.status_code == 200, f"First submit should succeed: {response1.text}"
E   AssertionError: First submit should succeed: {"detail":"Invalid feedback link"}
E   assert 404 == 200
E    +  where 404 = &lt;Response [404]&gt;.status_code</failure></testcase><testcase classname="backend.tests.test_feedback_features.TestFeedbackAPIs" name="test_feedback_submit_invalid_rating" time="0.124" /><testcase classname="backend.tests.test_feedback_features.TestFeedbackAPIs" name="test_feedback_dismiss_success" time="0.159"><failure message="AssertionError: Expected 200, got 422: {&quot;detail&quot;:[{&quot;type&quot;:&quot;missing&quot;,&quot;loc&quot;:[&quot;body&quot;,&quot;rating&quot;],&quot;msg&quot;:&quot;Field required&quot;,&quot;input&quot;:{&quot;appointment_id&quot;:&quot;DISMISS_74636462&quot;,&quot;phone&quot;:&quot;9833188288&quot;},&quot;url&quot;:&quot;https://errors.pydantic.dev/2.12/v/missing&quot;}]}&#10;assert 422 == 200&#10; +  where 422 = &lt;Response [422]&gt;.status_code">backend/tests/test_feedback_features.py:111: in test_feedback_dismiss_success
    assert response.status_code == 200, f"Expected 200, got {response.status_code}: {response.text}"
E   AssertionError: Expected 200, got 422: {"detail":[{"type":"missing","loc":["body","rating"],"msg":"Field required","input":{"appointment_id":"DISMISS_74636462","phone":"9833188288"},"url":"https://errors.pydantic.dev/2.12/v/missing"}]}
E   assert 422 == 200
E    +  where 422 = &lt;Response [422]&gt;.status_code</failure></testcase><testcase classname="backend.tests.test_feedback_features.TestHealthTimelineAPI" name="test_health_timeline_with_phone" time="0.360" /><testcase classname="backend.tests.test_feedback_features.TestHealthTimelineAPI" name="test_health_timeline_without_phone" time="0.129" /><testcase classname="backend.tests.test_feedback_features.TestHealthEndpoint" name="test_api_health" time="0.111" /></testsuite></testsuites>