<?xml version="1.0" encoding="utf-8"?><testsuites name="pytest tests"><testsuite name="pytest" errors="0" failures="0" skipped="0" tests="12" time="3.791" timestamp="2026-03-20T05:21:18.044675+00:00" hostname="agent-env-53305bf7-af7d-4e10-b0e5-ac96698c8b61"><testcase classname="backend.tests.test_medicine_edit_images_247.TestMedicineEditContentFields" name="test_get_medicine_has_content_fields" time="0.576" /><testcase classname="backend.tests.test_medicine_edit_images_247.TestMedicineEditContentFields" name="test_update_medicine_composition_saves" time="0.239" /><testcase classname="backend.tests.test_medicine_edit_images_247.TestMedicineEditContentFields" name="test_update_medicine_uses_saves" time="0.200" /><testcase classname="backend.tests.test_medicine_edit_images_247.TestMedicineEditContentFields" name="test_update_medicine_side_effects_saves" time="0.213" /><testcase classname="backend.tests.test_medicine_edit_images_247.TestMedicineEditContentFields" name="test_update_all_content_fields_together" time="0.239" /><testcase classname="backend.tests.test_medicine_edit_images_247.TestMedicineMultiImageUpload" name="test_upload_image_requires_auth" time="0.100" /><testcase classname="backend.tests.test_medicine_edit_images_247.TestMedicineMultiImageUpload" name="test_upload_image_appends_to_images_array" time="0.247" /><testcase classname="backend.tests.test_medicine_edit_images_247.TestMedicineImageDownload" name="test_get_medicine_image_serves_image" time="0.481" /><testcase classname="backend.tests.test_medicine_edit_images_247.TestMedicineImageDownload" name="test_get_nonexistent_image_returns_404" time="0.341" /><testcase classname="backend.tests.test_medicine_edit_images_247.TestMedicineImageDelete" name="test_delete_image_requires_auth" time="0.180" /><testcase classname="backend.tests.test_medicine_edit_images_247.TestMedicineImageDelete" name="test_delete_image_removes_from_array" time="0.325" /><testcase classname="backend.tests.test_medicine_edit_images_247.TestMedicineUpdateModel" name="test_medicine_update_accepts_all_fields" time="0.552" /></testsuite></testsuites>