<?xml version="1.0" encoding="utf-8"?><testsuites name="pytest tests"><testsuite name="pytest" errors="0" failures="7" skipped="0" tests="22" time="6.691" timestamp="2026-01-11T04:51:05.732939+00:00" hostname="agent-env-5e714d4b-3dc3-464a-81c3-e469c27d726c"><testcase classname="tests.test_nevika_cura_refactored.TestHealthAndBasicEndpoints" name="test_api_root" time="0.065" /><testcase classname="tests.test_nevika_cura_refactored.TestHealthAndBasicEndpoints" name="test_pharmacy_count" time="0.077" /><testcase classname="tests.test_nevika_cura_refactored.TestHealthAndBasicEndpoints" name="test_diagnostic_tests_endpoint" time="0.034" /><testcase classname="tests.test_nevika_cura_refactored.TestAdminPortal" name="test_admin_login_success" time="0.084" /><testcase classname="tests.test_nevika_cura_refactored.TestAdminPortal" name="test_admin_login_failure" time="0.040" /><testcase classname="tests.test_nevika_cura_refactored.TestAdminPortal" name="test_admin_stats" time="0.070" /><testcase classname="tests.test_nevika_cura_refactored.TestAdminPortal" name="test_admin_staff_list" time="0.075"><failure message="AssertionError: assert False&#10; +  where False = isinstance({'clinics': {'Amnion Clinic': ['Dr. Vikas Jha', 'Dr. Neha Patel'], 'Pushpa Clinic': ['Dr. Neha Patel', 'Dr. Vikas Jha']}, 'roles': {'clinic_staff_amnion': 'Clinic Staff - Amnion Clinic', 'clinic_staff_pushpa': 'Clinic Staff - Pushpa Clinic', 'diagnostics_staff': 'Diagnostics Staff - Proton Diagnostics', 'doctor': 'Doctor - Multi-Clinic Access', ...}, 'staff': [{'active': True, 'clinic': 'Pushpa Clinic', 'created_at': '2026-01-09T21:10:35.115302+00:00', 'doctor_name': 'Dr. Neha Patel', ...}, {'active': True, 'clinic': 'Amnion Clinic', 'created_at': '2026-01-09T21:10:35.401778+00:00', 'doctor_name': 'Dr. Vikas Jha', ...}, {'active': True, 'clinic': 'Pushpa Clinic', 'created_at': '2026-01-09T21:10:35.674703+00:00', 'doctor_name': None, ...}, {'active': True, 'clinic': 'Amnion Clinic', 'created_at': '2026-01-09T21:10:35.952134+00:00', 'doctor_name': None, ...}, {'active': True, 'clinic': None, 'created_at': '2026-01-09T21:10:36.228117+00:00', 'doctor_name': None, ...}, {'active': True, 'clinic': None, 'created_at': '2026-01-09T21:10:36.504113+00:00', 'doctor_name': None, ...}]}, list)">tests/test_nevika_cura_refactored.py:112: in test_admin_staff_list
    assert isinstance(data, list)
E   AssertionError: assert False
E    +  where False = isinstance({'clinics': {'Amnion Clinic': ['Dr. Vikas Jha', 'Dr. Neha Patel'], 'Pushpa Clinic': ['Dr. Neha Patel', 'Dr. Vikas Jha']}, 'roles': {'clinic_staff_amnion': 'Clinic Staff - Amnion Clinic', 'clinic_staff_pushpa': 'Clinic Staff - Pushpa Clinic', 'diagnostics_staff': 'Diagnostics Staff - Proton Diagnostics', 'doctor': 'Doctor - Multi-Clinic Access', ...}, 'staff': [{'active': True, 'clinic': 'Pushpa Clinic', 'created_at': '2026-01-09T21:10:35.115302+00:00', 'doctor_name': 'Dr. Neha Patel', ...}, {'active': True, 'clinic': 'Amnion Clinic', 'created_at': '2026-01-09T21:10:35.401778+00:00', 'doctor_name': 'Dr. Vikas Jha', ...}, {'active': True, 'clinic': 'Pushpa Clinic', 'created_at': '2026-01-09T21:10:35.674703+00:00', 'doctor_name': None, ...}, {'active': True, 'clinic': 'Amnion Clinic', 'created_at': '2026-01-09T21:10:35.952134+00:00', 'doctor_name': None, ...}, {'active': True, 'clinic': None, 'created_at': '2026-01-09T21:10:36.228117+00:00', 'doctor_name': None, ...}, {'active': True, 'clinic': None, 'created_at': '2026-01-09T21:10:36.504113+00:00', 'doctor_name': None, ...}]}, list)</failure></testcase><testcase classname="tests.test_nevika_cura_refactored.TestStaffPortal" name="test_pharmacy_staff_login" time="0.265"><failure message="AssertionError: assert 'staff' in {'clinic': None, 'doctor_clinics': [], 'doctor_name': None, 'name': 'Orange Pharmacy Team', ...}">tests/test_nevika_cura_refactored.py:128: in test_pharmacy_staff_login
    assert "staff" in data
E   AssertionError: assert 'staff' in {'clinic': None, 'doctor_clinics': [], 'doctor_name': None, 'name': 'Orange Pharmacy Team', ...}</failure></testcase><testcase classname="tests.test_nevika_cura_refactored.TestStaffPortal" name="test_diagnostic_staff_login" time="0.260"><failure message="AssertionError: assert 'staff' in {'clinic': None, 'doctor_clinics': [], 'doctor_name': None, 'name': 'Proton Lab Team', ...}">tests/test_nevika_cura_refactored.py:140: in test_diagnostic_staff_login
    assert "staff" in data
E   AssertionError: assert 'staff' in {'clinic': None, 'doctor_clinics': [], 'doctor_name': None, 'name': 'Proton Lab Team', ...}</failure></testcase><testcase classname="tests.test_nevika_cura_refactored.TestStaffPortal" name="test_staff_login_failure" time="0.077" /><testcase classname="tests.test_nevika_cura_refactored.TestPharmacyFlow" name="test_pharmacy_autocomplete" time="0.035"><failure message="AssertionError: assert False&#10; +  where False = isinstance({'query': 'para', 'suggestions': [{'form': 'Syrup', 'name': 'PARACIP 250MG SUSP 60ML'}, {'form': 'Tablet', 'name': 'PARACIP 650MG TAB'}, {'form': 'Medicine', 'name': 'PARAKIND DS SYP'}, {'form': 'Tablet', 'name': 'PARAXIN 250MG TAB'}, {'form': 'Capsule', 'name': 'PARAXIN 500MG CAPS'}]}, list)">tests/test_nevika_cura_refactored.py:161: in test_pharmacy_autocomplete
    assert isinstance(data, list)
E   AssertionError: assert False
E    +  where False = isinstance({'query': 'para', 'suggestions': [{'form': 'Syrup', 'name': 'PARACIP 250MG SUSP 60ML'}, {'form': 'Tablet', 'name': 'PARACIP 650MG TAB'}, {'form': 'Medicine', 'name': 'PARAKIND DS SYP'}, {'form': 'Tablet', 'name': 'PARAXIN 250MG TAB'}, {'form': 'Capsule', 'name': 'PARAXIN 500MG CAPS'}]}, list)</failure></testcase><testcase classname="tests.test_nevika_cura_refactored.TestPharmacyFlow" name="test_pharmacy_forms" time="0.033"><failure message="AssertionError: assert False&#10; +  where False = isinstance({'forms': ['Balm', 'Bandage', 'Capsule', 'Cream', 'Device', 'Drops', ...]}, list)">tests/test_nevika_cura_refactored.py:169: in test_pharmacy_forms
    assert isinstance(data, list)
E   AssertionError: assert False
E    +  where False = isinstance({'forms': ['Balm', 'Bandage', 'Capsule', 'Cream', 'Device', 'Drops', ...]}, list)</failure></testcase><testcase classname="tests.test_nevika_cura_refactored.TestPharmacyFlow" name="test_pharmacy_all_medicines" time="0.038" /><testcase classname="tests.test_nevika_cura_refactored.TestPharmacyFlow" name="test_create_pharmacy_order" time="1.397" /><testcase classname="tests.test_nevika_cura_refactored.TestDiagnosticFlow" name="test_create_diagnostic_order" time="1.234" /><testcase classname="tests.test_nevika_cura_refactored.TestAppointmentFlow" name="test_get_booked_slots" time="0.034" /><testcase classname="tests.test_nevika_cura_refactored.TestAppointmentFlow" name="test_create_appointment" time="1.441" /><testcase classname="tests.test_nevika_cura_refactored.TestStaffPharmacyOrders" name="test_staff_get_pharmacy_orders" time="0.305"><failure message="AssertionError: assert False&#10; +  where False = isinstance({'date_counts': {'2026-01-10': {'pending': 14, 'total': 14}, '2026-01-11': {'pending': 8, 'total': 8}}, 'orders': [{'created_at': '2026-01-11T04:51:07.041033+00:00', 'delivery_address': 'Test Address, Mumbai', 'discount_amount': 0.0, 'id': '9b2e6c36-ac5c-44cd-b162-27c995965fff', ...}, {'created_at': '2026-01-11T03:44:24.933749+00:00', 'delivery_address': 'SMS Test Address', 'discount_amount': 0.0, 'id': '3e891b14-ae60-4dda-bf00-21b3859dc6c8', ...}, {'created_at': '2026-01-11T03:44:19.541896+00:00', 'delivery_address': '123 Test Street', 'discount_amount': 0.0, 'id': '7f31a423-acf1-46ea-99a2-5f8782617f38', ...}, {'created_at': '2026-01-11T03:43:31.657443+00:00', 'delivery_address': 'SMS Test Address', 'discount_amount': 0.0, 'id': '4f2f227f-d9a7-44b7-bee7-f7a297a89e7d', ...}, {'created_at': '2026-01-11T03:43:26.581417+00:00', 'delivery_address': '123 Test Street', 'discount_amount': 0.0, 'id': '7c89bc28-3235-484a-8ecf-18fb937ee73e', ...}, {'created_at': '2026-01-11T03:41:59.404936+00:00', 'delivery_address': '123 Test Street', 'discount_amount': 0.0, 'id': '361bf112-fef8-4293-ba00-b3b4f85f0920', ...}, ...], 'statuses': ['Order Booked', 'Packing', 'Out for Delivery', 'Delivered']}, list)">tests/test_nevika_cura_refactored.py:293: in test_staff_get_pharmacy_orders
    assert isinstance(data, list)
E   AssertionError: assert False
E    +  where False = isinstance({'date_counts': {'2026-01-10': {'pending': 14, 'total': 14}, '2026-01-11': {'pending': 8, 'total': 8}}, 'orders': [{'created_at': '2026-01-11T04:51:07.041033+00:00', 'delivery_address': 'Test Address, Mumbai', 'discount_amount': 0.0, 'id': '9b2e6c36-ac5c-44cd-b162-27c995965fff', ...}, {'created_at': '2026-01-11T03:44:24.933749+00:00', 'delivery_address': 'SMS Test Address', 'discount_amount': 0.0, 'id': '3e891b14-ae60-4dda-bf00-21b3859dc6c8', ...}, {'created_at': '2026-01-11T03:44:19.541896+00:00', 'delivery_address': '123 Test Street', 'discount_amount': 0.0, 'id': '7f31a423-acf1-46ea-99a2-5f8782617f38', ...}, {'created_at': '2026-01-11T03:43:31.657443+00:00', 'delivery_address': 'SMS Test Address', 'discount_amount': 0.0, 'id': '4f2f227f-d9a7-44b7-bee7-f7a297a89e7d', ...}, {'created_at': '2026-01-11T03:43:26.581417+00:00', 'delivery_address': '123 Test Street', 'discount_amount': 0.0, 'id': '7c89bc28-3235-484a-8ecf-18fb937ee73e', ...}, {'created_at': '2026-01-11T03:41:59.404936+00:00', 'delivery_address': '123 Test Street', 'discount_amount': 0.0, 'id': '361bf112-fef8-4293-ba00-b3b4f85f0920', ...}, ...], 'statuses': ['Order Booked', 'Packing', 'Out for Delivery', 'Delivered']}, list)</failure></testcase><testcase classname="tests.test_nevika_cura_refactored.TestStaffDiagnosticOrders" name="test_staff_get_diagnostic_orders" time="0.294"><failure message="AssertionError: assert False&#10; +  where False = isinstance({'date_counts': {'2026-01-10': {'pending': 4, 'total': 4}, '2026-01-11': {'pending': 2, 'total': 2}, '2026-01-12': {'pending': 3, 'total': 3}, '2026-01-15': {'pending': 1, 'total': 1}}, 'orders': [{'created_at': '2026-01-11T04:51:08.434743+00:00', 'id': '5c49b89d-d52f-4c7e-881a-ed4a86c4c9b5', 'patient_email': 'test@example.com', 'patient_name': 'Test Patient', ...}, {'created_at': '2026-01-11T03:44:21.117334+00:00', 'id': 'cf137b0b-f928-4f7d-b338-fa01f7c437de', 'patient_email': 'test@example.com', 'patient_name': 'TEST_DiagnosticPatient_af6ed4', ...}, {'created_at': '2026-01-11T03:43:27.944277+00:00', 'id': '145880f2-faad-4283-ae97-b20f3b88db53', 'patient_email': 'test@example.com', 'patient_name': 'TEST_DiagnosticPatient_75c15d', ...}, {'created_at': '2026-01-11T03:42:00.964260+00:00', 'id': '103901e1-b1c5-4cb9-a783-829d822287ae', 'patient_email': 'test@example.com', 'patient_name': 'TEST_DiagnosticPatient_7f492f', ...}, {'created_at': '2026-01-11T03:11:47.808210+00:00', 'id': 'dc93c61f-33aa-4671-a8ce-2a0fd2d27b3f', 'patient_email': 'smstest@test.com', 'patient_name': 'SMS Test User', ...}, {'created_at': '2026-01-10T21:38:00.251659+00:00', 'id': '7a558091-18d1-4cb5-bb71-b35ad71a18f0', 'patient_email': 'testdiag@test.com', 'patient_name': 'Test Diagnostic Patient', ...}, ...], 'statuses': ['Test Booked', 'Sample Collected', 'In Process', 'Reports Generated']}, list)">tests/test_nevika_cura_refactored.py:317: in test_staff_get_diagnostic_orders
    assert isinstance(data, list)
E   AssertionError: assert False
E    +  where False = isinstance({'date_counts': {'2026-01-10': {'pending': 4, 'total': 4}, '2026-01-11': {'pending': 2, 'total': 2}, '2026-01-12': {'pending': 3, 'total': 3}, '2026-01-15': {'pending': 1, 'total': 1}}, 'orders': [{'created_at': '2026-01-11T04:51:08.434743+00:00', 'id': '5c49b89d-d52f-4c7e-881a-ed4a86c4c9b5', 'patient_email': 'test@example.com', 'patient_name': 'Test Patient', ...}, {'created_at': '2026-01-11T03:44:21.117334+00:00', 'id': 'cf137b0b-f928-4f7d-b338-fa01f7c437de', 'patient_email': 'test@example.com', 'patient_name': 'TEST_DiagnosticPatient_af6ed4', ...}, {'created_at': '2026-01-11T03:43:27.944277+00:00', 'id': '145880f2-faad-4283-ae97-b20f3b88db53', 'patient_email': 'test@example.com', 'patient_name': 'TEST_DiagnosticPatient_75c15d', ...}, {'created_at': '2026-01-11T03:42:00.964260+00:00', 'id': '103901e1-b1c5-4cb9-a783-829d822287ae', 'patient_email': 'test@example.com', 'patient_name': 'TEST_DiagnosticPatient_7f492f', ...}, {'created_at': '2026-01-11T03:11:47.808210+00:00', 'id': 'dc93c61f-33aa-4671-a8ce-2a0fd2d27b3f', 'patient_email': 'smstest@test.com', 'patient_name': 'SMS Test User', ...}, {'created_at': '2026-01-10T21:38:00.251659+00:00', 'id': '7a558091-18d1-4cb5-bb71-b35ad71a18f0', 'patient_email': 'testdiag@test.com', 'patient_name': 'Test Diagnostic Patient', ...}, ...], 'statuses': ['Test Booked', 'Sample Collected', 'In Process', 'Reports Generated']}, list)</failure></testcase><testcase classname="tests.test_nevika_cura_refactored.TestOTPFlow" name="test_send_otp" time="0.391" /><testcase classname="tests.test_nevika_cura_refactored.TestOTPFlow" name="test_auth_otp_send" time="0.240" /><testcase classname="tests.test_nevika_cura_refactored.TestAdminDiagnosticTests" name="test_admin_get_diagnostic_tests" time="0.070" /></testsuite></testsuites>