<?xml version="1.0" encoding="utf-8"?><testsuites name="pytest tests"><testsuite name="pytest" errors="0" failures="1" skipped="0" tests="13" time="8.936" timestamp="2026-01-10T21:33:42.373495+00:00" hostname="agent-env-3bd617dc-81e5-4a39-8a07-974260d789da"><testcase classname="tests.test_feedback_notifications.TestFeedbackEndpoint" name="test_feedback_invalid_token_returns_404" time="0.071" /><testcase classname="tests.test_feedback_notifications.TestFeedbackEndpoint" name="test_feedback_rating_validation_below_1" time="0.011" /><testcase classname="tests.test_feedback_notifications.TestFeedbackEndpoint" name="test_feedback_rating_validation_above_5" time="0.050" /><testcase classname="tests.test_feedback_notifications.TestAppointmentComplete" name="test_staff_login_clinic" time="0.239" /><testcase classname="tests.test_feedback_notifications.TestAppointmentComplete" name="test_create_and_complete_appointment" time="3.876" /><testcase classname="tests.test_feedback_notifications.TestPharmacyStatusNotifications" name="test_pharmacy_staff_login" time="0.232" /><testcase classname="tests.test_feedback_notifications.TestPharmacyStatusNotifications" name="test_pharmacy_order_status_update" time="1.427" /><testcase classname="tests.test_feedback_notifications.TestDiagnosticStatusNotifications" name="test_diagnostics_staff_login" time="0.231" /><testcase classname="tests.test_feedback_notifications.TestDiagnosticStatusNotifications" name="test_diagnostic_order_status_update" time="1.434" /><testcase classname="tests.test_feedback_notifications.TestPatientCheckInNotification" name="test_patient_checkin_sends_push" time="1.160" /><testcase classname="tests.test_feedback_notifications.TestPushSubscriptionEndpoints" name="test_push_subscribe_endpoint_exists" time="0.058" /><testcase classname="tests.test_feedback_notifications.TestPushSubscriptionEndpoints" name="test_push_unsubscribe_endpoint_exists" time="0.008"><failure message="assert 422 in [200, 400, 401, 404]&#10; +  where 422 = &lt;Response [422]&gt;.status_code">tests/test_feedback_notifications.py:382: in test_push_unsubscribe_endpoint_exists
    assert response.status_code in [200, 400, 401, 404]
E   assert 422 in [200, 400, 401, 404]
E    +  where 422 = &lt;Response [422]&gt;.status_code</failure></testcase><testcase classname="tests.test_feedback_notifications.TestVAPIDConfiguration" name="test_vapid_public_key_endpoint" time="0.049" /></testsuite></testsuites>