<?xml version="1.0" encoding="utf-8"?><testsuites name="pytest tests"><testsuite name="pytest" errors="0" failures="0" skipped="1" tests="8" time="8.861" timestamp="2026-02-13T22:18:53.200934+00:00" hostname="agent-env-c6e4c00b-d926-473b-a6ef-857182300bf3"><testcase classname="backend.tests.test_cashfree_payment_integration.TestCashfreeOrderCreation" name="test_create_order_lab_test" time="1.380" /><testcase classname="backend.tests.test_cashfree_payment_integration.TestCashfreeOrderCreation" name="test_create_order_pharmacy" time="0.482" /><testcase classname="backend.tests.test_cashfree_payment_integration.TestCashfreeOrderCreation" name="test_create_order_invalid_amount" time="0.861" /><testcase classname="backend.tests.test_cashfree_payment_integration.TestCashfreePaymentLink" name="test_create_payment_link_lab_test" time="0.947" /><testcase classname="backend.tests.test_cashfree_payment_integration.TestCashfreePaymentLink" name="test_create_payment_link_pharmacy" time="1.306" /><testcase classname="backend.tests.test_cashfree_payment_integration.TestOrderStatus" name="test_get_order_status" time="1.531" /><testcase classname="backend.tests.test_cashfree_payment_integration.TestPaymentLinkStatus" name="test_get_payment_link_status" time="0.130"><skipped type="pytest.skip" message="Payment link creation failed">/app/backend/tests/test_cashfree_payment_integration.py:215: Payment link creation failed</skipped></testcase><testcase classname="backend.tests.test_cashfree_payment_integration.TestWhatsAppNotification" name="test_whatsapp_notification_sent" time="2.155" /></testsuite></testsuites>