<?xml version="1.0" encoding="utf-8"?><testsuites name="pytest tests"><testsuite name="pytest" errors="0" failures="1" skipped="0" tests="29" time="61.376" timestamp="2026-03-25T12:21:51.583645+00:00" hostname="agent-env-c6a29b11-f4d0-42dd-8765-8d9f019c8ad5"><testcase classname="tests.test_iteration_270.TestHealthEndpoint" name="test_health_endpoint_returns_ok" time="0.448" /><testcase classname="tests.test_iteration_270.TestQRCodeRemoval" name="test_no_qrcode_import_in_server" time="0.001" /><testcase classname="tests.test_iteration_270.TestQRCodeRemoval" name="test_no_generate_booking_qr_code_function" time="0.000" /><testcase classname="tests.test_iteration_270.TestQRCodeRemoval" name="test_no_generate_generic_qr_code_function" time="0.000" /><testcase classname="tests.test_iteration_270.TestQRCodeRemoval" name="test_no_qr_in_appointment_routes" time="0.001" /><testcase classname="tests.test_iteration_270.TestQRCodeRemoval" name="test_no_qr_in_coupons_routes" time="0.000" /><testcase classname="tests.test_iteration_270.TestQRCodeRemoval" name="test_no_qr_in_queue_status_routes" time="0.000" /><testcase classname="tests.test_iteration_270.TestQRCodeRemoval" name="test_generate_booking_email_template_returns_none_for_qr" time="0.000" /><testcase classname="tests.test_iteration_270.TestWhatsAppNotificationNumbers" name="test_staff_notification_numbers_pushpa" time="0.000" /><testcase classname="tests.test_iteration_270.TestWhatsAppNotificationNumbers" name="test_staff_notification_numbers_amnion" time="0.000" /><testcase classname="tests.test_iteration_270.TestWhatsAppNotificationNumbers" name="test_staff_notification_numbers_nevika_cura" time="0.000" /><testcase classname="tests.test_iteration_270.TestWhatsAppNotificationNumbers" name="test_staff_notification_numbers_mango" time="0.000" /><testcase classname="tests.test_iteration_270.TestWhatsAppNotificationNumbers" name="test_staff_notification_numbers_orange" time="0.000" /><testcase classname="tests.test_iteration_270.TestWhatsAppNotificationNumbers" name="test_doctor_whatsapp_numbers_neha_patel" time="0.000" /><testcase classname="tests.test_iteration_270.TestWhatsAppNotificationNumbers" name="test_doctor_whatsapp_numbers_vikas_jha" time="0.000" /><testcase classname="tests.test_iteration_270.TestWhatsAppNotificationNumbers" name="test_department_phones_orange_updated" time="0.000" /><testcase classname="tests.test_iteration_270.TestWhatsAppNotificationNumbers" name="test_doctor_matching_case_insensitive" time="0.000" /><testcase classname="tests.test_iteration_270.TestWeeklyDigestEndpoints" name="test_weekly_digest_preview_endpoint" time="0.135" /><testcase classname="tests.test_iteration_270.TestWeeklyDigestEndpoints" name="test_weekly_digest_send_endpoint" time="60.097"><failure message="assert 502 == 200&#10; +  where 502 = &lt;Response [502]&gt;.status_code">tests/test_iteration_270.py:181: in test_weekly_digest_send_endpoint
    assert response.status_code == 200
E   assert 502 == 200
E    +  where 502 = &lt;Response [502]&gt;.status_code</failure></testcase><testcase classname="tests.test_iteration_270.TestWeeklyDigestEndpoints" name="test_weekly_digest_service_exists" time="0.000" /><testcase classname="tests.test_iteration_270.TestWeeklyDigestEndpoints" name="test_weekly_digest_scheduler_configured" time="0.000" /><testcase classname="tests.test_iteration_270.TestHealthGlanceEndpoint" name="test_health_glance_endpoint_structure" time="0.215" /><testcase classname="tests.test_iteration_270.TestSmartRemindersEndpoint" name="test_smart_reminders_check_notifications" time="0.159" /><testcase classname="tests.test_iteration_270.TestSplashScreenFix" name="test_splash_played_session_storage_check" time="0.000" /><testcase classname="tests.test_iteration_270.TestSplashScreenFix" name="test_splash_played_session_storage_set" time="0.000" /><testcase classname="tests.test_iteration_270.TestSplashScreenFix" name="test_splash_skips_to_main_when_played" time="0.000" /><testcase classname="tests.test_iteration_270.TestBackendAPIAccess" name="test_doctors_endpoint_accessible" time="0.098" /><testcase classname="tests.test_iteration_270.TestBackendAPIAccess" name="test_booked_slots_endpoint_accessible" time="0.105" /><testcase classname="tests.test_iteration_270.TestPharmacyLoyaltyOrangeNumber" name="test_pharmacy_loyalty_orange_number" time="0.000" /></testsuite></testsuites>