<?xml version="1.0" encoding="utf-8"?><testsuites name="pytest tests"><testsuite name="pytest" errors="0" failures="0" skipped="0" tests="14" time="5.938" timestamp="2026-03-19T21:25:53.906887+00:00" hostname="agent-env-02fb7fa7-746e-43d2-9c66-d198ef9bdf0e"><testcase classname="backend.tests.test_staff_portals_242.TestStaffLogin" name="test_orange_staff_login" time="0.815" /><testcase classname="backend.tests.test_staff_portals_242.TestStaffLogin" name="test_mango_staff_login" time="0.379" /><testcase classname="backend.tests.test_staff_portals_242.TestStaffLogin" name="test_diagyn_staff_login" time="0.337" /><testcase classname="backend.tests.test_staff_portals_242.TestStaffLogin" name="test_invalid_credentials" time="0.126" /><testcase classname="backend.tests.test_staff_portals_242.TestPharmacyMedicines" name="test_get_medicines_with_pagination" time="0.453" /><testcase classname="backend.tests.test_staff_portals_242.TestPharmacyMedicines" name="test_get_medicines_with_search" time="0.499" /><testcase classname="backend.tests.test_staff_portals_242.TestPharmacyMedicines" name="test_get_medicines_with_category_filter" time="0.472" /><testcase classname="backend.tests.test_staff_portals_242.TestPharmacyMedicines" name="test_get_medicines_missing_images" time="0.451" /><testcase classname="backend.tests.test_staff_portals_242.TestPharmacyOrders" name="test_get_pharmacy_orders" time="0.518" /><testcase classname="backend.tests.test_staff_portals_242.TestPharmacyOrders" name="test_get_orders_with_status_filter" time="0.483" /><testcase classname="backend.tests.test_staff_portals_242.TestPharmacyOrders" name="test_orders_have_expected_fields" time="0.445" /><testcase classname="backend.tests.test_staff_portals_242.TestOrderStatusUpdate" name="test_valid_status_values" time="0.661" /><testcase classname="backend.tests.test_staff_portals_242.TestStaffTokenValidation" name="test_unauthorized_access" time="0.110" /><testcase classname="backend.tests.test_staff_portals_242.TestStaffTokenValidation" name="test_invalid_token" time="0.101" /></testsuite></testsuites>