<?xml version="1.0" encoding="utf-8"?><testsuites name="pytest tests"><testsuite name="pytest" errors="0" failures="0" skipped="0" tests="21" time="3.457" timestamp="2026-03-25T07:05:27.476478+00:00" hostname="agent-env-779c0f99-2f7d-4815-8ac3-a0b90ef489a4"><testcase classname="backend.tests.test_medical_records_smart_reminders_267.TestMedicalRecordsAPI" name="test_medical_records_stats" time="0.227" /><testcase classname="backend.tests.test_medical_records_smart_reminders_267.TestMedicalRecordsAPI" name="test_medical_records_list" time="0.138" /><testcase classname="backend.tests.test_medical_records_smart_reminders_267.TestMedicalRecordsAPI" name="test_medical_records_list_with_category_filter" time="0.111" /><testcase classname="backend.tests.test_medical_records_smart_reminders_267.TestMedicalRecordsAPI" name="test_medical_records_list_with_search" time="0.110" /><testcase classname="backend.tests.test_medical_records_smart_reminders_267.TestMedicalRecordsAPI" name="test_medical_records_upload" time="0.126" /><testcase classname="backend.tests.test_medical_records_smart_reminders_267.TestMedicalRecordsAPI" name="test_medical_records_star_toggle" time="0.379" /><testcase classname="backend.tests.test_medical_records_smart_reminders_267.TestMedicalRecordsAPI" name="test_medical_records_download" time="0.237" /><testcase classname="backend.tests.test_medical_records_smart_reminders_267.TestMedicalRecordsAPI" name="test_medical_records_download_not_found" time="0.098" /><testcase classname="backend.tests.test_medical_records_smart_reminders_267.TestMedicalRecordsAPI" name="test_medical_records_star_not_found" time="0.110" /><testcase classname="backend.tests.test_medical_records_smart_reminders_267.TestSmartRemindersAPI" name="test_smart_reminders_stats" time="0.109" /><testcase classname="backend.tests.test_medical_records_smart_reminders_267.TestSmartRemindersAPI" name="test_smart_reminders_list" time="0.102" /><testcase classname="backend.tests.test_medical_records_smart_reminders_267.TestSmartRemindersAPI" name="test_smart_reminders_list_with_type_filter" time="0.111" /><testcase classname="backend.tests.test_medical_records_smart_reminders_267.TestSmartRemindersAPI" name="test_smart_reminders_today" time="0.101" /><testcase classname="backend.tests.test_medical_records_smart_reminders_267.TestSmartRemindersAPI" name="test_smart_reminders_suggestions" time="0.115" /><testcase classname="backend.tests.test_medical_records_smart_reminders_267.TestSmartRemindersAPI" name="test_smart_reminders_create" time="0.099" /><testcase classname="backend.tests.test_medical_records_smart_reminders_267.TestSmartRemindersAPI" name="test_smart_reminders_complete" time="0.215" /><testcase classname="backend.tests.test_medical_records_smart_reminders_267.TestSmartRemindersAPI" name="test_smart_reminders_toggle" time="0.344" /><testcase classname="backend.tests.test_medical_records_smart_reminders_267.TestSmartRemindersAPI" name="test_smart_reminders_complete_not_found" time="0.102" /><testcase classname="backend.tests.test_medical_records_smart_reminders_267.TestSmartRemindersAPI" name="test_smart_reminders_toggle_not_found" time="0.114" /><testcase classname="backend.tests.test_medical_records_smart_reminders_267.TestCleanup" name="test_cleanup_test_medical_records" time="0.206" /><testcase classname="backend.tests.test_medical_records_smart_reminders_267.TestCleanup" name="test_cleanup_test_reminders" time="0.208" /></testsuite></testsuites>