<?xml version="1.0" encoding="utf-8"?><testsuites name="pytest tests"><testsuite name="pytest" errors="0" failures="0" skipped="0" tests="13" time="2.399" timestamp="2026-02-28T06:16:01.579179+00:00" hostname="agent-env-49b7e56e-a273-4974-9df9-eb1525c7f685"><testcase classname="backend.tests.test_iteration_163.TestGiftCardsAPI" name="test_get_gift_templates" time="0.318" /><testcase classname="backend.tests.test_iteration_163.TestGiftCardsAPI" name="test_get_gift_stats" time="0.108" /><testcase classname="backend.tests.test_iteration_163.TestCarePackagesAPI" name="test_get_care_packages_list" time="0.128" /><testcase classname="backend.tests.test_iteration_163.TestCarePackagesAPI" name="test_get_single_care_package" time="0.098" /><testcase classname="backend.tests.test_iteration_163.TestCrossSellAPI" name="test_cross_sell_diagyn_suggestions" time="0.103" /><testcase classname="backend.tests.test_iteration_163.TestCrossSellAPI" name="test_cross_sell_mango_suggestions" time="0.102" /><testcase classname="backend.tests.test_iteration_163.TestCrossSellAPI" name="test_cross_sell_analytics" time="0.103" /><testcase classname="backend.tests.test_iteration_163.TestMangoLabsAPI" name="test_get_test_catalog" time="0.118" /><testcase classname="backend.tests.test_iteration_163.TestMangoLabsAPI" name="test_test_catalog_search" time="0.100" /><testcase classname="backend.tests.test_iteration_163.TestStaffLoginAPI" name="test_staff_login_diagyn" time="0.326" /><testcase classname="backend.tests.test_iteration_163.TestStaffLoginAPI" name="test_staff_login_orange" time="0.325" /><testcase classname="backend.tests.test_iteration_163.TestStaffLoginAPI" name="test_staff_login_mango" time="0.351" /><testcase classname="backend.tests.test_iteration_163.TestStaffLoginAPI" name="test_staff_login_invalid" time="0.110" /></testsuite></testsuites>