<?xml version="1.0" encoding="utf-8"?><testsuites name="pytest tests"><testsuite name="pytest" errors="0" failures="0" skipped="0" tests="13" time="3.776" timestamp="2026-03-24T07:27:13.300832+00:00" hostname="agent-env-5f144afa-a4ce-4ebd-be36-3dbf3096d854"><testcase classname="backend.tests.test_login_persistence.TestStaffLogin" name="test_staff_login_success_admin" time="0.451" /><testcase classname="backend.tests.test_login_persistence.TestStaffLogin" name="test_staff_login_success_doctor" time="0.316" /><testcase classname="backend.tests.test_login_persistence.TestStaffLogin" name="test_staff_login_invalid_credentials" time="0.130" /><testcase classname="backend.tests.test_login_persistence.TestStaffLogin" name="test_staff_login_missing_fields" time="0.096" /><testcase classname="backend.tests.test_login_persistence.TestAuthMeEndpoint" name="test_auth_me_with_valid_token" time="0.424" /><testcase classname="backend.tests.test_login_persistence.TestAuthMeEndpoint" name="test_auth_me_without_token" time="0.151" /><testcase classname="backend.tests.test_login_persistence.TestAuthMeEndpoint" name="test_auth_me_with_invalid_token" time="0.091" /><testcase classname="backend.tests.test_login_persistence.TestPatientAuthEndpoint" name="test_patient_auth_me_without_token" time="0.112" /><testcase classname="backend.tests.test_login_persistence.TestPatientAuthEndpoint" name="test_patient_auth_me_with_invalid_token" time="0.140" /><testcase classname="backend.tests.test_login_persistence.TestTokenValidation" name="test_token_revalidation_success" time="1.039" /><testcase classname="backend.tests.test_login_persistence.TestTokenValidation" name="test_expired_token_returns_401" time="0.107" /><testcase classname="backend.tests.test_login_persistence.TestStaffInfoStructure" name="test_staff_info_has_required_fields" time="0.324" /><testcase classname="backend.tests.test_login_persistence.TestStaffInfoStructure" name="test_doctor_staff_info_has_doctor_name" time="0.328" /></testsuite></testsuites>