<?xml version="1.0" encoding="utf-8"?><testsuites name="pytest tests"><testsuite name="pytest" errors="0" failures="1" skipped="0" tests="14" time="1.217" timestamp="2026-01-30T06:55:47.281445+00:00" hostname="agent-env-5f3c5e41-7708-4016-b2c2-bb774f1d4775"><testcase classname="backend.tests.test_nevika_cura_one.TestSubscriptionPlans" name="test_get_subscription_plans" time="0.091" /><testcase classname="backend.tests.test_nevika_cura_one.TestSubscriptionPlans" name="test_get_membership_plans" time="0.037" /><testcase classname="backend.tests.test_nevika_cura_one.TestMembershipPurchase" name="test_membership_purchase_creates_checkout" time="0.500" /><testcase classname="backend.tests.test_nevika_cura_one.TestMembershipPurchase" name="test_membership_purchase_invalid_plan" time="0.035" /><testcase classname="backend.tests.test_nevika_cura_one.TestPortalMembershipForm" name="test_submit_evara_membership_form" time="0.041" /><testcase classname="backend.tests.test_nevika_cura_one.TestPortalMembershipForm" name="test_submit_glydex_membership_form" time="0.037" /><testcase classname="backend.tests.test_nevika_cura_one.TestPortalMembershipForm" name="test_get_membership_form_by_phone" time="0.068"><failure message="AssertionError: assert 'profile' in {'count': 1, 'profiles': [{'age': 35, 'created_at': '2026-01-30T06:55:48.127762+00:00', 'email': 'test_retrieve@example.com', 'emergency_contact': {'name': None, 'phone': None, 'relation': None}, ...}], 'success': True}">backend/tests/test_nevika_cura_one.py:189: in test_get_membership_form_by_phone
    assert "profile" in data
E   AssertionError: assert 'profile' in {'count': 1, 'profiles': [{'age': 35, 'created_at': '2026-01-30T06:55:48.127762+00:00', 'email': 'test_retrieve@example.com', 'emergency_contact': {'name': None, 'phone': None, 'relation': None}, ...}], 'success': True}</failure></testcase><testcase classname="backend.tests.test_nevika_cura_one.TestSubscriptionStatus" name="test_check_subscription_status_no_subscription" time="0.035" /><testcase classname="backend.tests.test_nevika_cura_one.TestSubscriptionStatus" name="test_get_patient_subscriptions_empty" time="0.040" /><testcase classname="backend.tests.test_nevika_cura_one.TestFamilyPlans" name="test_get_family_plans" time="0.037" /><testcase classname="backend.tests.test_nevika_cura_one.TestReferralProgram" name="test_generate_referral_code" time="0.043" /><testcase classname="backend.tests.test_nevika_cura_one.TestReferralProgram" name="test_get_referral_stats" time="0.075" /><testcase classname="backend.tests.test_nevika_cura_one.TestPointsSystem" name="test_get_patient_points" time="0.043" /><testcase classname="backend.tests.test_nevika_cura_one.TestStreaks" name="test_get_streaks" time="0.037" /></testsuite></testsuites>