<?xml version="1.0" encoding="utf-8"?><testsuites name="pytest tests"><testsuite name="pytest" errors="0" failures="0" skipped="0" tests="14" time="12.272" timestamp="2026-02-16T14:55:53.113157+00:00" hostname="agent-env-627f509d-3547-45c7-96e2-6cc05d95b1af"><testcase classname="backend.tests.test_checkout_flows.TestHealthEndpoint" name="test_health_check" time="0.406" /><testcase classname="backend.tests.test_checkout_flows.TestPharmacyOrderAPI" name="test_pharmacy_order_cod_success" time="2.209" /><testcase classname="backend.tests.test_checkout_flows.TestPharmacyOrderAPI" name="test_pharmacy_order_pay_later" time="2.179" /><testcase classname="backend.tests.test_checkout_flows.TestPharmacyOrderAPI" name="test_pharmacy_order_pay_now" time="0.114" /><testcase classname="backend.tests.test_checkout_flows.TestPharmacyOrderAPI" name="test_pharmacy_order_validation_empty_medicines" time="1.273" /><testcase classname="backend.tests.test_checkout_flows.TestDiagnosticsOrderAPI" name="test_lab_booking_cod_home_collection" time="1.643" /><testcase classname="backend.tests.test_checkout_flows.TestDiagnosticsOrderAPI" name="test_lab_booking_center_visit" time="1.639" /><testcase classname="backend.tests.test_checkout_flows.TestDiagnosticsOrderAPI" name="test_lab_booking_pay_now" time="0.187" /><testcase classname="backend.tests.test_checkout_flows.TestOTPEndpoints" name="test_otp_send_whatsapp" time="0.643" /><testcase classname="backend.tests.test_checkout_flows.TestOTPEndpoints" name="test_otp_verify_invalid" time="0.125" /><testcase classname="backend.tests.test_checkout_flows.TestPaymentEndpoints" name="test_create_cashfree_order" time="1.103" /><testcase classname="backend.tests.test_checkout_flows.TestPharmacyInventory" name="test_get_pharmacy_medicines" time="0.135" /><testcase classname="backend.tests.test_checkout_flows.TestPharmacyInventory" name="test_search_iron_folic_acid" time="0.169" /><testcase classname="backend.tests.test_checkout_flows.TestDiagnosticTests" name="test_get_diagnostic_tests" time="0.381" /></testsuite></testsuites>