<?xml version="1.0" encoding="utf-8"?><testsuites name="pytest tests"><testsuite name="pytest" errors="0" failures="0" skipped="8" tests="12" time="0.552" timestamp="2026-01-27T16:17:18.551184+00:00" hostname="agent-env-3f03b236-c1be-4066-b9bf-b83bad852173"><testcase classname="backend.tests.test_ai_features.TestAIFeaturesAuth" name="test_schedule_optimizer_requires_auth" time="0.064" /><testcase classname="backend.tests.test_ai_features.TestAIFeaturesAuth" name="test_health_insights_requires_auth" time="0.042" /><testcase classname="backend.tests.test_ai_features.TestAIFeaturesAuth" name="test_appointment_suggestions_requires_auth" time="0.037" /><testcase classname="backend.tests.test_ai_features.TestAIFeaturesAuth" name="test_health_report_requires_auth" time="0.037" /><testcase classname="backend.tests.test_ai_features.TestAIFeaturesAuthenticated" name="test_schedule_optimizer_success" time="0.040"><skipped type="pytest.skip" message="Could not send OTP for authentication">/app/backend/tests/test_ai_features.py:88: Could not send OTP for authentication</skipped></testcase><testcase classname="backend.tests.test_ai_features.TestAIFeaturesAuthenticated" name="test_schedule_optimizer_without_preferences" time="0.038"><skipped type="pytest.skip" message="Could not send OTP for authentication">/app/backend/tests/test_ai_features.py:122: Could not send OTP for authentication</skipped></testcase><testcase classname="backend.tests.test_ai_features.TestAIFeaturesAuthenticated" name="test_health_insights_success" time="0.041"><skipped type="pytest.skip" message="Could not send OTP for authentication">/app/backend/tests/test_ai_features.py:135: Could not send OTP for authentication</skipped></testcase><testcase classname="backend.tests.test_ai_features.TestAIFeaturesAuthenticated" name="test_appointment_suggestions_success" time="0.040"><skipped type="pytest.skip" message="Could not send OTP for authentication">/app/backend/tests/test_ai_features.py:167: Could not send OTP for authentication</skipped></testcase><testcase classname="backend.tests.test_ai_features.TestAIFeaturesAuthenticated" name="test_appointment_suggestions_with_severe_symptoms" time="0.033"><skipped type="pytest.skip" message="Could not send OTP for authentication">/app/backend/tests/test_ai_features.py:199: Could not send OTP for authentication</skipped></testcase><testcase classname="backend.tests.test_ai_features.TestAIFeaturesAuthenticated" name="test_health_report_success" time="0.047"><skipped type="pytest.skip" message="Could not send OTP for authentication">/app/backend/tests/test_ai_features.py:219: Could not send OTP for authentication</skipped></testcase><testcase classname="backend.tests.test_ai_features.TestAIFeaturesEdgeCases" name="test_appointment_suggestions_empty_symptoms" time="0.031"><skipped type="pytest.skip" message="Could not send OTP">/app/backend/tests/test_ai_features.py:286: Could not send OTP</skipped></testcase><testcase classname="backend.tests.test_ai_features.TestAIFeaturesEdgeCases" name="test_schedule_optimizer_past_date" time="0.036"><skipped type="pytest.skip" message="Could not send OTP">/app/backend/tests/test_ai_features.py:302: Could not send OTP</skipped></testcase></testsuite></testsuites>