<?xml version="1.0" encoding="utf-8"?><testsuites name="pytest tests"><testsuite name="pytest" errors="0" failures="0" skipped="0" tests="12" time="2.658" timestamp="2026-08-23T17:33:22.747419+00:00" hostname="agent-env-f1a744a2-f3ed-4014-9cd9-0be9ee435903"><testcase classname="tests.test_new_features_384.TestOrderNotifications" name="test_order_status_notify_pharmacy_confirmed" time="0.676" /><testcase classname="tests.test_new_features_384.TestOrderNotifications" name="test_order_status_notify_lab_confirmed" time="0.591" /><testcase classname="tests.test_new_features_384.TestOrderNotifications" name="test_order_status_notify_pharmacy_packed" time="0.173" /><testcase classname="tests.test_new_features_384.TestOrderNotifications" name="test_get_order_notifications" time="0.110" /><testcase classname="tests.test_new_features_384.TestOrderNotifications" name="test_mark_notifications_read" time="0.135" /><testcase classname="tests.test_new_features_384.TestFamilyMembers" name="test_add_family_member" time="0.120" /><testcase classname="tests.test_new_features_384.TestFamilyMembers" name="test_get_family_members" time="0.114" /><testcase classname="tests.test_new_features_384.TestFamilyMembers" name="test_family_member_5_limit" time="0.122" /><testcase classname="tests.test_new_features_384.TestFamilyMembers" name="test_phase4_family_members_endpoint" time="0.158" /><testcase classname="tests.test_new_features_384.TestMedicineRefillReminders" name="test_refill_check_endpoint" time="0.131" /><testcase classname="tests.test_new_features_384.TestHealthRecordsEndpoints" name="test_health_summary" time="0.175" /><testcase classname="tests.test_new_features_384.TestHealthRecordsEndpoints" name="test_health_timeline" time="0.111" /></testsuite></testsuites>