<?xml version="1.0" encoding="utf-8"?><testsuites name="pytest tests"><testsuite name="pytest" errors="0" failures="0" skipped="0" tests="13" time="6.515" timestamp="2026-01-31T12:19:17.635249+00:00" hostname="agent-env-31c22524-8a2a-40f5-b4c6-868accaae4a4"><testcase classname="backend.tests.test_otp_skip_cancel_order.TestStaffLogin" name="test_super_admin_login" time="0.299" /><testcase classname="backend.tests.test_otp_skip_cancel_order.TestStaffLogin" name="test_pharmacy_staff_login" time="0.266" /><testcase classname="backend.tests.test_otp_skip_cancel_order.TestStaffLogin" name="test_lab_staff_login" time="0.266" /><testcase classname="backend.tests.test_otp_skip_cancel_order.TestAdminOrderCancellation" name="test_cancel_pharmacy_order_endpoint_exists" time="0.341" /><testcase classname="backend.tests.test_otp_skip_cancel_order.TestAdminOrderCancellation" name="test_cancel_diagnostics_order_endpoint_exists" time="0.310" /><testcase classname="backend.tests.test_otp_skip_cancel_order.TestAdminOrderCancellation" name="test_cancel_order_requires_admin_role" time="0.299" /><testcase classname="backend.tests.test_otp_skip_cancel_order.TestAdminOrderCancellation" name="test_cancel_order_requires_authentication" time="0.038" /><testcase classname="backend.tests.test_otp_skip_cancel_order.TestAdminOrderCancellation" name="test_invalid_order_type_returns_400" time="0.338" /><testcase classname="backend.tests.test_otp_skip_cancel_order.TestPharmacyOrderFlow" name="test_pharmacy_order_creation_without_otp" time="2.380" /><testcase classname="backend.tests.test_otp_skip_cancel_order.TestPharmacyOrderFlow" name="test_pharmacy_order_requires_email" time="0.038" /><testcase classname="backend.tests.test_otp_skip_cancel_order.TestDiagnosticsOrderFlow" name="test_diagnostics_order_creation_without_otp" time="1.253" /><testcase classname="backend.tests.test_otp_skip_cancel_order.TestStaffPortalOrdersAccess" name="test_get_pharmacy_orders" time="0.320" /><testcase classname="backend.tests.test_otp_skip_cancel_order.TestStaffPortalOrdersAccess" name="test_get_diagnostic_orders" time="0.301" /></testsuite></testsuites>