<?xml version="1.0" encoding="utf-8"?><testsuites name="pytest tests"><testsuite name="pytest" errors="0" failures="0" skipped="0" tests="17" time="8.002" timestamp="2026-03-19T09:51:39.588290+00:00" hostname="agent-env-02fb7fa7-746e-43d2-9c66-d198ef9bdf0e"><testcase classname="backend.tests.test_pharmacy_medicine_images.TestPharmacyMedicineCount" name="test_medicine_count_returns_total" time="0.212" /><testcase classname="backend.tests.test_pharmacy_medicine_images.TestPharmacyAllMedicines" name="test_get_all_medicines_basic" time="1.039" /><testcase classname="backend.tests.test_pharmacy_medicine_images.TestPharmacyAllMedicines" name="test_medicines_with_images_prioritized_first" time="1.558" /><testcase classname="backend.tests.test_pharmacy_medicine_images.TestPharmacyAllMedicines" name="test_medicine_has_required_fields" time="0.485" /><testcase classname="backend.tests.test_pharmacy_medicine_images.TestPharmacyAllMedicines" name="test_medicine_price_computed_correctly" time="0.487" /><testcase classname="backend.tests.test_pharmacy_medicine_images.TestPharmacyAllMedicines" name="test_source_field_is_database" time="0.469" /><testcase classname="backend.tests.test_pharmacy_medicine_images.TestPharmacySearch" name="test_search_acesure" time="0.301" /><testcase classname="backend.tests.test_pharmacy_medicine_images.TestPharmacySearch" name="test_search_returns_image_url" time="0.303" /><testcase classname="backend.tests.test_pharmacy_medicine_images.TestPharmacySearch" name="test_search_returns_prescription_required" time="0.344" /><testcase classname="backend.tests.test_pharmacy_medicine_images.TestPharmacySearch" name="test_search_empty_query" time="0.128" /><testcase classname="backend.tests.test_pharmacy_medicine_images.TestPharmacySearch" name="test_search_partial_match" time="0.176" /><testcase classname="backend.tests.test_pharmacy_medicine_images.TestPharmacySearch" name="test_search_returns_computed_price" time="0.243" /><testcase classname="backend.tests.test_pharmacy_medicine_images.TestPharmacyMedicineRichData" name="test_medicines_have_description" time="0.489" /><testcase classname="backend.tests.test_pharmacy_medicine_images.TestPharmacyMedicineRichData" name="test_medicines_have_side_effects" time="0.179" /><testcase classname="backend.tests.test_pharmacy_medicine_images.TestPharmacyMedicineRichData" name="test_medicines_have_storage_info" time="0.493" /><testcase classname="backend.tests.test_pharmacy_medicine_images.TestPharmacyImageFields" name="test_image_url_from_medicinedata_domain" time="0.518" /><testcase classname="backend.tests.test_pharmacy_medicine_images.TestPharmacyImageFields" name="test_form_field_present" time="0.497" /></testsuite></testsuites>