<?xml version="1.0" encoding="utf-8"?><testsuites name="pytest tests"><testsuite name="pytest" errors="0" failures="1" skipped="0" tests="12" time="1.673" timestamp="2026-01-25T14:30:01.740743+00:00" hostname="agent-env-4dc13a68-9109-4826-aa99-39c1cbb663a4"><testcase classname="backend.tests.test_staff_portal.TestStaffLogin" name="test_staff_login_success" time="0.295" /><testcase classname="backend.tests.test_staff_portal.TestStaffLogin" name="test_staff_login_invalid_credentials" time="0.042" /><testcase classname="backend.tests.test_staff_portal.TestStaffLogin" name="test_staff_login_missing_fields" time="0.035"><failure message="assert 401 == 422&#10; +  where 401 = &lt;Response [401]&gt;.status_code">backend/tests/test_staff_portal.py:49: in test_staff_login_missing_fields
    assert response.status_code == 422  # Validation error
    ^^^^^^^^^^^^^^^^^^^^^^^^^^^^^^^^^^
E   assert 401 == 422
E    +  where 401 = &lt;Response [401]&gt;.status_code</failure></testcase><testcase classname="backend.tests.test_staff_portal.TestPaymentAPIs" name="test_get_fee_codes" time="0.038" /><testcase classname="backend.tests.test_staff_portal.TestPaymentAPIs" name="test_get_transactions_by_phone" time="0.045" /><testcase classname="backend.tests.test_staff_portal.TestPaymentAPIs" name="test_get_receipt_pdf" time="0.089" /><testcase classname="backend.tests.test_staff_portal.TestPatientAPIs" name="test_get_patient_by_phone" time="0.076" /><testcase classname="backend.tests.test_staff_portal.TestStaffAppointmentAPIs" name="test_get_booked_slots" time="0.296" /><testcase classname="backend.tests.test_staff_portal.TestStaffAppointmentAPIs" name="test_get_clinic_appointments" time="0.292" /><testcase classname="backend.tests.test_staff_portal.TestStaffAppointmentAPIs" name="test_get_diagnostic_tests" time="0.307" /><testcase classname="backend.tests.test_staff_portal.TestHealthEndpoints" name="test_api_root" time="0.038" /><testcase classname="backend.tests.test_staff_portal.TestHealthEndpoints" name="test_frontend_loads" time="0.040" /></testsuite></testsuites>