<?xml version="1.0" encoding="utf-8"?><testsuites name="pytest tests"><testsuite name="pytest" errors="0" failures="1" skipped="0" tests="18" time="4.151" timestamp="2026-03-01T22:28:49.300134+00:00" hostname="agent-env-9d231029-5055-4762-84df-8342e0aee191"><testcase classname="tests.test_membership_staff_iteration171.TestStaffLogins" name="test_staff_diagyn_login" time="0.439" /><testcase classname="tests.test_membership_staff_iteration171.TestStaffLogins" name="test_staff_orange_login" time="0.336" /><testcase classname="tests.test_membership_staff_iteration171.TestStaffLogins" name="test_staff_mango_login" time="0.332" /><testcase classname="tests.test_membership_staff_iteration171.TestStaffLogins" name="test_admin_login" time="0.349" /><testcase classname="tests.test_membership_staff_iteration171.TestStaffLogins" name="test_dr_neha_login" time="0.339" /><testcase classname="tests.test_membership_staff_iteration171.TestStaffLogins" name="test_dr_vikas_login" time="0.332" /><testcase classname="tests.test_membership_staff_iteration171.TestMembershipAPI" name="test_get_membership_plans" time="0.125" /><testcase classname="tests.test_membership_staff_iteration171.TestMembershipAPI" name="test_get_subscription_plans" time="0.110" /><testcase classname="tests.test_membership_staff_iteration171.TestCouponValidation" name="test_invalid_coupon" time="0.119" /><testcase classname="tests.test_membership_staff_iteration171.TestMembershipPurchase" name="test_membership_purchase_invalid_coupon" time="0.185" /><testcase classname="tests.test_membership_staff_iteration171.TestMembershipPurchase" name="test_membership_purchase_no_coupon" time="0.587" /><testcase classname="tests.test_membership_staff_iteration171.TestServicePageAPI" name="test_diagyn_page_available" time="0.138" /><testcase classname="tests.test_membership_staff_iteration171.TestServicePageAPI" name="test_pharmacy_page_available" time="0.107" /><testcase classname="tests.test_membership_staff_iteration171.TestServicePageAPI" name="test_mango_page_available" time="0.108" /><testcase classname="tests.test_membership_staff_iteration171.TestDoctorAPI" name="test_get_next_available_slot" time="0.116" /><testcase classname="tests.test_membership_staff_iteration171.TestHealthEndpoints" name="test_api_health" time="0.115"><failure message="assert 404 == 200&#10; +  where 404 = &lt;Response [404]&gt;.status_code">tests/test_membership_staff_iteration171.py:223: in test_api_health
    assert response.status_code == 200
E   assert 404 == 200
E    +  where 404 = &lt;Response [404]&gt;.status_code</failure></testcase><testcase classname="tests.test_membership_staff_iteration171.TestHealthEndpoints" name="test_live_queue_diagyn" time="0.123" /><testcase classname="tests.test_membership_staff_iteration171.TestHealthEndpoints" name="test_live_queue_mango" time="0.106" /></testsuite></testsuites>