<?xml version="1.0" encoding="utf-8"?><testsuites name="pytest tests"><testsuite name="pytest" errors="0" failures="0" skipped="0" tests="11" time="3.538" timestamp="2026-03-29T04:50:37.281975+00:00" hostname="agent-env-d8f1559b-5053-43a1-a9bc-31404c15471a"><testcase classname="tests.test_cart_stripe_313.TestStripePharmacyCheckout" name="test_stripe_pharmacy_checkout_success" time="0.713" /><testcase classname="tests.test_cart_stripe_313.TestStripePharmacyCheckout" name="test_stripe_pharmacy_checkout_empty_cart" time="0.116" /><testcase classname="tests.test_cart_stripe_313.TestStripePharmacyCheckout" name="test_stripe_pharmacy_checkout_zero_price_items" time="0.101" /><testcase classname="tests.test_cart_stripe_313.TestStripePharmacyCheckout" name="test_stripe_pharmacy_checkout_multiple_items" time="0.529" /><testcase classname="tests.test_cart_stripe_313.TestStripePharmacyCheckout" name="test_stripe_pharmacy_checkout_uses_price_over_mrp" time="0.471" /><testcase classname="tests.test_cart_stripe_313.TestStripePaymentStatus" name="test_stripe_status_invalid_session" time="0.284" /><testcase classname="tests.test_cart_stripe_313.TestHealthEndpoint" name="test_health_endpoint" time="0.120" /><testcase classname="tests.test_cart_stripe_313.TestPharmacyBrowse" name="test_pharmacy_v3_browse" time="0.578" /><testcase classname="tests.test_cart_stripe_313.TestPharmacyBrowse" name="test_pharmacy_search" time="0.587" /><testcase classname="tests.test_cart_stripe_313.TestCouponValidation" name="test_coupon_orange15_exists" time="0.000" /><testcase classname="tests.test_cart_stripe_313.TestCouponValidation" name="test_coupon_mango10_exists" time="0.000" /></testsuite></testsuites>