<?xml version="1.0" encoding="utf-8"?><testsuites name="pytest tests"><testsuite name="pytest" errors="0" failures="0" skipped="0" tests="13" time="4.310" timestamp="2026-03-24T21:36:19.774714+00:00" hostname="agent-env-a4be785d-1fa0-42d6-8022-c49a4039ef05"><testcase classname="tests.test_feature_mapping_266.TestHyperlocalServices" name="test_get_all_services_returns_14" time="0.241" /><testcase classname="tests.test_feature_mapping_266.TestHyperlocalServices" name="test_shalom_hospital_exists" time="0.215" /><testcase classname="tests.test_feature_mapping_266.TestHyperlocalServices" name="test_shalom_hospital_has_google_maps_link" time="0.113" /><testcase classname="tests.test_feature_mapping_266.TestHyperlocalServices" name="test_services_have_call_and_map_data" time="0.141" /><testcase classname="tests.test_feature_mapping_266.TestHyperlocalServices" name="test_hyperlocal_stats_endpoint" time="0.105" /><testcase classname="tests.test_feature_mapping_266.TestABHAEndpoints" name="test_abha_create_init_endpoint_exists" time="0.180" /><testcase classname="tests.test_feature_mapping_266.TestABHAEndpoints" name="test_abha_link_endpoint_exists" time="0.135" /><testcase classname="tests.test_feature_mapping_266.TestABHAEndpoints" name="test_abha_profile_endpoint_exists" time="0.107" /><testcase classname="tests.test_feature_mapping_266.TestHealthAssistantAPI" name="test_health_assistant_chat_endpoint" time="2.591" /><testcase classname="tests.test_feature_mapping_266.TestHealthStreaksAPI" name="test_health_streaks_endpoint" time="0.104" /><testcase classname="tests.test_feature_mapping_266.TestWearablesAPI" name="test_wearables_connect_endpoint" time="0.103" /><testcase classname="tests.test_feature_mapping_266.TestCuraPlusRedirect" name="test_cura_plus_route_redirects" time="0.109" /><testcase classname="tests.test_feature_mapping_266.TestVideoConsultAPI" name="test_video_consult_room_creation" time="0.100" /></testsuite></testsuites>