<?xml version="1.0" encoding="utf-8"?><testsuites name="pytest tests"><testsuite name="pytest" errors="0" failures="0" skipped="0" tests="16" time="6.883" timestamp="2026-03-28T18:04:49.400892+00:00" hostname="agent-env-d25432d6-ec1c-4882-ae06-fc117ea77a03"><testcase classname="tests.test_pharmacy_v3_browse.TestPharmacyV3Categories" name="test_categories_returns_success" time="0.689" /><testcase classname="tests.test_pharmacy_v3_browse.TestPharmacyV3Categories" name="test_categories_total_count_300k_plus" time="0.104" /><testcase classname="tests.test_pharmacy_v3_browse.TestPharmacyV3Categories" name="test_categories_structure" time="0.119" /><testcase classname="tests.test_pharmacy_v3_browse.TestPharmacyV3Browse" name="test_browse_returns_sections" time="0.656" /><testcase classname="tests.test_pharmacy_v3_browse.TestPharmacyV3Browse" name="test_browse_section_structure" time="0.190" /><testcase classname="tests.test_pharmacy_v3_browse.TestPharmacyV3Browse" name="test_browse_medicines_have_ids" time="0.206" /><testcase classname="tests.test_pharmacy_v3_browse.TestPharmacyV3Browse" name="test_browse_has_more_flag" time="0.124" /><testcase classname="tests.test_pharmacy_v3_browse.TestPharmacyV3Browse" name="test_browse_total_medicines" time="0.168" /><testcase classname="tests.test_pharmacy_v3_browse.TestPharmacyV3Search" name="test_search_para_returns_results" time="0.131" /><testcase classname="tests.test_pharmacy_v3_browse.TestPharmacyV3Search" name="test_search_amoxicillin_returns_antibiotics" time="0.114" /><testcase classname="tests.test_pharmacy_v3_browse.TestPharmacyV3Search" name="test_search_returns_search_method" time="0.234" /><testcase classname="tests.test_pharmacy_v3_browse.TestPharmacyV3Search" name="test_search_pagination" time="1.574" /><testcase classname="tests.test_pharmacy_v3_browse.TestPharmacyV3Search" name="test_search_empty_query" time="0.116" /><testcase classname="tests.test_pharmacy_v3_browse.TestPharmacyV3Category" name="test_category_antibiotics_paginated" time="0.467" /><testcase classname="tests.test_pharmacy_v3_browse.TestPharmacyV3Category" name="test_category_medicines_structure" time="0.957" /><testcase classname="tests.test_pharmacy_v3_browse.TestPharmacyV3Category" name="test_category_pagination_page2" time="0.983" /></testsuite></testsuites>