<?xml version="1.0" encoding="utf-8"?><testsuites name="pytest tests"><testsuite name="pytest" errors="0" failures="3" skipped="0" tests="12" time="2.637" timestamp="2026-03-28T21:29:39.572352+00:00" hostname="agent-env-c48aa087-ebf6-46bf-98fb-d65d0939cd47"><testcase classname="tests.test_emergency_card_312.TestEmergencyCardEnhanced" name="test_get_emergency_card_returns_card_id" time="0.282" /><testcase classname="tests.test_emergency_card_312.TestEmergencyCardEnhanced" name="test_emergency_card_has_comprehensive_fields" time="0.110"><failure message="AssertionError: Missing field: full_name&#10;assert 'full_name' in {'age': '', 'allergies': ['Penicillin', 'Sulfa'], 'blood_group': 'O+', 'card_id': 'EHC-748E35CE7E', ...}">backend/tests/test_emergency_card_312.py:44: in test_emergency_card_has_comprehensive_fields
    assert field in card, f"Missing field: {field}"
E   AssertionError: Missing field: full_name
E   assert 'full_name' in {'age': '', 'allergies': ['Penicillin', 'Sulfa'], 'blood_group': 'O+', 'card_id': 'EHC-748E35CE7E', ...}</failure></testcase><testcase classname="tests.test_emergency_card_312.TestEmergencyCardEnhanced" name="test_update_emergency_card_with_new_fields" time="0.116" /><testcase classname="tests.test_emergency_card_312.TestEmergencyCardScan" name="test_scan_critical_mode_returns_critical_data" time="0.219" /><testcase classname="tests.test_emergency_card_312.TestEmergencyCardScan" name="test_scan_full_mode_returns_all_data" time="0.237" /><testcase classname="tests.test_emergency_card_312.TestEmergencyCardScan" name="test_scan_default_mode_is_critical" time="0.243" /><testcase classname="tests.test_emergency_card_312.TestEmergencyCardScan" name="test_scan_invalid_card_id_returns_404" time="0.218" /><testcase classname="tests.test_emergency_card_312.TestMedicineInteractions" name="test_warfarin_aspirin_interaction" time="0.107"><failure message="AssertionError: Should detect warfarin+aspirin interaction&#10;assert 0 &gt; 0&#10; +  where 0 = len([])">backend/tests/test_emergency_card_312.py:149: in test_warfarin_aspirin_interaction
    assert len(interactions) &gt; 0, "Should detect warfarin+aspirin interaction"
E   AssertionError: Should detect warfarin+aspirin interaction
E   assert 0 &gt; 0
E    +  where 0 = len([])</failure></testcase><testcase classname="tests.test_emergency_card_312.TestExpressRx" name="test_get_active_express_rx_flows" time="0.140"><failure message="AssertionError: assert 'flows' in {'active_flows': [{'created_at': '2026-03-28T21:11:19.031610+00:00', 'doctor_id': 'vikas', 'estimated_delivery_minutes': 45, 'flow_id': 'ERX-69c843f712b174e962eaee65', ...}, {'created_at': '2026-03-28T21:10:32.217186+00:00', 'doctor_id': 'vikas', 'estimated_delivery_minutes': 45, 'flow_id': 'ERX-69c843c812b174e962eaee63', ...}, {'created_at': '2026-03-28T21:10:31.830397+00:00', 'doctor_id': 'vikas', 'estimated_delivery_minutes': 45, 'flow_id': 'ERX-69c843c712b174e962eaee61', ...}], 'count': 3, 'success': True}">backend/tests/test_emergency_card_312.py:166: in test_get_active_express_rx_flows
    assert "flows" in data
E   AssertionError: assert 'flows' in {'active_flows': [{'created_at': '2026-03-28T21:11:19.031610+00:00', 'doctor_id': 'vikas', 'estimated_delivery_minutes': 45, 'flow_id': 'ERX-69c843f712b174e962eaee65', ...}, {'created_at': '2026-03-28T21:10:32.217186+00:00', 'doctor_id': 'vikas', 'estimated_delivery_minutes': 45, 'flow_id': 'ERX-69c843c812b174e962eaee63', ...}, {'created_at': '2026-03-28T21:10:31.830397+00:00', 'doctor_id': 'vikas', 'estimated_delivery_minutes': 45, 'flow_id': 'ERX-69c843c712b174e962eaee61', ...}], 'count': 3, 'success': True}</failure></testcase><testcase classname="tests.test_emergency_card_312.TestHealthTimeline" name="test_get_health_timeline" time="0.120" /><testcase classname="tests.test_emergency_card_312.TestPharmacyV3Browse" name="test_pharmacy_v3_browse_returns_data" time="0.595" /><testcase classname="tests.test_emergency_card_312.TestHealthEndpoint" name="test_health_endpoint" time="0.109" /></testsuite></testsuites>