<?xml version="1.0" encoding="utf-8"?><testsuites name="pytest tests"><testsuite name="pytest" errors="0" failures="0" skipped="0" tests="12" time="2.621" timestamp="2026-02-24T20:35:34.813548+00:00" hostname="agent-env-ba0481b6-af9e-4e65-8f83-3989b6224157"><testcase classname="backend.tests.test_wallet_gift_cash.TestAdminGiftCash" name="test_admin_login_returns_token" time="0.418" /><testcase classname="backend.tests.test_wallet_gift_cash.TestAdminGiftCash" name="test_gift_cash_endpoint_requires_auth" time="0.237" /><testcase classname="backend.tests.test_wallet_gift_cash.TestAdminGiftCash" name="test_gift_cash_to_user" time="0.619" /><testcase classname="backend.tests.test_wallet_gift_cash.TestAdminGiftCash" name="test_gift_cash_validation_negative_amount" time="0.111" /><testcase classname="backend.tests.test_wallet_gift_cash.TestAdminGiftCash" name="test_gift_cash_validation_max_limit" time="0.154" /><testcase classname="backend.tests.test_wallet_gift_cash.TestAdminGiftCash" name="test_gift_cash_history_endpoint" time="0.182" /><testcase classname="backend.tests.test_wallet_gift_cash.TestAdminGiftCash" name="test_search_user_endpoint" time="0.186" /><testcase classname="backend.tests.test_wallet_gift_cash.TestAdminGiftCash" name="test_search_user_empty_returns_recent" time="0.121" /><testcase classname="backend.tests.test_wallet_gift_cash.TestWalletUserEndpoints" name="test_wallet_balance_requires_auth" time="0.103" /><testcase classname="backend.tests.test_wallet_gift_cash.TestWalletUserEndpoints" name="test_wallet_transactions_requires_auth" time="0.134" /><testcase classname="backend.tests.test_wallet_gift_cash.TestHomePageApis" name="test_config_clinics" time="0.168" /><testcase classname="backend.tests.test_wallet_gift_cash.TestHomePageApis" name="test_config_doctors" time="0.124" /></testsuite></testsuites>