<?xml version="1.0" encoding="utf-8"?><testsuites name="pytest tests"><testsuite name="pytest" errors="0" failures="0" skipped="0" tests="18" time="1.357" timestamp="2026-01-15T23:57:41.970005+00:00" hostname="agent-env-45457c36-96d9-4b8a-98b4-48ae34288dd5"><testcase classname="tests.test_biometric_medication_iteration42.TestBiometricAttendanceReport" name="test_get_clinic_report_pushpa" time="0.073" /><testcase classname="tests.test_biometric_medication_iteration42.TestBiometricAttendanceReport" name="test_get_clinic_report_with_date" time="0.076" /><testcase classname="tests.test_biometric_medication_iteration42.TestBiometricAttendanceReport" name="test_get_monthly_report" time="0.039" /><testcase classname="tests.test_biometric_medication_iteration42.TestBiometricAttendanceFlow" name="test_register_device" time="0.074" /><testcase classname="tests.test_biometric_medication_iteration42.TestBiometricAttendanceFlow" name="test_mark_check_in" time="0.074" /><testcase classname="tests.test_biometric_medication_iteration42.TestBiometricAttendanceFlow" name="test_get_today_attendance" time="0.108" /><testcase classname="tests.test_biometric_medication_iteration42.TestBiometricAttendanceFlow" name="test_get_attendance_history" time="0.039" /><testcase classname="tests.test_biometric_medication_iteration42.TestMedicationTrackerCRUD" name="test_add_medication" time="0.037" /><testcase classname="tests.test_biometric_medication_iteration42.TestMedicationTrackerCRUD" name="test_get_medications" time="0.109" /><testcase classname="tests.test_biometric_medication_iteration42.TestMedicationTrackerCRUD" name="test_update_medication" time="0.068" /><testcase classname="tests.test_biometric_medication_iteration42.TestMedicationTrackerCRUD" name="test_delete_medication" time="0.073" /><testcase classname="tests.test_biometric_medication_iteration42.TestMedicationTrackerSchedule" name="test_get_today_schedule" time="0.065" /><testcase classname="tests.test_biometric_medication_iteration42.TestMedicationTrackerSchedule" name="test_log_medication_taken" time="0.072" /><testcase classname="tests.test_biometric_medication_iteration42.TestMedicationTrackerSchedule" name="test_log_medication_skipped" time="0.065" /><testcase classname="tests.test_biometric_medication_iteration42.TestMedicationTrackerStatistics" name="test_get_history" time="0.102" /><testcase classname="tests.test_biometric_medication_iteration42.TestMedicationTrackerStatistics" name="test_get_statistics" time="0.068" /><testcase classname="tests.test_biometric_medication_iteration42.TestMedicationTrackerStatistics" name="test_get_refill_alerts" time="0.067" /><testcase classname="tests.test_biometric_medication_iteration42.TestMedicationTrackerQuickActions" name="test_quick_log_taken" time="0.064" /></testsuite></testsuites>