<?xml version="1.0" encoding="utf-8"?><testsuites name="pytest tests"><testsuite name="pytest" errors="0" failures="1" skipped="2" tests="16" time="4.301" timestamp="2026-03-10T21:24:27.445774+00:00" hostname="agent-env-da2adf57-e569-42c3-a5d5-c1e5b321ec84"><testcase classname="backend.tests.test_healthcare_e2e_217.TestWhatsAppOTP" name="test_send_otp_success" time="2.307" /><testcase classname="backend.tests.test_healthcare_e2e_217.TestWhatsAppOTP" name="test_verify_otp_returns_jwt_token" time="0.726"><skipped type="pytest.skip" message="OTP verification requires valid mock OTP from MSG91 fallback">/app/backend/tests/test_healthcare_e2e_217.py:80: OTP verification requires valid mock OTP from MSG91 fallback</skipped></testcase><testcase classname="backend.tests.test_healthcare_e2e_217.TestWhatsAppOTP" name="test_send_otp_invalid_phone" time="0.171" /><testcase classname="backend.tests.test_healthcare_e2e_217.TestWhatsAppOTP" name="test_verify_otp_invalid_format" time="0.158" /><testcase classname="backend.tests.test_healthcare_e2e_217.TestCalendarAPI" name="test_calendar_without_patient_phone" time="0.116" /><testcase classname="backend.tests.test_healthcare_e2e_217.TestCalendarAPI" name="test_calendar_with_patient_phone_filter" time="0.117" /><testcase classname="backend.tests.test_healthcare_e2e_217.TestCalendarAPI" name="test_calendar_patient_filter_returns_less" time="0.375" /><testcase classname="backend.tests.test_healthcare_e2e_217.TestCalendarAPI" name="test_calendar_nonexistent_phone_returns_zero" time="0.114" /><testcase classname="backend.tests.test_healthcare_e2e_217.TestStaffPortalAuth" name="test_staff_login" time="0.123"><failure message="AssertionError: Staff login should return token&#10;assert None is not None">backend/tests/test_healthcare_e2e_217.py:189: in test_staff_login
    assert staff_token is not None, "Staff login should return token"
E   AssertionError: Staff login should return token
E   assert None is not None</failure></testcase><testcase classname="backend.tests.test_healthcare_e2e_217.TestStaffPortalAuth" name="test_portal_config_accessible" time="0.000"><skipped type="pytest.skip" message="Staff token not available">/app/backend/tests/test_healthcare_e2e_217.py:195: Staff token not available</skipped></testcase><testcase classname="backend.tests.test_healthcare_e2e_217.TestTokenNumberFormat" name="test_code_review_token_format" time="0.000" /><testcase classname="backend.tests.test_healthcare_e2e_217.TestBookingConfirmationAnimation" name="test_code_review_animation_timing" time="0.000" /><testcase classname="backend.tests.test_healthcare_e2e_217.TestResendTimerDuration" name="test_unified_auth_hook_timer" time="0.000" /><testcase classname="backend.tests.test_healthcare_e2e_217.TestResendTimerDuration" name="test_intro_screen_timer" time="0.000" /><testcase classname="backend.tests.test_healthcare_e2e_217.TestBookingConfirmationColors" name="test_diagyn_bg_gradient_colors" time="0.000" /><testcase classname="backend.tests.test_healthcare_e2e_217.TestPatientInfoModalOTPSkip" name="test_already_verified_check" time="0.001" /></testsuite></testsuites>