<?xml version="1.0" encoding="utf-8"?><testsuites name="pytest tests"><testsuite name="pytest" errors="0" failures="1" skipped="0" tests="28" time="2.847" timestamp="2026-01-14T20:44:58.102193+00:00" hostname="agent-env-1b070a73-13a7-4932-be37-564afaeb7896"><testcase classname="tests.test_clinic_management_iteration32.TestClinicManagement" name="test_get_queue_pushpa_clinic" time="0.118" /><testcase classname="tests.test_clinic_management_iteration32.TestClinicManagement" name="test_get_queue_amnion_clinic" time="0.055" /><testcase classname="tests.test_clinic_management_iteration32.TestClinicManagement" name="test_queue_analytics_pushpa" time="0.047" /><testcase classname="tests.test_clinic_management_iteration32.TestClinicManagement" name="test_queue_analytics_amnion" time="0.083" /><testcase classname="tests.test_clinic_management_iteration32.TestClinicManagement" name="test_check_in_patient_invalid_appointment" time="0.042"><failure message="assert 422 == 404&#10; +  where 422 = &lt;Response [422]&gt;.status_code">tests/test_clinic_management_iteration32.py:84: in test_check_in_patient_invalid_appointment
    assert response.status_code == 404
E   assert 422 == 404
E    +  where 422 = &lt;Response [422]&gt;.status_code</failure></testcase><testcase classname="tests.test_clinic_management_iteration32.TestClinicManagement" name="test_queue_notify_invalid_appointment" time="0.037" /><testcase classname="tests.test_clinic_management_iteration32.TestClinicManagement" name="test_optimize_schedule_today_pushpa" time="0.043" /><testcase classname="tests.test_clinic_management_iteration32.TestClinicManagement" name="test_optimize_schedule_today_amnion" time="0.079" /><testcase classname="tests.test_clinic_management_iteration32.TestClinicManagement" name="test_optimize_schedule_future_date" time="0.046" /><testcase classname="tests.test_clinic_management_iteration32.TestClinicManagement" name="test_staff_analytics_all_clinics" time="0.086" /><testcase classname="tests.test_clinic_management_iteration32.TestClinicManagement" name="test_staff_analytics_pushpa_clinic" time="0.080" /><testcase classname="tests.test_clinic_management_iteration32.TestClinicManagement" name="test_staff_analytics_amnion_clinic" time="0.079" /><testcase classname="tests.test_clinic_management_iteration32.TestClinicManagement" name="test_log_staff_attendance" time="0.057" /><testcase classname="tests.test_clinic_management_iteration32.TestClinicManagement" name="test_log_staff_attendance_late" time="0.077" /><testcase classname="tests.test_clinic_management_iteration32.TestClinicManagement" name="test_get_due_followups" time="0.078" /><testcase classname="tests.test_clinic_management_iteration32.TestClinicManagement" name="test_get_due_followups_extended" time="0.043" /><testcase classname="tests.test_clinic_management_iteration32.TestClinicManagement" name="test_send_followup_reminder" time="1.114" /><testcase classname="tests.test_clinic_management_iteration32.TestClinicManagement" name="test_get_recall_campaigns" time="0.047" /><testcase classname="tests.test_clinic_management_iteration32.TestClinicManagement" name="test_finance_dashboard_day" time="0.037" /><testcase classname="tests.test_clinic_management_iteration32.TestClinicManagement" name="test_finance_dashboard_week" time="0.085" /><testcase classname="tests.test_clinic_management_iteration32.TestClinicManagement" name="test_finance_dashboard_month" time="0.045" /><testcase classname="tests.test_clinic_management_iteration32.TestClinicManagement" name="test_finance_dashboard_pushpa_clinic" time="0.041" /><testcase classname="tests.test_clinic_management_iteration32.TestClinicManagement" name="test_finance_dashboard_amnion_clinic" time="0.047" /><testcase classname="tests.test_clinic_management_iteration32.TestClinicManagement" name="test_finance_comparison" time="0.037" /><testcase classname="tests.test_clinic_management_iteration32.TestClinicManagement" name="test_finance_comparison_pushpa" time="0.080" /><testcase classname="tests.test_clinic_management_iteration32.TestClinicManagement" name="test_unauthorized_access_queue" time="0.058" /><testcase classname="tests.test_clinic_management_iteration32.TestClinicManagement" name="test_unauthorized_access_finance" time="0.061" /><testcase classname="tests.test_clinic_management_iteration32.TestAdminClinicManagementTab" name="test_admin_login" time="0.029" /></testsuite></testsuites>