<?xml version="1.0" encoding="utf-8"?><testsuites name="pytest tests"><testsuite name="pytest" errors="0" failures="0" skipped="0" tests="15" time="18.992" timestamp="2026-03-24T19:40:30.357497+00:00" hostname="agent-env-a1b564e6-3bba-4d4b-874a-4311196febd2"><testcase classname="backend.tests.test_health_assistant_curaplus_hyperlocal.TestHealthAssistantAPI" name="test_health_tips_endpoint" time="0.241" /><testcase classname="backend.tests.test_health_assistant_curaplus_hyperlocal.TestHealthAssistantAPI" name="test_chat_endpoint_basic" time="3.792" /><testcase classname="backend.tests.test_health_assistant_curaplus_hyperlocal.TestHealthAssistantAPI" name="test_chat_endpoint_with_session" time="6.836" /><testcase classname="backend.tests.test_health_assistant_curaplus_hyperlocal.TestHealthAssistantAPI" name="test_get_sessions_endpoint" time="0.120" /><testcase classname="backend.tests.test_health_assistant_curaplus_hyperlocal.TestHealthAssistantAPI" name="test_get_session_by_id" time="1.650" /><testcase classname="backend.tests.test_health_assistant_curaplus_hyperlocal.TestHealthAssistantAPI" name="test_delete_session" time="3.290" /><testcase classname="backend.tests.test_health_assistant_curaplus_hyperlocal.TestCuraPlusSubscriptions" name="test_subscription_plans_endpoint" time="0.133" /><testcase classname="backend.tests.test_health_assistant_curaplus_hyperlocal.TestCuraPlusSubscriptions" name="test_subscription_status_endpoint" time="0.116" /><testcase classname="backend.tests.test_health_assistant_curaplus_hyperlocal.TestCuraPlusSubscriptions" name="test_membership_plans_endpoint" time="0.126" /><testcase classname="backend.tests.test_health_assistant_curaplus_hyperlocal.TestHyperlocalHealthNetwork" name="test_services_endpoint_basic" time="0.108" /><testcase classname="backend.tests.test_health_assistant_curaplus_hyperlocal.TestHyperlocalHealthNetwork" name="test_services_with_location" time="0.112" /><testcase classname="backend.tests.test_health_assistant_curaplus_hyperlocal.TestHyperlocalHealthNetwork" name="test_services_filter_by_type" time="0.949" /><testcase classname="backend.tests.test_health_assistant_curaplus_hyperlocal.TestHyperlocalHealthNetwork" name="test_stats_endpoint" time="0.129" /><testcase classname="backend.tests.test_health_assistant_curaplus_hyperlocal.TestHyperlocalHealthNetwork" name="test_emergency_services_endpoint" time="0.128" /><testcase classname="backend.tests.test_health_assistant_curaplus_hyperlocal.TestHomePageRegression" name="test_home_page_loads" time="1.179" /></testsuite></testsuites>