<?xml version="1.0" encoding="utf-8"?><testsuites name="pytest tests"><testsuite name="pytest" errors="0" failures="0" skipped="0" tests="11" time="5.232" timestamp="2026-03-26T18:37:06.352174+00:00" hostname="agent-env-8f60d8f6-2a2e-488a-96d8-2008e73cda1e"><testcase classname="backend.tests.test_new_features_288.TestAIEnrichmentAPI" name="test_enrichment_status_endpoint" time="0.925" /><testcase classname="backend.tests.test_new_features_288.TestAIEnrichmentAPI" name="test_enrichment_trigger_endpoint" time="0.173" /><testcase classname="backend.tests.test_new_features_288.TestPharmacyTrendingAPI" name="test_trending_endpoint_default" time="0.158" /><testcase classname="backend.tests.test_new_features_288.TestPharmacyTrendingAPI" name="test_trending_endpoint_with_params" time="0.125" /><testcase classname="backend.tests.test_new_features_288.TestPharmacyTrendingAPI" name="test_track_view_endpoint" time="3.405" /><testcase classname="backend.tests.test_new_features_288.TestPharmacyTrendingAPI" name="test_recently_viewed_endpoint" time="0.240" /><testcase classname="backend.tests.test_new_features_288.TestPharmacyTrendingAPI" name="test_recently_viewed_empty_ids" time="0.135" /><testcase classname="backend.tests.test_new_features_288.TestEmailTemplateCodeReview" name="test_curapay_logo_url_updated" time="0.012" /><testcase classname="backend.tests.test_new_features_288.TestEmailTemplateCodeReview" name="test_curapay_banner_has_dark_background" time="0.000" /><testcase classname="backend.tests.test_new_features_288.TestEmailTemplateCodeReview" name="test_curapay_banner_has_curacoins_text" time="0.000" /><testcase classname="backend.tests.test_new_features_288.TestEmailTemplateCodeReview" name="test_curapay_logo_height_60px" time="0.000" /></testsuite></testsuites>