<?xml version="1.0" encoding="utf-8"?><testsuites name="pytest tests"><testsuite name="pytest" errors="0" failures="0" skipped="0" tests="30" time="5.248" timestamp="2026-03-24T19:57:53.457220+00:00" hostname="agent-env-a1b564e6-3bba-4d4b-874a-4311196febd2"><testcase classname="backend.tests.test_video_insurance_gamification_wearables_mental_health.TestVideoConsultations" name="test_create_video_room" time="0.434" /><testcase classname="backend.tests.test_video_insurance_gamification_wearables_mental_health.TestVideoConsultations" name="test_get_consultations_history" time="0.100" /><testcase classname="backend.tests.test_video_insurance_gamification_wearables_mental_health.TestVideoConsultations" name="test_get_active_rooms" time="0.127" /><testcase classname="backend.tests.test_video_insurance_gamification_wearables_mental_health.TestInsurancePlatform" name="test_get_insurance_providers" time="0.108" /><testcase classname="backend.tests.test_video_insurance_gamification_wearables_mental_health.TestInsurancePlatform" name="test_create_policy" time="0.111" /><testcase classname="backend.tests.test_video_insurance_gamification_wearables_mental_health.TestInsurancePlatform" name="test_get_policies_by_phone" time="0.117" /><testcase classname="backend.tests.test_video_insurance_gamification_wearables_mental_health.TestInsurancePlatform" name="test_get_insurance_summary" time="0.211" /><testcase classname="backend.tests.test_video_insurance_gamification_wearables_mental_health.TestInsurancePlatform" name="test_file_claim" time="0.263" /><testcase classname="backend.tests.test_video_insurance_gamification_wearables_mental_health.TestInsurancePlatform" name="test_get_claims_by_phone" time="0.130" /><testcase classname="backend.tests.test_video_insurance_gamification_wearables_mental_health.TestGamification" name="test_check_in_activity" time="0.301" /><testcase classname="backend.tests.test_video_insurance_gamification_wearables_mental_health.TestGamification" name="test_get_gamification_profile" time="0.133" /><testcase classname="backend.tests.test_video_insurance_gamification_wearables_mental_health.TestGamification" name="test_get_leaderboard" time="0.142" /><testcase classname="backend.tests.test_video_insurance_gamification_wearables_mental_health.TestGamification" name="test_invalid_activity_check_in" time="0.134" /><testcase classname="backend.tests.test_video_insurance_gamification_wearables_mental_health.TestWearables" name="test_sync_manual_health_data" time="0.106" /><testcase classname="backend.tests.test_video_insurance_gamification_wearables_mental_health.TestWearables" name="test_sync_multiple_data_types" time="0.552" /><testcase classname="backend.tests.test_video_insurance_gamification_wearables_mental_health.TestWearables" name="test_get_wearable_summary" time="0.125" /><testcase classname="backend.tests.test_video_insurance_gamification_wearables_mental_health.TestWearables" name="test_get_wearable_data_history" time="0.117" /><testcase classname="backend.tests.test_video_insurance_gamification_wearables_mental_health.TestWearables" name="test_check_connection_status" time="0.112" /><testcase classname="backend.tests.test_video_insurance_gamification_wearables_mental_health.TestWearables" name="test_invalid_data_type_sync" time="0.101" /><testcase classname="backend.tests.test_video_insurance_gamification_wearables_mental_health.TestMentalHealth" name="test_log_mood" time="0.119" /><testcase classname="backend.tests.test_video_insurance_gamification_wearables_mental_health.TestMentalHealth" name="test_log_mood_all_values" time="0.544" /><testcase classname="backend.tests.test_video_insurance_gamification_wearables_mental_health.TestMentalHealth" name="test_invalid_mood_value" time="0.133" /><testcase classname="backend.tests.test_video_insurance_gamification_wearables_mental_health.TestMentalHealth" name="test_create_journal_entry" time="0.111" /><testcase classname="backend.tests.test_video_insurance_gamification_wearables_mental_health.TestMentalHealth" name="test_get_journal_entries" time="0.110" /><testcase classname="backend.tests.test_video_insurance_gamification_wearables_mental_health.TestMentalHealth" name="test_get_breathing_exercises" time="0.104" /><testcase classname="backend.tests.test_video_insurance_gamification_wearables_mental_health.TestMentalHealth" name="test_get_mental_health_resources" time="0.103" /><testcase classname="backend.tests.test_video_insurance_gamification_wearables_mental_health.TestMentalHealth" name="test_get_mood_history" time="0.105" /><testcase classname="backend.tests.test_video_insurance_gamification_wearables_mental_health.TestMentalHealth" name="test_get_mental_health_summary" time="0.156" /><testcase classname="backend.tests.test_video_insurance_gamification_wearables_mental_health.TestHomePageRegression" name="test_home_page_loads" time="0.103" /><testcase classname="backend.tests.test_video_insurance_gamification_wearables_mental_health.TestHomePageRegression" name="test_health_endpoint" time="0.167" /></testsuite></testsuites>