<?xml version="1.0" encoding="utf-8"?><testsuites name="pytest tests"><testsuite name="pytest" errors="0" failures="0" skipped="0" tests="17" time="11.540" timestamp="2026-03-26T14:47:59.188283+00:00" hostname="agent-env-e02f0172-3a4a-458a-909c-80443d3e981d"><testcase classname="backend.tests.test_store_separation_281.TestStoreSeparation" name="test_pharmacy_count_orange_pharmacy" time="0.351" /><testcase classname="backend.tests.test_store_separation_281.TestStoreSeparation" name="test_pharmacy_count_orange_healthplus" time="0.171" /><testcase classname="backend.tests.test_store_separation_281.TestStoreSeparation" name="test_pharmacy_count_no_store_returns_all" time="0.323" /><testcase classname="backend.tests.test_store_separation_281.TestStoreSeparation" name="test_pharmacy_all_orange_pharmacy_returns_pharmacy_medicines" time="1.106" /><testcase classname="backend.tests.test_store_separation_281.TestStoreSeparation" name="test_pharmacy_all_orange_healthplus_returns_healthplus_products" time="0.917" /><testcase classname="backend.tests.test_store_separation_281.TestStoreSeparation" name="test_pharmacy_all_pagination_with_store_filter" time="1.895" /><testcase classname="backend.tests.test_store_separation_281.TestStoreSeparation" name="test_search_shampoo_healthplus_only" time="0.548" /><testcase classname="backend.tests.test_store_separation_281.TestStoreSeparation" name="test_search_tablet_pharmacy_only" time="0.998" /><testcase classname="backend.tests.test_store_separation_281.TestStoreSeparation" name="test_search_without_store_returns_mixed" time="0.616" /><testcase classname="backend.tests.test_store_separation_281.TestStoreSeparation" name="test_categories_healthplus_returns_30_plus" time="0.313" /><testcase classname="backend.tests.test_store_separation_281.TestStoreSeparation" name="test_categories_pharmacy_returns_categories" time="0.383" /><testcase classname="backend.tests.test_store_separation_281.TestStoreSeparation" name="test_filter_by_category_in_healthplus" time="0.853" /><testcase classname="backend.tests.test_store_separation_281.TestStoreSeparation" name="test_healthplus_products_have_required_fields" time="0.922" /><testcase classname="backend.tests.test_store_separation_281.TestStoreSeparation" name="test_pharmacy_medicines_have_required_fields" time="1.073" /><testcase classname="backend.tests.test_store_separation_281.TestStoreSeparationEdgeCases" name="test_invalid_store_returns_empty" time="0.344" /><testcase classname="backend.tests.test_store_separation_281.TestStoreSeparationEdgeCases" name="test_store_filter_case_sensitivity" time="0.125" /><testcase classname="backend.tests.test_store_separation_281.TestStoreSeparationEdgeCases" name="test_combined_search_and_store_filter" time="0.517" /></testsuite></testsuites>