<?xml version="1.0" encoding="utf-8"?><testsuites name="pytest tests"><testsuite name="pytest" errors="0" failures="1" skipped="0" tests="17" time="2.521" timestamp="2026-03-12T22:15:57.985087+00:00" hostname="agent-env-e58fbee9-f072-4ef4-96b5-0ba341925c23"><testcase classname="backend.tests.test_ui_revamp_iteration225.TestPrescriptionOCRAPI" name="test_extract_endpoint_exists" time="0.263" /><testcase classname="backend.tests.test_ui_revamp_iteration225.TestPrescriptionOCRAPI" name="test_common_medicines_endpoint" time="0.186" /><testcase classname="backend.tests.test_ui_revamp_iteration225.TestMedicineRemindersAPI" name="test_today_schedule_unauthorized" time="0.125" /><testcase classname="backend.tests.test_ui_revamp_iteration225.TestMedicineRemindersAPI" name="test_my_reminders_unauthorized" time="0.121" /><testcase classname="backend.tests.test_ui_revamp_iteration225.TestMedicineRemindersAPI" name="test_create_reminder_unauthorized" time="0.138" /><testcase classname="backend.tests.test_ui_revamp_iteration225.TestFamilyMembersAPI" name="test_family_members_endpoint_exists" time="0.125"><failure message="AssertionError: Expected 200, got 404&#10;assert 404 == 200&#10; +  where 404 = &lt;Response [404]&gt;.status_code">backend/tests/test_ui_revamp_iteration225.py:69: in test_family_members_endpoint_exists
    assert response.status_code == 200, f"Expected 200, got {response.status_code}"
E   AssertionError: Expected 200, got 404
E   assert 404 == 200
E    +  where 404 = &lt;Response [404]&gt;.status_code</failure></testcase><testcase classname="backend.tests.test_ui_revamp_iteration225.TestDoctorsAPI" name="test_get_all_doctors" time="0.137" /><testcase classname="backend.tests.test_ui_revamp_iteration225.TestPortalsNavigation" name="test_portals_page_exists" time="0.124" /><testcase classname="backend.tests.test_ui_revamp_iteration225.TestPortalsNavigation" name="test_mycura_page_exists" time="0.124" /><testcase classname="backend.tests.test_ui_revamp_iteration225.TestPortalsNavigation" name="test_prescription_scanner_page_exists" time="0.105" /><testcase classname="backend.tests.test_ui_revamp_iteration225.TestPortalsNavigation" name="test_medicine_reminders_page_exists" time="0.116" /><testcase classname="backend.tests.test_ui_revamp_iteration225.TestPortalsNavigation" name="test_family_health_page_exists" time="0.115" /><testcase classname="backend.tests.test_ui_revamp_iteration225.TestPortalsNavigation" name="test_diagyn_page_exists" time="0.111" /><testcase classname="backend.tests.test_ui_revamp_iteration225.TestPortalsNavigation" name="test_doctor_search_page_exists" time="0.138" /><testcase classname="backend.tests.test_ui_revamp_iteration225.TestPortalsNavigation" name="test_symptom_checker_page_exists" time="0.172" /><testcase classname="backend.tests.test_ui_revamp_iteration225.TestPortalsNavigation" name="test_profile_redirects_or_loads" time="0.228" /><testcase classname="backend.tests.test_ui_revamp_iteration225.TestHealthEndpoints" name="test_api_health" time="0.114" /></testsuite></testsuites>