<?xml version="1.0" encoding="utf-8"?><testsuites name="pytest tests"><testsuite name="pytest" errors="0" failures="1" skipped="0" tests="24" time="1.221" timestamp="2026-01-28T01:13:15.964731+00:00" hostname="agent-env-df1a4e2e-1c76-4be7-a786-077b90920747"><testcase classname="backend.tests.test_enhancements_v2_v3.TestCommunityForumPosts" name="test_get_community_posts_success" time="0.061" /><testcase classname="backend.tests.test_enhancements_v2_v3.TestCommunityForumPosts" name="test_get_community_posts_with_category_filter" time="0.038" /><testcase classname="backend.tests.test_enhancements_v2_v3.TestCommunityForumPosts" name="test_get_community_posts_pagination" time="0.042" /><testcase classname="backend.tests.test_enhancements_v2_v3.TestDigitalSignageContent" name="test_get_signage_content_success" time="0.036" /><testcase classname="backend.tests.test_enhancements_v2_v3.TestDigitalSignageContent" name="test_get_signage_content_with_location" time="0.036" /><testcase classname="backend.tests.test_enhancements_v2_v3.TestRevenueForecasting" name="test_get_revenue_forecast_success" time="0.036" /><testcase classname="backend.tests.test_enhancements_v2_v3.TestRevenueForecasting" name="test_revenue_forecast_requires_auth" time="0.037" /><testcase classname="backend.tests.test_enhancements_v2_v3.TestShiftSchedule" name="test_get_shift_schedule_success" time="0.042" /><testcase classname="backend.tests.test_enhancements_v2_v3.TestShiftSchedule" name="test_shift_schedule_requires_auth" time="0.037" /><testcase classname="backend.tests.test_enhancements_v2_v3.TestRoomAvailability" name="test_get_room_availability_success" time="0.041" /><testcase classname="backend.tests.test_enhancements_v2_v3.TestRoomAvailability" name="test_room_availability_with_date" time="0.034" /><testcase classname="backend.tests.test_enhancements_v2_v3.TestInventoryAlerts" name="test_get_inventory_alerts_success" time="0.040" /><testcase classname="backend.tests.test_enhancements_v2_v3.TestInventoryAlerts" name="test_inventory_alerts_requires_auth" time="0.035" /><testcase classname="backend.tests.test_enhancements_v2_v3.TestWearableInsights" name="test_get_wearable_insights_success" time="0.033" /><testcase classname="backend.tests.test_enhancements_v2_v3.TestWearableInsights" name="test_wearable_insights_requires_auth" time="0.033" /><testcase classname="backend.tests.test_enhancements_v2_v3.TestHealthCoachAdvice" name="test_get_health_coach_advice_success" time="0.038" /><testcase classname="backend.tests.test_enhancements_v2_v3.TestHealthCoachAdvice" name="test_health_coach_advice_requires_auth" time="0.042" /><testcase classname="backend.tests.test_enhancements_v2_v3.TestAuditTrail" name="test_get_audit_trail_success" time="0.044"><failure message="AssertionError: Log should have 'id'&#10;assert 'id' in {'action': 'appointment_booked', 'appointment_id': 'ad611eda-7494-44e4-9911-52285daad5d6', 'patient_name': 'Vikas ', 'staff_id': '098a067b-20df-47e0-a392-147b5cc9b4f4', ...}">backend/tests/test_enhancements_v2_v3.py:368: in test_get_audit_trail_success
    assert "id" in log, "Log should have 'id'"
E   AssertionError: Log should have 'id'
E   assert 'id' in {'action': 'appointment_booked', 'appointment_id': 'ad611eda-7494-44e4-9911-52285daad5d6', 'patient_name': 'Vikas ', 'staff_id': '098a067b-20df-47e0-a392-147b5cc9b4f4', ...}</failure></testcase><testcase classname="backend.tests.test_enhancements_v2_v3.TestAuditTrail" name="test_audit_trail_requires_auth" time="0.038" /><testcase classname="backend.tests.test_enhancements_v2_v3.TestAuditTrail" name="test_audit_trail_with_filters" time="0.038" /><testcase classname="backend.tests.test_enhancements_v2_v3.TestBillingReconciliation" name="test_get_billing_reconciliation_success" time="0.037" /><testcase classname="backend.tests.test_enhancements_v2_v3.TestBillingReconciliation" name="test_billing_reconciliation_requires_auth" time="0.038" /><testcase classname="backend.tests.test_enhancements_v2_v3.TestAdditionalEnhancementEndpoints" name="test_predictive_alerts" time="0.035" /><testcase classname="backend.tests.test_enhancements_v2_v3.TestAdditionalEnhancementEndpoints" name="test_health_outcomes" time="0.036" /></testsuite></testsuites>