<?xml version="1.0" encoding="utf-8"?><testsuites name="pytest tests"><testsuite name="pytest" errors="0" failures="0" skipped="0" tests="9" time="8.598" timestamp="2026-03-28T00:36:24.331777+00:00" hostname="agent-env-dd9a17fb-5ee9-4cf4-9830-4945774cc46f"><testcase classname="backend.tests.test_doctor_approval_302.TestHealthCheck" name="test_api_health" time="0.296" /><testcase classname="backend.tests.test_doctor_approval_302.TestDoctorAuth" name="test_doctor_login_success" time="0.344" /><testcase classname="backend.tests.test_doctor_approval_302.TestDoctorAuth" name="test_doctor_login_invalid_credentials" time="0.131" /><testcase classname="backend.tests.test_doctor_approval_302.TestClinicalIntelligence" name="test_clinical_drug_check_success" time="6.133" /><testcase classname="backend.tests.test_doctor_approval_302.TestClinicalIntelligence" name="test_clinical_drug_check_empty_medicines" time="0.510" /><testcase classname="backend.tests.test_doctor_approval_302.TestPatientPrescriptions" name="test_patient_prescriptions_by_phone" time="0.111" /><testcase classname="backend.tests.test_doctor_approval_302.TestPatientPrescriptions" name="test_patient_prescriptions_invalid_phone" time="0.103" /><testcase classname="backend.tests.test_doctor_approval_302.TestPharmacyOrders" name="test_pending_pharmacy_orders" time="0.457" /><testcase classname="backend.tests.test_doctor_approval_302.TestPharmacyOrders" name="test_all_pharmacy_orders" time="0.444" /></testsuite></testsuites>