<?xml version="1.0" encoding="utf-8"?><testsuites name="pytest tests"><testsuite name="pytest" errors="0" failures="0" skipped="0" tests="12" time="1.609" timestamp="2026-04-04T14:31:37.133466+00:00" hostname="agent-env-6c47b743-5f09-40cf-8696-1b3fa6267b93"><testcase classname="tests.test_refactored_routes_372.TestHealthEndpoints" name="test_api_health" time="0.202" /><testcase classname="tests.test_refactored_routes_372.TestHealthEndpoints" name="test_root_health" time="0.133" /><testcase classname="tests.test_refactored_routes_372.TestPatientDashboard" name="test_patient_dashboard_success" time="0.102" /><testcase classname="tests.test_refactored_routes_372.TestPatientDashboard" name="test_patient_dashboard_invalid_phone" time="0.102" /><testcase classname="tests.test_refactored_routes_372.TestWellnessRoutes" name="test_health_glance_success" time="0.120" /><testcase classname="tests.test_refactored_routes_372.TestWellnessRoutes" name="test_weekly_digest_send" time="0.104" /><testcase classname="tests.test_refactored_routes_372.TestWellnessRoutes" name="test_weekly_digest_preview" time="0.115" /><testcase classname="tests.test_refactored_routes_372.TestWellnessRoutes" name="test_smart_reminders_check_notifications" time="0.106" /><testcase classname="tests.test_refactored_routes_372.TestBookingEmail" name="test_send_booking_email_diagyn" time="0.259" /><testcase classname="tests.test_refactored_routes_372.TestBookingEmail" name="test_send_booking_email_invalid_email" time="0.103" /><testcase classname="tests.test_refactored_routes_372.TestBookingEmail" name="test_send_booking_email_unknown_type" time="0.102" /><testcase classname="tests.test_refactored_routes_372.TestBookingUtils" name="test_booking_id_generation_via_appointment" time="0.115" /></testsuite></testsuites>