<?xml version="1.0" encoding="utf-8"?><testsuites name="pytest tests"><testsuite name="pytest" errors="0" failures="0" skipped="0" tests="10" time="1.192" timestamp="2026-04-04T13:26:44.452798+00:00" hostname="agent-env-b16f15a5-5aab-42a4-b448-56176782d4d2"><testcase classname="tests.test_iteration_371.TestHealthCheck" name="test_api_health" time="0.148" /><testcase classname="tests.test_iteration_371.TestPatientDashboard" name="test_patient_dashboard_with_valid_phone" time="0.105" /><testcase classname="tests.test_iteration_371.TestPatientDashboard" name="test_patient_dashboard_with_invalid_phone" time="0.108" /><testcase classname="tests.test_iteration_371.TestPatientDashboard" name="test_patient_dashboard_stats_values" time="0.099" /><testcase classname="tests.test_iteration_371.TestOrderTracking" name="test_track_order_endpoint_exists" time="0.106" /><testcase classname="tests.test_iteration_371.TestOrderTracking" name="test_track_order_response_structure" time="0.107" /><testcase classname="tests.test_iteration_371.TestMangoLabsCheckout" name="test_mango_test_catalog_endpoint" time="0.132" /><testcase classname="tests.test_iteration_371.TestMangoLabsCheckout" name="test_mango_tests_requires_auth" time="0.121" /><testcase classname="tests.test_iteration_371.TestOrangePharmacy" name="test_pharmacy_orders_endpoint" time="0.105" /><testcase classname="tests.test_iteration_371.TestOrangePharmacy" name="test_pharmacy_order_status_update_method" time="0.121" /></testsuite></testsuites>