<?xml version="1.0" encoding="utf-8"?><testsuites name="pytest tests"><testsuite name="pytest" errors="0" failures="0" skipped="0" tests="12" time="1.607" timestamp="2026-01-25T14:30:21.415941+00:00" hostname="agent-env-4dc13a68-9109-4826-aa99-39c1cbb663a4"><testcase classname="backend.tests.test_staff_portal.TestStaffLogin" name="test_staff_login_success" time="0.294" /><testcase classname="backend.tests.test_staff_portal.TestStaffLogin" name="test_staff_login_invalid_credentials" time="0.036" /><testcase classname="backend.tests.test_staff_portal.TestStaffLogin" name="test_staff_login_missing_fields" time="0.038" /><testcase classname="backend.tests.test_staff_portal.TestPaymentAPIs" name="test_get_fee_codes" time="0.034" /><testcase classname="backend.tests.test_staff_portal.TestPaymentAPIs" name="test_get_transactions_by_phone" time="0.050" /><testcase classname="backend.tests.test_staff_portal.TestPaymentAPIs" name="test_get_receipt_pdf" time="0.093" /><testcase classname="backend.tests.test_staff_portal.TestPatientAPIs" name="test_get_patient_by_phone" time="0.042" /><testcase classname="backend.tests.test_staff_portal.TestStaffAppointmentAPIs" name="test_get_booked_slots" time="0.297" /><testcase classname="backend.tests.test_staff_portal.TestStaffAppointmentAPIs" name="test_get_clinic_appointments" time="0.295" /><testcase classname="backend.tests.test_staff_portal.TestStaffAppointmentAPIs" name="test_get_diagnostic_tests" time="0.290" /><testcase classname="backend.tests.test_staff_portal.TestHealthEndpoints" name="test_api_root" time="0.035" /><testcase classname="backend.tests.test_staff_portal.TestHealthEndpoints" name="test_frontend_loads" time="0.039" /></testsuite></testsuites>