<?xml version="1.0" encoding="utf-8"?><testsuites name="pytest tests"><testsuite name="pytest" errors="0" failures="0" skipped="0" tests="11" time="4.360" timestamp="2026-01-15T09:21:14.154329+00:00" hostname="agent-env-0fda711d-7b3d-4491-a597-ed681638007d"><testcase classname="tests.test_diabetes_form_iteration35.TestDiabetesFormAPIs" name="test_send_diabetes_form_link" time="1.295" /><testcase classname="tests.test_diabetes_form_iteration35.TestDiabetesFormAPIs" name="test_get_diabetes_form_allotted" time="0.163" /><testcase classname="tests.test_diabetes_form_iteration35.TestDiabetesFormAPIs" name="test_submit_diabetes_form" time="0.504" /><testcase classname="tests.test_diabetes_form_iteration35.TestDiabetesFormAPIs" name="test_submit_already_filled_form" time="0.443" /><testcase classname="tests.test_diabetes_form_iteration35.TestDiabetesFormAPIs" name="test_get_nonexistent_form" time="0.039" /><testcase classname="tests.test_diabetes_form_iteration35.TestDiabetesFormAPIs" name="test_list_diabetes_forms" time="0.036" /><testcase classname="tests.test_diabetes_form_iteration35.TestDiabetesFormAPIs" name="test_list_diabetes_forms_by_clinic" time="0.037" /><testcase classname="tests.test_diabetes_form_iteration35.TestDiabetesFormAPIs" name="test_list_diabetes_forms_by_status" time="0.036" /><testcase classname="tests.test_diabetes_form_iteration35.TestDiabetesFormAPIs" name="test_send_form_via_sms_only" time="0.441" /><testcase classname="tests.test_diabetes_form_iteration35.TestDiabetesFormAPIs" name="test_send_form_via_email_only" time="0.987" /><testcase classname="tests.test_diabetes_form_iteration35.TestStaffLogin" name="test_staff_login_doc_vikas" time="0.301" /></testsuite></testsuites>