<?xml version="1.0" encoding="utf-8"?><testsuites name="pytest tests"><testsuite name="pytest" errors="0" failures="0" skipped="0" tests="18" time="1.087" timestamp="2026-01-06T20:30:28.382324+00:00" hostname="agent-env-2a4de32f-d7eb-40dc-a501-97fbc0aa5382"><testcase classname="tests.test_healthcare_api.TestHealthCheck" name="test_api_root" time="0.070" /><testcase classname="tests.test_healthcare_api.TestPharmacyInventory" name="test_get_inventory_all" time="0.042" /><testcase classname="tests.test_healthcare_api.TestPharmacyInventory" name="test_inventory_structure" time="0.035" /><testcase classname="tests.test_healthcare_api.TestPharmacyInventory" name="test_inventory_search" time="0.035" /><testcase classname="tests.test_healthcare_api.TestPharmacyInventory" name="test_inventory_filter_by_form" time="0.035" /><testcase classname="tests.test_healthcare_api.TestPharmacyInventory" name="test_inventory_search_and_filter" time="0.078" /><testcase classname="tests.test_healthcare_api.TestPharmacyInventory" name="test_inventory_empty_search" time="0.034" /><testcase classname="tests.test_healthcare_api.TestPharmacyForms" name="test_get_forms" time="0.073" /><testcase classname="tests.test_healthcare_api.TestPharmacyForms" name="test_forms_contains_expected" time="0.040" /><testcase classname="tests.test_healthcare_api.TestDiagnosticsEndpoint" name="test_create_diagnostic_order_guest" time="0.047" /><testcase classname="tests.test_healthcare_api.TestDiagnosticsEndpoint" name="test_diagnostics_requires_auth_for_list" time="0.034" /><testcase classname="tests.test_healthcare_api.TestPharmacyOrderEndpoint" name="test_create_pharmacy_order_guest" time="0.040" /><testcase classname="tests.test_healthcare_api.TestPharmacyOrderEndpoint" name="test_pharmacy_requires_auth_for_list" time="0.036" /><testcase classname="tests.test_healthcare_api.TestAppointmentsEndpoint" name="test_create_appointment_guest" time="0.037" /><testcase classname="tests.test_healthcare_api.TestAppointmentsEndpoint" name="test_appointments_requires_auth_for_list" time="0.034" /><testcase classname="tests.test_healthcare_api.TestAuthEndpoints" name="test_register_new_user" time="0.271" /><testcase classname="tests.test_healthcare_api.TestAuthEndpoints" name="test_login_invalid_credentials" time="0.038" /><testcase classname="tests.test_healthcare_api.TestAuthEndpoints" name="test_me_requires_auth" time="0.035" /></testsuite></testsuites>