<?xml version="1.0" encoding="utf-8"?><testsuites name="pytest tests"><testsuite name="pytest" errors="0" failures="0" skipped="0" tests="7" time="1.715" timestamp="2026-03-23T09:16:38.758046+00:00" hostname="agent-env-7817a0cc-6bcf-4933-ab85-60499d8afb8f"><testcase classname="backend.tests.test_matrix_rain_features.TestClinicOverrideAPI" name="test_get_active_overrides" time="0.150" /><testcase classname="backend.tests.test_matrix_rain_features.TestClinicOverrideAPI" name="test_override_data_structure" time="0.099" /><testcase classname="backend.tests.test_matrix_rain_features.TestHealthAPI" name="test_health_endpoint" time="0.103" /><testcase classname="backend.tests.test_matrix_rain_features.TestStaffLogin" name="test_staff_login_success" time="0.331" /><testcase classname="backend.tests.test_matrix_rain_features.TestStaffLogin" name="test_staff_login_invalid_credentials" time="0.103" /><testcase classname="backend.tests.test_matrix_rain_features.TestDiaGynStaffEndpoints" name="test_staff_config" time="0.429" /><testcase classname="backend.tests.test_matrix_rain_features.TestDiaGynStaffEndpoints" name="test_staff_appointments_by_date" time="0.443" /></testsuite></testsuites>