<?xml version="1.0" encoding="utf-8"?><testsuites name="pytest tests"><testsuite name="pytest" errors="0" failures="0" skipped="0" tests="16" time="10.710" timestamp="2026-01-09T00:28:11.136959+00:00" hostname="agent-env-819781eb-710b-45c1-abc8-6742e9019671"><testcase classname="tests.test_email_notifications.TestEmailConfiguration" name="test_api_health" time="0.078" /><testcase classname="tests.test_email_notifications.TestUserRegistrationEmail" name="test_register_sends_welcome_email" time="0.711" /><testcase classname="tests.test_email_notifications.TestUserRegistrationEmail" name="test_register_with_otp_sends_welcome_email" time="0.645" /><testcase classname="tests.test_email_notifications.TestAppointmentBookingEmail" name="test_appointment_with_patient_email_sends_confirmation" time="0.432" /><testcase classname="tests.test_email_notifications.TestAppointmentBookingEmail" name="test_appointment_without_patient_email" time="0.180" /><testcase classname="tests.test_email_notifications.TestDiagnosticOrderEmail" name="test_diagnostic_order_with_patient_email_sends_confirmation" time="0.371" /><testcase classname="tests.test_email_notifications.TestDiagnosticOrderEmail" name="test_diagnostic_order_without_patient_email" time="0.187" /><testcase classname="tests.test_email_notifications.TestPharmacyOrderEmail" name="test_pharmacy_order_with_patient_email_sends_confirmation" time="0.393" /><testcase classname="tests.test_email_notifications.TestPharmacyOrderEmail" name="test_pharmacy_order_without_patient_email" time="0.186" /><testcase classname="tests.test_email_notifications.TestPharmacyStatusUpdateEmail" name="test_pharmacy_status_update_sends_email" time="3.192" /><testcase classname="tests.test_email_notifications.TestDiagnosticStatusUpdateEmail" name="test_diagnostic_status_update_sends_email" time="3.140" /><testcase classname="tests.test_email_notifications.TestStatusUpdateWithoutPatientEmail" name="test_pharmacy_status_update_without_patient_email" time="0.453" /><testcase classname="tests.test_email_notifications.TestStatusUpdateWithoutPatientEmail" name="test_diagnostic_status_update_without_patient_email" time="0.484" /><testcase classname="tests.test_email_notifications.TestAdminEndpoints" name="test_admin_pharmacy_orders_list" time="0.087" /><testcase classname="tests.test_email_notifications.TestAdminEndpoints" name="test_admin_diagnostic_orders_list" time="0.066" /><testcase classname="tests.test_email_notifications.TestAdminEndpoints" name="test_admin_auth_required" time="0.033" /></testsuite></testsuites>