<?xml version="1.0" encoding="utf-8"?><testsuites name="pytest tests"><testsuite name="pytest" errors="0" failures="0" skipped="0" tests="14" time="7.328" timestamp="2026-03-24T14:30:27.409849+00:00" hostname="agent-env-2775c4f8-71fc-49d6-acf8-65caee3dde1b"><testcase classname="backend.tests.test_phase3_family_vault_inventory.TestOrganMap" name="test_get_organ_map_returns_12_organs" time="4.469" /><testcase classname="backend.tests.test_phase3_family_vault_inventory.TestOrganMap" name="test_organ_map_heart_has_correct_data" time="0.117" /><testcase classname="backend.tests.test_phase3_family_vault_inventory.TestFamilyVaultRecords" name="test_add_allergy_record" time="0.140" /><testcase classname="backend.tests.test_phase3_family_vault_inventory.TestFamilyVaultRecords" name="test_add_condition_record" time="0.117" /><testcase classname="backend.tests.test_phase3_family_vault_inventory.TestFamilyVaultRecords" name="test_add_medication_record" time="0.126" /><testcase classname="backend.tests.test_phase3_family_vault_inventory.TestFamilyVaultRecords" name="test_get_member_records" time="0.407" /><testcase classname="backend.tests.test_phase3_family_vault_inventory.TestFamilyVaultRecords" name="test_delete_health_record" time="0.397" /><testcase classname="backend.tests.test_phase3_family_vault_inventory.TestFamilyVaultRecords" name="test_delete_nonexistent_record_returns_404" time="0.116" /><testcase classname="backend.tests.test_phase3_family_vault_inventory.TestBulkInventoryImport" name="test_get_csv_template" time="0.132" /><testcase classname="backend.tests.test_phase3_family_vault_inventory.TestBulkInventoryImport" name="test_bulk_import_medicines_csv" time="0.116" /><testcase classname="backend.tests.test_phase3_family_vault_inventory.TestBulkInventoryImport" name="test_bulk_import_rejects_non_csv" time="0.117" /><testcase classname="backend.tests.test_phase3_family_vault_inventory.TestBulkInventoryImport" name="test_bulk_import_handles_empty_rows" time="0.121" /><testcase classname="backend.tests.test_phase3_family_vault_inventory.TestBulkInventoryImport" name="test_get_inventory_stats" time="0.161" /><testcase classname="backend.tests.test_phase3_family_vault_inventory.TestCleanup" name="test_cleanup_test_records" time="0.710" /></testsuite></testsuites>