<?xml version="1.0" encoding="utf-8"?><testsuites name="pytest tests"><testsuite name="pytest" errors="0" failures="1" skipped="0" tests="12" time="7.496" timestamp="2026-02-22T18:15:29.043847+00:00" hostname="agent-env-b41a98ac-bdaa-4db4-8536-8077d9b2b121"><testcase classname="tests.test_booking_confirmation_otp.TestWhatsAppOTPEndpoints" name="test_send_otp_endpoint_exists" time="0.945" /><testcase classname="tests.test_booking_confirmation_otp.TestWhatsAppOTPEndpoints" name="test_send_otp_validates_phone" time="0.149" /><testcase classname="tests.test_booking_confirmation_otp.TestWhatsAppOTPEndpoints" name="test_verify_otp_endpoint_exists" time="0.115" /><testcase classname="tests.test_booking_confirmation_otp.TestWhatsAppOTPEndpoints" name="test_verify_otp_requires_6_digits" time="0.105" /><testcase classname="tests.test_booking_confirmation_otp.TestWhatsAppOTPEndpoints" name="test_resend_otp_endpoint_exists" time="0.596" /><testcase classname="tests.test_booking_confirmation_otp.TestWhatsAppOTPEndpoints" name="test_otp_flow_full_cycle" time="0.573" /><testcase classname="tests.test_booking_confirmation_otp.TestPharmacyEndpoints" name="test_pharmacy_order_endpoint_exists" time="1.537" /><testcase classname="tests.test_booking_confirmation_otp.TestPharmacyEndpoints" name="test_pharmacy_cart_structure" time="2.868" /><testcase classname="tests.test_booking_confirmation_otp.TestDiagynAppointmentEndpoints" name="test_booked_slots_endpoint" time="0.132" /><testcase classname="tests.test_booking_confirmation_otp.TestDiagynAppointmentEndpoints" name="test_doctor_availability_endpoint" time="0.149"><failure message="AssertionError: Doctors endpoint failed: {&quot;detail&quot;:&quot;Not Found&quot;}&#10;assert 404 == 200&#10; +  where 404 = &lt;Response [404]&gt;.status_code">tests/test_booking_confirmation_otp.py:183: in test_doctor_availability_endpoint
    assert response.status_code == 200, f"Doctors endpoint failed: {response.text}"
E   AssertionError: Doctors endpoint failed: {"detail":"Not Found"}
E   assert 404 == 200
E    +  where 404 = &lt;Response [404]&gt;.status_code</failure></testcase><testcase classname="tests.test_booking_confirmation_otp.TestHealthEndpoints" name="test_booking_diagnostics" time="0.133" /><testcase classname="tests.test_booking_confirmation_otp.TestHealthEndpoints" name="test_msg91_status_endpoint" time="0.115" /></testsuite></testsuites>