<?xml version="1.0" encoding="utf-8"?><testsuites name="pytest tests"><testsuite name="pytest" errors="0" failures="0" skipped="0" tests="11" time="5.663" timestamp="2026-03-31T16:33:26.440055+00:00" hostname="agent-env-40c193a9-d0d1-43b2-9f6b-71607d829b8e"><testcase classname="tests.test_live_tracking_358.TestLiveTrackingAPIs" name="test_live_tracking_shipped_order" time="0.250" /><testcase classname="tests.test_live_tracking_358.TestLiveTrackingAPIs" name="test_live_tracking_confirmed_order" time="0.131" /><testcase classname="tests.test_live_tracking_358.TestLiveTrackingAPIs" name="test_live_tracking_nonexistent_order" time="0.145" /><testcase classname="tests.test_live_tracking_358.TestLiveTrackingAPIs" name="test_location_update_api" time="0.213" /><testcase classname="tests.test_live_tracking_358.TestLiveTrackingAPIs" name="test_location_update_nonexistent_order" time="0.121" /><testcase classname="tests.test_live_tracking_358.TestLiveTrackingAPIs" name="test_delivery_assign_api_requires_auth" time="0.160" /><testcase classname="tests.test_live_tracking_358.TestLiveTrackingAPIs" name="test_delivery_assign_api_with_auth" time="0.400" /><testcase classname="tests.test_live_tracking_358.TestAdminAnalyticsDashboard" name="test_analytics_overview_api" time="0.493" /><testcase classname="tests.test_live_tracking_358.TestAdminAnalyticsDashboard" name="test_analytics_popular_medicines" time="0.419" /><testcase classname="tests.test_live_tracking_358.TestHealthCheck" name="test_health_endpoint" time="0.119" /><testcase classname="tests.test_live_tracking_358.TestHealthCheck" name="test_pharmacy_browse_api" time="3.169" /></testsuite></testsuites>