<?xml version="1.0" encoding="utf-8"?><testsuites name="pytest tests"><testsuite name="pytest" errors="0" failures="0" skipped="0" tests="13" time="2.675" timestamp="2026-03-13T12:12:21.903087+00:00" hostname="agent-env-d08b2b75-9eaf-4cfb-b571-3b53e51c7075"><testcase classname="backend.tests.test_healthcare_features_229.TestHealthEndpoint" name="test_api_health" time="0.250" /><testcase classname="backend.tests.test_healthcare_features_229.TestPrescriptionScannerAPI" name="test_prescription_common_medicines" time="0.139" /><testcase classname="backend.tests.test_healthcare_features_229.TestPrescriptionScannerAPI" name="test_prescription_extract_no_file" time="0.118" /><testcase classname="backend.tests.test_healthcare_features_229.TestFamilyHealthAPI" name="test_get_family_members" time="0.140" /><testcase classname="backend.tests.test_healthcare_features_229.TestFamilyHealthAPI" name="test_add_family_member" time="0.253" /><testcase classname="backend.tests.test_healthcare_features_229.TestFamilyHealthAPI" name="test_family_member_missing_phone" time="0.100" /><testcase classname="backend.tests.test_healthcare_features_229.TestMedicineRemindersAPI" name="test_my_reminders_no_auth" time="0.111" /><testcase classname="backend.tests.test_healthcare_features_229.TestMedicineRemindersAPI" name="test_today_schedule_no_auth" time="0.118" /><testcase classname="backend.tests.test_healthcare_features_229.TestMedicineRemindersAPI" name="test_create_reminder_no_auth" time="0.114" /><testcase classname="backend.tests.test_healthcare_features_229.TestMedicineRemindersAPI" name="test_my_reminders_with_auth" time="0.475" /><testcase classname="backend.tests.test_healthcare_features_229.TestMedicineRemindersAPI" name="test_today_schedule_with_auth" time="0.468" /><testcase classname="backend.tests.test_healthcare_features_229.TestHealthPlansAPI" name="test_get_health_plans" time="0.106" /><testcase classname="backend.tests.test_healthcare_features_229.TestCleanup" name="test_cleanup_test_family_member" time="0.214" /></testsuite></testsuites>