<?xml version="1.0" encoding="utf-8"?><testsuites name="pytest tests"><testsuite name="pytest" errors="0" failures="0" skipped="0" tests="12" time="14.949" timestamp="2026-03-26T14:34:29.570685+00:00" hostname="agent-env-e02f0172-3a4a-458a-909c-80443d3e981d"><testcase classname="backend.tests.test_starred_medicines_279.TestPharmacyAllEndpoint" name="test_pharmacy_all_returns_200" time="1.556" /><testcase classname="backend.tests.test_starred_medicines_279.TestPharmacyAllEndpoint" name="test_starred_medicines_appear_first" time="1.401" /><testcase classname="backend.tests.test_starred_medicines_279.TestPharmacyAllEndpoint" name="test_medicines_have_description_fields" time="1.396" /><testcase classname="backend.tests.test_starred_medicines_279.TestPharmacyAllEndpoint" name="test_sorting_order_starred_with_image_first" time="1.388" /><testcase classname="backend.tests.test_starred_medicines_279.TestPharmacySearchEndpoint" name="test_search_returns_200" time="0.741" /><testcase classname="backend.tests.test_starred_medicines_279.TestPharmacySearchEndpoint" name="test_search_cipla_returns_starred_medicines" time="0.737" /><testcase classname="backend.tests.test_starred_medicines_279.TestPharmacySearchEndpoint" name="test_search_sun_pharma_returns_starred" time="0.668" /><testcase classname="backend.tests.test_starred_medicines_279.TestPharmacySearchEndpoint" name="test_search_prioritizes_starred_medicines" time="1.090" /><testcase classname="backend.tests.test_starred_medicines_279.TestTopCompanyMedicines" name="test_search_top_company_returns_starred" time="3.142" /><testcase classname="backend.tests.test_starred_medicines_279.TestTopCompanyMedicines" name="test_manufacturer_filter_returns_starred" time="0.843" /><testcase classname="backend.tests.test_starred_medicines_279.TestMedicineDataStructure" name="test_starred_medicine_has_required_fields" time="1.588" /><testcase classname="backend.tests.test_starred_medicines_279.TestPharmacyCount" name="test_pharmacy_count_returns_total" time="0.326" /></testsuite></testsuites>