<?xml version="1.0" encoding="utf-8"?><testsuites name="pytest tests"><testsuite name="pytest" errors="0" failures="0" skipped="0" tests="11" time="1.384" timestamp="2026-04-04T10:24:11.234352+00:00" hostname="agent-env-ac89bc44-3e85-42e4-bb32-08d7b1e3db00"><testcase classname="tests.test_p0_bug_fixes_367.TestChatbotSlotsBugFix" name="test_chatbot_slots_no_reserved_slots" time="0.146" /><testcase classname="tests.test_p0_bug_fixes_367.TestChatbotSlotsBugFix" name="test_chatbot_slots_text_no_reserved_slots" time="0.103" /><testcase classname="tests.test_p0_bug_fixes_367.TestChatbotSlotsBugFix" name="test_chatbot_slots_morning_starts_1130" time="0.109" /><testcase classname="tests.test_p0_bug_fixes_367.TestDiaGynStaffAppointmentsBugFix" name="test_book_appointment_no_billing_data" time="0.207" /><testcase classname="tests.test_p0_bug_fixes_367.TestDiaGynStaffAppointmentsBugFix" name="test_today_appointments_fresh_no_billing" time="0.099" /><testcase classname="tests.test_p0_bug_fixes_367.TestDiaGynStaffAppointmentsBugFix" name="test_billing_close_still_works" time="0.128" /><testcase classname="tests.test_p0_bug_fixes_367.TestClinicHoursDisplay" name="test_config_clinics_hours" time="0.099" /><testcase classname="tests.test_p0_bug_fixes_367.TestClinicHoursDisplay" name="test_diagyn_staff_config_hours" time="0.100" /><testcase classname="tests.test_p0_bug_fixes_367.TestChatbotDoctorsEndpoint" name="test_chatbot_doctors" time="0.142" /><testcase classname="tests.test_p0_bug_fixes_367.TestChatbotServicesEndpoint" name="test_chatbot_services" time="0.098" /><testcase classname="tests.test_p0_bug_fixes_367.TestHealthEndpoint" name="test_health" time="0.109" /></testsuite></testsuites>