<?xml version="1.0" encoding="utf-8"?><testsuites name="pytest tests"><testsuite name="pytest" errors="0" failures="0" skipped="0" tests="15" time="4.570" timestamp="2026-03-04T12:22:01.932296+00:00" hostname="agent-env-983c4f23-c097-4ff4-8be1-eb493b5e02a0"><testcase classname="backend.tests.test_upcoming_events_widget.TestUpcomingEventsPatient" name="test_patient_events_endpoint_exists" time="2.599" /><testcase classname="backend.tests.test_upcoming_events_widget.TestUpcomingEventsPatient" name="test_patient_events_returns_json_structure" time="0.167" /><testcase classname="backend.tests.test_upcoming_events_widget.TestUpcomingEventsPatient" name="test_patient_events_count_matches_events_length" time="0.126" /><testcase classname="backend.tests.test_upcoming_events_widget.TestUpcomingEventsPatient" name="test_patient_events_invalid_phone" time="0.153" /><testcase classname="backend.tests.test_upcoming_events_widget.TestUpcomingEventsDoctor" name="test_doctor_neha_events_endpoint" time="0.106" /><testcase classname="backend.tests.test_upcoming_events_widget.TestUpcomingEventsDoctor" name="test_doctor_neha_events_structure" time="0.165" /><testcase classname="backend.tests.test_upcoming_events_widget.TestUpcomingEventsDoctor" name="test_doctor_vikas_events_endpoint" time="0.104" /><testcase classname="backend.tests.test_upcoming_events_widget.TestUpcomingEventsDoctor" name="test_doctor_events_with_date_param" time="0.115" /><testcase classname="backend.tests.test_upcoming_events_widget.TestUpcomingEventsStaff" name="test_staff_all_events_endpoint" time="0.108" /><testcase classname="backend.tests.test_upcoming_events_widget.TestUpcomingEventsStaff" name="test_staff_all_events_structure" time="0.115" /><testcase classname="backend.tests.test_upcoming_events_widget.TestUpcomingEventsStaff" name="test_staff_orange_pharmacy_events" time="0.122" /><testcase classname="backend.tests.test_upcoming_events_widget.TestUpcomingEventsStaff" name="test_staff_mango_lab_events" time="0.104" /><testcase classname="backend.tests.test_upcoming_events_widget.TestUpcomingEventsStaff" name="test_staff_diagyn_appointments" time="0.159" /><testcase classname="backend.tests.test_upcoming_events_widget.TestEventDataStructure" name="test_appointment_event_structure" time="0.116" /><testcase classname="backend.tests.test_upcoming_events_widget.TestEventDataStructure" name="test_staff_all_has_multiple_event_types" time="0.151" /></testsuite></testsuites>