<?xml version="1.0" encoding="utf-8"?><testsuites name="pytest tests"><testsuite name="pytest" errors="0" failures="1" skipped="0" tests="17" time="3.145" timestamp="2026-03-11T04:36:18.678359+00:00" hostname="agent-env-da2adf57-e569-42c3-a5d5-c1e5b321ec84"><testcase classname="backend.tests.test_session_218_features.TestHealthTimelineAPI" name="test_health_timeline_with_valid_phone" time="0.311" /><testcase classname="backend.tests.test_session_218_features.TestHealthTimelineAPI" name="test_health_timeline_invalid_phone" time="0.160" /><testcase classname="backend.tests.test_session_218_features.TestHealthTimelineAPI" name="test_health_timeline_empty_phone" time="0.181" /><testcase classname="backend.tests.test_session_218_features.TestHealthTimelineAPI" name="test_health_timeline_nonexistent_phone" time="0.142" /><testcase classname="backend.tests.test_session_218_features.TestAutoProfileAPI" name="test_auto_profile_create_new" time="0.125" /><testcase classname="backend.tests.test_session_218_features.TestAutoProfileAPI" name="test_auto_profile_update_existing" time="0.155" /><testcase classname="backend.tests.test_session_218_features.TestAutoProfileAPI" name="test_auto_profile_invalid_phone" time="0.119" /><testcase classname="backend.tests.test_session_218_features.TestAutoProfileAPI" name="test_auto_profile_empty_phone" time="0.101" /><testcase classname="backend.tests.test_session_218_features.TestLiveQueueAPI" name="test_live_queue_diagyn" time="0.158"><failure message="AssertionError: assert ('waiting' in {'clinic': 'diagyn', 'current_time_ist': '10:06', 'currently_serving': [], 'date': '2026-03-11', ...} or 'queue' in {'clinic': 'diagyn', 'current_time_ist': '10:06', 'currently_serving': [], 'date': '2026-03-11', ...} or 'status' in {'clinic': 'diagyn', 'current_time_ist': '10:06', 'currently_serving': [], 'date': '2026-03-11', ...})">backend/tests/test_session_218_features.py:119: in test_live_queue_diagyn
    assert "waiting" in data or "queue" in data or "status" in data
E   AssertionError: assert ('waiting' in {'clinic': 'diagyn', 'current_time_ist': '10:06', 'currently_serving': [], 'date': '2026-03-11', ...} or 'queue' in {'clinic': 'diagyn', 'current_time_ist': '10:06', 'currently_serving': [], 'date': '2026-03-11', ...} or 'status' in {'clinic': 'diagyn', 'current_time_ist': '10:06', 'currently_serving': [], 'date': '2026-03-11', ...})</failure></testcase><testcase classname="backend.tests.test_session_218_features.TestLiveQueueAPI" name="test_live_queue_mango" time="0.106" /><testcase classname="backend.tests.test_session_218_features.TestLiveQueueAPI" name="test_live_queue_pushpa" time="0.139" /><testcase classname="backend.tests.test_session_218_features.TestCalendarAPIWithPatientFilter" name="test_calendar_without_filter" time="0.111" /><testcase classname="backend.tests.test_session_218_features.TestCalendarAPIWithPatientFilter" name="test_calendar_with_patient_phone_filter" time="0.113" /><testcase classname="backend.tests.test_session_218_features.TestCalendarAPIWithPatientFilter" name="test_calendar_filter_comparison" time="0.256" /><testcase classname="backend.tests.test_session_218_features.TestStaffLogin" name="test_staff_diagyn_login" time="0.360" /><testcase classname="backend.tests.test_session_218_features.TestStaffLogin" name="test_doctor_login" time="0.383" /><testcase classname="backend.tests.test_session_218_features.TestHealthAPI" name="test_health_endpoint" time="0.122" /></testsuite></testsuites>