<?xml version="1.0" encoding="utf-8"?><testsuites name="pytest tests"><testsuite name="pytest" errors="0" failures="0" skipped="0" tests="22" time="1.003" timestamp="2026-03-25T11:58:06.721714+00:00" hostname="agent-env-c6a29b11-f4d0-42dd-8765-8d9f019c8ad5"><testcase classname="tests.test_qr_removal_splash_whatsapp_269.TestQRCodeRemoval" name="test_no_qrcode_import_in_server" time="0.001" /><testcase classname="tests.test_qr_removal_splash_whatsapp_269.TestQRCodeRemoval" name="test_no_generate_booking_qr_code_function" time="0.001" /><testcase classname="tests.test_qr_removal_splash_whatsapp_269.TestQRCodeRemoval" name="test_no_generate_generic_qr_code_function" time="0.001" /><testcase classname="tests.test_qr_removal_splash_whatsapp_269.TestQRCodeRemoval" name="test_no_qr_in_appointment_routes" time="0.001" /><testcase classname="tests.test_qr_removal_splash_whatsapp_269.TestQRCodeRemoval" name="test_no_qr_in_coupons_routes" time="0.000" /><testcase classname="tests.test_qr_removal_splash_whatsapp_269.TestQRCodeRemoval" name="test_no_qr_in_queue_status_routes" time="0.000" /><testcase classname="tests.test_qr_removal_splash_whatsapp_269.TestQRCodeRemoval" name="test_generate_booking_email_template_returns_none_for_qr" time="0.000" /><testcase classname="tests.test_qr_removal_splash_whatsapp_269.TestWhatsAppNotificationConfig" name="test_doctor_whatsapp_numbers_config" time="0.000" /><testcase classname="tests.test_qr_removal_splash_whatsapp_269.TestWhatsAppNotificationConfig" name="test_staff_notification_numbers_config" time="0.000" /><testcase classname="tests.test_qr_removal_splash_whatsapp_269.TestWhatsAppNotificationConfig" name="test_notify_doctor_whatsapp_function_exists" time="0.000" /><testcase classname="tests.test_qr_removal_splash_whatsapp_269.TestWhatsAppNotificationConfig" name="test_notify_doctor_whatsapp_called_in_appointment_routes" time="0.000" /><testcase classname="tests.test_qr_removal_splash_whatsapp_269.TestWhatsAppNotificationConfig" name="test_send_diagyn_appointment_confirmation_called" time="0.000" /><testcase classname="tests.test_qr_removal_splash_whatsapp_269.TestWhatsAppNotificationConfig" name="test_notify_staff_new_appointment_called" time="0.000" /><testcase classname="tests.test_qr_removal_splash_whatsapp_269.TestWhatsAppNotificationConfig" name="test_doctor_matching_with_partial_match" time="0.000" /><testcase classname="tests.test_qr_removal_splash_whatsapp_269.TestSplashScreenFix" name="test_splash_played_sessionStorage_check" time="0.000" /><testcase classname="tests.test_qr_removal_splash_whatsapp_269.TestSplashScreenFix" name="test_splash_played_sessionStorage_set" time="0.000" /><testcase classname="tests.test_qr_removal_splash_whatsapp_269.TestSplashScreenFix" name="test_splash_skips_to_main_when_played" time="0.000" /><testcase classname="tests.test_qr_removal_splash_whatsapp_269.TestBackendAPIHealth" name="test_health_endpoint" time="0.610" /><testcase classname="tests.test_qr_removal_splash_whatsapp_269.TestBackendAPIHealth" name="test_doctors_endpoint" time="0.109" /><testcase classname="tests.test_qr_removal_splash_whatsapp_269.TestBackendAPIHealth" name="test_booked_slots_endpoint" time="0.129" /><testcase classname="tests.test_qr_removal_splash_whatsapp_269.TestEmailTemplatesNoQR" name="test_email_templates_no_qr_attachment" time="0.000" /><testcase classname="tests.test_qr_removal_splash_whatsapp_269.TestEmailTemplatesNoQR" name="test_server_email_no_qr_attachment" time="0.000" /></testsuite></testsuites>