<?xml version="1.0" encoding="utf-8"?><testsuites name="pytest tests"><testsuite name="pytest" errors="0" failures="0" skipped="0" tests="14" time="1.398" timestamp="2026-01-19T05:25:12.003567+00:00" hostname="agent-env-c1b3741f-5198-4cb3-8ff7-5e0fa99310a5"><testcase classname="tests.test_nevika_cura_regression.TestHealthCheck" name="test_api_health" time="0.158" /><testcase classname="tests.test_nevika_cura_regression.TestStaffLogin" name="test_staff_login_success" time="0.257" /><testcase classname="tests.test_nevika_cura_regression.TestStaffLogin" name="test_staff_login_invalid_credentials" time="0.078" /><testcase classname="tests.test_nevika_cura_regression.TestDoctorLogin" name="test_doctor_login_success" time="0.254" /><testcase classname="tests.test_nevika_cura_regression.TestAppointmentsAPI" name="test_get_booked_slots" time="0.032" /><testcase classname="tests.test_nevika_cura_regression.TestAppointmentsAPI" name="test_get_blocked_slots" time="0.032" /><testcase classname="tests.test_nevika_cura_regression.TestPharmacyAPI" name="test_get_inventory" time="0.030" /><testcase classname="tests.test_nevika_cura_regression.TestPharmacyAPI" name="test_search_medicines" time="0.035" /><testcase classname="tests.test_nevika_cura_regression.TestPharmacyAPI" name="test_get_pharmacy_forms" time="0.033" /><testcase classname="tests.test_nevika_cura_regression.TestDiagnosticsAPI" name="test_diagnostics_order_endpoint" time="0.033" /><testcase classname="tests.test_nevika_cura_regression.TestLiveQueueAPI" name="test_get_queue_status_diagyn" time="0.035" /><testcase classname="tests.test_nevika_cura_regression.TestLiveQueueAPI" name="test_get_queue_status_proton" time="0.032" /><testcase classname="tests.test_nevika_cura_regression.TestSlotBlocking" name="test_block_slots_requires_auth" time="0.033" /><testcase classname="tests.test_nevika_cura_regression.TestSlotBlocking" name="test_block_slots_with_auth" time="0.292" /></testsuite></testsuites>