<?xml version="1.0" encoding="utf-8"?><testsuites name="pytest tests"><testsuite name="pytest" errors="0" failures="1" skipped="0" tests="11" time="3.470" timestamp="2026-02-27T07:22:14.039253+00:00" hostname="agent-env-266f4078-a096-4279-adfc-65ecf0cdd79b"><testcase classname="backend.tests.test_full_regression_159.TestAPIHealth" name="test_doctors_endpoint" time="1.652" /><testcase classname="backend.tests.test_full_regression_159.TestAPIHealth" name="test_packages_endpoint_exists" time="0.112" /><testcase classname="backend.tests.test_full_regression_159.TestCashfreePayment" name="test_verify_nonexistent_order" time="0.104" /><testcase classname="backend.tests.test_full_regression_159.TestStaffPortalAuth" name="test_diagyn_staff_login" time="0.335" /><testcase classname="backend.tests.test_full_regression_159.TestStaffPortalAuth" name="test_mango_staff_login" time="0.340" /><testcase classname="backend.tests.test_full_regression_159.TestStaffPortalAuth" name="test_orange_staff_login" time="0.323" /><testcase classname="backend.tests.test_full_regression_159.TestStaffPortalAuth" name="test_invalid_staff_credentials" time="0.107" /><testcase classname="backend.tests.test_full_regression_159.TestMembershipAPI" name="test_create_membership_order" time="0.101"><failure message="assert 404 in [200, 201, 400, 422]&#10; +  where 404 = &lt;Response [404]&gt;.status_code">backend/tests/test_full_regression_159.py:124: in test_create_membership_order
    assert response.status_code in [200, 201, 400, 422]
E   assert 404 in [200, 201, 400, 422]
E    +  where 404 = &lt;Response [404]&gt;.status_code</failure></testcase><testcase classname="backend.tests.test_full_regression_159.TestPharmacyAPI" name="test_pharmacy_products" time="0.110" /><testcase classname="backend.tests.test_full_regression_159.TestPharmacyAPI" name="test_pharmacy_categories" time="0.096" /><testcase classname="backend.tests.test_full_regression_159.TestLabTests" name="test_lab_tests_list" time="0.113" /></testsuite></testsuites>