<?xml version="1.0" encoding="utf-8"?><testsuites name="pytest tests"><testsuite name="pytest" errors="0" failures="0" skipped="0" tests="18" time="2.032" timestamp="2026-01-08T23:02:57.156819+00:00" hostname="agent-env-614ef30c-2043-4c7c-8372-a09a8781c92d"><testcase classname="tests.test_new_features.TestMedicineCount" name="test_medicine_count_is_4266" time="0.078" /><testcase classname="tests.test_new_features.TestPharmacyPagination" name="test_get_all_medicines_default" time="0.033" /><testcase classname="tests.test_new_features.TestPharmacyPagination" name="test_get_all_medicines_page_2" time="0.033" /><testcase classname="tests.test_new_features.TestPharmacyPagination" name="test_get_all_medicines_with_search" time="0.033" /><testcase classname="tests.test_new_features.TestPharmacyPagination" name="test_total_pages_calculation" time="0.037" /><testcase classname="tests.test_new_features.TestPharmacyPagination" name="test_medicine_has_no_company_field" time="0.074" /><testcase classname="tests.test_new_features.TestPharmacyAutocomplete" name="test_autocomplete_thyro" time="0.032" /><testcase classname="tests.test_new_features.TestPharmacyAutocomplete" name="test_autocomplete_crocin" time="0.037" /><testcase classname="tests.test_new_features.TestPharmacyAutocomplete" name="test_autocomplete_limit" time="0.033" /><testcase classname="tests.test_new_features.TestAuthOTPSend" name="test_send_otp_success" time="0.032" /><testcase classname="tests.test_new_features.TestAuthOTPSend" name="test_send_otp_invalid_phone" time="0.033" /><testcase classname="tests.test_new_features.TestAuthOTPVerify" name="test_verify_otp_success" time="0.062" /><testcase classname="tests.test_new_features.TestAuthOTPVerify" name="test_verify_otp_invalid" time="0.063" /><testcase classname="tests.test_new_features.TestAuthOTPVerify" name="test_verify_otp_not_found" time="0.035" /><testcase classname="tests.test_new_features.TestAuthOTPRegistration" name="test_register_with_otp" time="0.625" /><testcase classname="tests.test_new_features.TestAuthOTPLogin" name="test_login_with_otp_existing_user" time="0.535" /><testcase classname="tests.test_new_features.TestOrderOTP" name="test_send_order_otp" time="0.072" /><testcase classname="tests.test_new_features.TestOrderOTP" name="test_verify_order_otp" time="0.102" /></testsuite></testsuites>