<?xml version="1.0" encoding="utf-8"?><testsuites name="pytest tests"><testsuite name="pytest" errors="0" failures="0" skipped="0" tests="15" time="3.031" timestamp="2026-03-24T19:12:37.185796+00:00" hostname="agent-env-a1b564e6-3bba-4d4b-874a-4311196febd2"><testcase classname="tests.test_abha_language_features.TestABHACreateInit" name="test_create_init_mobile_method_success" time="0.214" /><testcase classname="tests.test_abha_language_features.TestABHACreateInit" name="test_create_init_aadhaar_method_success" time="0.116" /><testcase classname="tests.test_abha_language_features.TestABHACreateInit" name="test_create_init_invalid_mobile" time="0.130" /><testcase classname="tests.test_abha_language_features.TestABHACreateInit" name="test_create_init_invalid_aadhaar" time="0.182" /><testcase classname="tests.test_abha_language_features.TestABHACreateInit" name="test_create_init_invalid_method" time="0.179" /><testcase classname="tests.test_abha_language_features.TestABHAVerifyOTP" name="test_verify_otp_success" time="0.300" /><testcase classname="tests.test_abha_language_features.TestABHAVerifyOTP" name="test_verify_otp_invalid_otp" time="0.247" /><testcase classname="tests.test_abha_language_features.TestABHAVerifyOTP" name="test_verify_otp_invalid_transaction" time="0.124" /><testcase classname="tests.test_abha_language_features.TestABHALink" name="test_link_abha_to_phone" time="0.107" /><testcase classname="tests.test_abha_language_features.TestABHAProfile" name="test_get_profile_linked" time="0.499" /><testcase classname="tests.test_abha_language_features.TestABHAProfile" name="test_get_profile_not_linked" time="0.119" /><testcase classname="tests.test_abha_language_features.TestABHARecords" name="test_get_records_existing_abha" time="0.342" /><testcase classname="tests.test_abha_language_features.TestABHARecords" name="test_get_records_nonexistent_abha" time="0.154" /><testcase classname="tests.test_abha_language_features.TestLanguagePreferences" name="test_language_preferences_endpoint" time="0.127" /><testcase classname="tests.test_abha_language_features.TestRegressionHome" name="test_health_endpoint" time="0.108" /></testsuite></testsuites>