<?xml version="1.0" encoding="utf-8"?><testsuites name="pytest tests"><testsuite name="pytest" errors="0" failures="0" skipped="0" tests="24" time="1.496" timestamp="2026-01-13T18:54:15.720305+00:00" hostname="agent-env-ce39aaec-2d21-4251-9367-7da14d565dbf"><testcase classname="tests.test_iteration_24_features.TestStaffBillingAPIs" name="test_inventory_search_services" time="0.073" /><testcase classname="tests.test_iteration_24_features.TestStaffBillingAPIs" name="test_inventory_search_tests" time="0.041" /><testcase classname="tests.test_iteration_24_features.TestStaffBillingAPIs" name="test_inventory_search_medicines" time="0.039" /><testcase classname="tests.test_iteration_24_features.TestStaffBillingAPIs" name="test_inventory_search_with_category_filter" time="0.041" /><testcase classname="tests.test_iteration_24_features.TestStaffBillingAPIs" name="test_patient_loyalty_lookup" time="0.039" /><testcase classname="tests.test_iteration_24_features.TestStaffBillingAPIs" name="test_create_bill" time="0.036" /><testcase classname="tests.test_iteration_24_features.TestStaffBillingAPIs" name="test_create_bill_with_discount" time="0.043" /><testcase classname="tests.test_iteration_24_features.TestCommunityAPIs" name="test_get_categories" time="0.036" /><testcase classname="tests.test_iteration_24_features.TestCommunityAPIs" name="test_get_featured_discussions" time="0.035" /><testcase classname="tests.test_iteration_24_features.TestCommunityAPIs" name="test_get_posts" time="0.036" /><testcase classname="tests.test_iteration_24_features.TestCommunityAPIs" name="test_get_posts_with_category_filter" time="0.041" /><testcase classname="tests.test_iteration_24_features.TestCommunityAPIs" name="test_create_post" time="0.079" /><testcase classname="tests.test_iteration_24_features.TestCommunityAPIs" name="test_like_post" time="0.073" /><testcase classname="tests.test_iteration_24_features.TestCommunityAPIs" name="test_add_comment" time="0.080" /><testcase classname="tests.test_iteration_24_features.TestRemindersAPIs" name="test_get_pending_reminders" time="0.034" /><testcase classname="tests.test_iteration_24_features.TestRemindersAPIs" name="test_list_reminders" time="0.077" /><testcase classname="tests.test_iteration_24_features.TestRemindersAPIs" name="test_list_reminders_with_filter" time="0.036" /><testcase classname="tests.test_iteration_24_features.TestRemindersAPIs" name="test_create_reminder" time="0.038" /><testcase classname="tests.test_iteration_24_features.TestRemindersAPIs" name="test_cancel_reminder" time="0.066" /><testcase classname="tests.test_iteration_24_features.TestPatientFlowAPIs" name="test_patient_lookup" time="0.035" /><testcase classname="tests.test_iteration_24_features.TestPatientFlowAPIs" name="test_get_queue" time="0.035" /><testcase classname="tests.test_iteration_24_features.TestPatientFlowAPIs" name="test_queue_display" time="0.035" /><testcase classname="tests.test_iteration_24_features.TestStaffPortalLogin" name="test_staff_login" time="0.264" /><testcase classname="tests.test_iteration_24_features.TestAPIHealth" name="test_api_health" time="0.031" /></testsuite></testsuites>