<?xml version="1.0" encoding="utf-8"?><testsuites name="pytest tests"><testsuite name="pytest" errors="0" failures="0" skipped="0" tests="11" time="2.388" timestamp="2026-01-09T22:52:03.487949+00:00" hostname="agent-env-9410ec29-db83-44ae-86bb-23e260233165"><testcase classname="tests.test_slot_sync_doctor_name.TestBookedSlotsAPI" name="test_booked_slots_endpoint_exists" time="0.077" /><testcase classname="tests.test_slot_sync_doctor_name.TestBookedSlotsAPI" name="test_booked_slots_with_dr_neha_patel" time="0.037" /><testcase classname="tests.test_slot_sync_doctor_name.TestBookedSlotsAPI" name="test_booked_slots_with_dr_vikas_jha" time="0.041" /><testcase classname="tests.test_slot_sync_doctor_name.TestSlotBlocking" name="test_patient_booking_blocks_slot" time="0.079" /><testcase classname="tests.test_slot_sync_doctor_name.TestStaffLogin" name="test_staff_login_success" time="0.262" /><testcase classname="tests.test_slot_sync_doctor_name.TestStaffLogin" name="test_staff_login_invalid_credentials" time="0.036" /><testcase classname="tests.test_slot_sync_doctor_name.TestStaffWalkInBooking" name="test_staff_walkin_booking" time="0.332" /><testcase classname="tests.test_slot_sync_doctor_name.TestStaffWalkInBooking" name="test_staff_walkin_rejects_duplicate" time="0.792" /><testcase classname="tests.test_slot_sync_doctor_name.TestCrossBookingPrevention" name="test_patient_booking_blocks_staff_walkin" time="0.292" /><testcase classname="tests.test_slot_sync_doctor_name.TestDoctorNameVerification" name="test_doctor_name_in_booked_slots_query" time="0.037" /><testcase classname="tests.test_slot_sync_doctor_name.TestDoctorNameVerification" name="test_doctor_name_in_booking" time="0.339" /></testsuite></testsuites>