<?xml version="1.0" encoding="utf-8"?><testsuites name="pytest tests"><testsuite name="pytest" errors="0" failures="0" skipped="0" tests="18" time="2.467" timestamp="2026-03-25T16:01:09.161390+00:00" hostname="agent-env-c6a29b11-f4d0-42dd-8765-8d9f019c8ad5"><testcase classname="backend.tests.test_notification_routing_272.TestHealthEndpoint" name="test_health_returns_ok" time="0.208" /><testcase classname="backend.tests.test_notification_routing_272.TestNotificationServiceNumbers" name="test_notification_service_mango_number" time="0.000" /><testcase classname="backend.tests.test_notification_routing_272.TestNotificationServiceNumbers" name="test_notification_service_orange_number" time="0.000" /><testcase classname="backend.tests.test_notification_routing_272.TestNotificationServiceNumbers" name="test_notification_service_department_phones_mango" time="0.000" /><testcase classname="backend.tests.test_notification_routing_272.TestNotificationServiceNumbers" name="test_notification_service_department_phones_orange" time="0.000" /><testcase classname="backend.tests.test_notification_routing_272.TestCashfreeWebhookNumbers" name="test_cashfree_lab_booking_staff_number" time="0.000" /><testcase classname="backend.tests.test_notification_routing_272.TestCashfreeWebhookNumbers" name="test_cashfree_pharmacy_order_staff_number" time="0.000" /><testcase classname="backend.tests.test_notification_routing_272.TestCashfreeWebhookNumbers" name="test_cashfree_appointment_staff_number_clinic_based" time="0.000" /><testcase classname="backend.tests.test_notification_routing_272.TestCashfreeWebhookNumbers" name="test_cashfree_membership_uses_nevika_number" time="0.000" /><testcase classname="backend.tests.test_notification_routing_272.TestCODDiagnosticPatientWhatsApp" name="test_queue_status_sends_patient_whatsapp_for_cod" time="0.000" /><testcase classname="backend.tests.test_notification_routing_272.TestCashfreeOrderCreation" name="test_cashfree_create_order_lab_test" time="0.484" /><testcase classname="backend.tests.test_notification_routing_272.TestCashfreeOrderCreation" name="test_cashfree_create_order_pharmacy" time="0.413" /><testcase classname="backend.tests.test_notification_routing_272.TestCODDiagnosticOrderAPI" name="test_cod_diagnostic_order_returns_success" time="1.298" /><testcase classname="backend.tests.test_notification_routing_272.TestFrontendCheckoutGuards" name="test_mango_checkout_empty_cart_guard" time="0.000" /><testcase classname="backend.tests.test_notification_routing_272.TestFrontendCheckoutGuards" name="test_mango_checkout_cod_sets_confirmation" time="0.000" /><testcase classname="backend.tests.test_notification_routing_272.TestFrontendCheckoutGuards" name="test_pharmacy_checkout_empty_cart_guard" time="0.000" /><testcase classname="backend.tests.test_notification_routing_272.TestCuraPayTransitionTiming" name="test_mango_checkout_curapay_after_api" time="0.000" /><testcase classname="backend.tests.test_notification_routing_272.TestCuraPayTransitionTiming" name="test_pharmacy_checkout_curapay_after_api" time="0.000" /></testsuite></testsuites>