<?xml version="1.0" encoding="utf-8"?><testsuites name="pytest tests"><testsuite name="pytest" errors="0" failures="1" skipped="0" tests="14" time="1.507" timestamp="2026-01-19T05:24:52.274373+00:00" hostname="agent-env-c1b3741f-5198-4cb3-8ff7-5e0fa99310a5"><testcase classname="tests.test_nevika_cura_regression.TestHealthCheck" name="test_api_health" time="0.247" /><testcase classname="tests.test_nevika_cura_regression.TestStaffLogin" name="test_staff_login_success" time="0.256" /><testcase classname="tests.test_nevika_cura_regression.TestStaffLogin" name="test_staff_login_invalid_credentials" time="0.037" /><testcase classname="tests.test_nevika_cura_regression.TestDoctorLogin" name="test_doctor_login_success" time="0.300" /><testcase classname="tests.test_nevika_cura_regression.TestAppointmentsAPI" name="test_get_booked_slots" time="0.034" /><testcase classname="tests.test_nevika_cura_regression.TestAppointmentsAPI" name="test_get_blocked_slots" time="0.037" /><testcase classname="tests.test_nevika_cura_regression.TestPharmacyAPI" name="test_get_inventory" time="0.032" /><testcase classname="tests.test_nevika_cura_regression.TestPharmacyAPI" name="test_search_medicines" time="0.034" /><testcase classname="tests.test_nevika_cura_regression.TestPharmacyAPI" name="test_get_pharmacy_forms" time="0.031" /><testcase classname="tests.test_nevika_cura_regression.TestDiagnosticsAPI" name="test_diagnostics_order_endpoint" time="0.035" /><testcase classname="tests.test_nevika_cura_regression.TestLiveQueueAPI" name="test_get_queue_status_diagyn" time="0.032" /><testcase classname="tests.test_nevika_cura_regression.TestLiveQueueAPI" name="test_get_queue_status_proton" time="0.035" /><testcase classname="tests.test_nevika_cura_regression.TestSlotBlocking" name="test_block_slots_requires_auth" time="0.032"><failure message="AssertionError: Expected auth error, got 200&#10;assert 200 in [401, 403, 422]&#10; +  where 200 = &lt;Response [200]&gt;.status_code">tests/test_nevika_cura_regression.py:225: in test_block_slots_requires_auth
    assert response.status_code in [401, 403, 422], f"Expected auth error, got {response.status_code}"
E   AssertionError: Expected auth error, got 200
E   assert 200 in [401, 403, 422]
E    +  where 200 = &lt;Response [200]&gt;.status_code</failure></testcase><testcase classname="tests.test_nevika_cura_regression.TestSlotBlocking" name="test_block_slots_with_auth" time="0.287" /></testsuite></testsuites>