<?xml version="1.0" encoding="utf-8"?><testsuites name="pytest tests"><testsuite name="pytest" errors="0" failures="4" skipped="2" tests="16" time="3.682" timestamp="2026-01-13T19:13:36.834098+00:00" hostname="agent-env-ce39aaec-2d21-4251-9367-7da14d565dbf"><testcase classname="tests.test_iteration_25_auth_methods.TestHealthCheck" name="test_api_health" time="0.088"><failure message="requests.exceptions.JSONDecodeError: Expecting value: line 1 column 1 (char 0)">/root/.venv/lib/python3.11/site-packages/requests/models.py:976: in json
    return complexjson.loads(self.text, **kwargs)
           ^^^^^^^^^^^^^^^^^^^^^^^^^^^^^^^^^^^^^^
/usr/local/lib/python3.11/json/__init__.py:346: in loads
    return _default_decoder.decode(s)
           ^^^^^^^^^^^^^^^^^^^^^^^^^^
/usr/local/lib/python3.11/json/decoder.py:337: in decode
    obj, end = self.raw_decode(s, idx=_w(s, 0).end())
               ^^^^^^^^^^^^^^^^^^^^^^^^^^^^^^^^^^^^^^
/usr/local/lib/python3.11/json/decoder.py:355: in raw_decode
    raise JSONDecodeError("Expecting value", s, err.value) from None
E   json.decoder.JSONDecodeError: Expecting value: line 1 column 1 (char 0)

During handling of the above exception, another exception occurred:
tests/test_iteration_25_auth_methods.py:26: in test_api_health
    data = response.json()
           ^^^^^^^^^^^^^^^
/root/.venv/lib/python3.11/site-packages/requests/models.py:980: in json
    raise RequestsJSONDecodeError(e.msg, e.doc, e.pos)
E   requests.exceptions.JSONDecodeError: Expecting value: line 1 column 1 (char 0)</failure></testcase><testcase classname="tests.test_iteration_25_auth_methods.TestEmailOTPAuth" name="test_send_email_otp" time="0.473" /><testcase classname="tests.test_iteration_25_auth_methods.TestEmailOTPAuth" name="test_send_email_otp_invalid_email" time="0.033" /><testcase classname="tests.test_iteration_25_auth_methods.TestEmailOTPAuth" name="test_verify_email_otp_flow" time="0.249"><skipped type="pytest.skip" message="No mock OTP available - real email service configured">/app/tests/test_iteration_25_auth_methods.py:78: No mock OTP available - real email service configured</skipped></testcase><testcase classname="tests.test_iteration_25_auth_methods.TestEmailOTPAuth" name="test_verify_email_otp_invalid" time="0.235" /><testcase classname="tests.test_iteration_25_auth_methods.TestEmailOTPAuth" name="test_email_otp_login_existing_user" time="0.254" /><testcase classname="tests.test_iteration_25_auth_methods.TestPhoneOTPAuth" name="test_send_phone_otp" time="0.444" /><testcase classname="tests.test_iteration_25_auth_methods.TestPhoneOTPAuth" name="test_send_phone_otp_invalid" time="0.039" /><testcase classname="tests.test_iteration_25_auth_methods.TestPhoneOTPAuth" name="test_verify_phone_otp_flow" time="0.270"><failure message="assert 400 == 200&#10; +  where 400 = &lt;Response [400]&gt;.status_code">tests/test_iteration_25_auth_methods.py:215: in test_verify_phone_otp_flow
    assert verify_response.status_code == 200
E   assert 400 == 200
E    +  where 400 = &lt;Response [400]&gt;.status_code</failure></testcase><testcase classname="tests.test_iteration_25_auth_methods.TestPasswordAuth" name="test_login_with_password" time="0.264" /><testcase classname="tests.test_iteration_25_auth_methods.TestPasswordAuth" name="test_login_invalid_credentials" time="0.075" /><testcase classname="tests.test_iteration_25_auth_methods.TestRegistration" name="test_register_with_email_otp" time="0.242"><skipped type="pytest.skip" message="No mock OTP available">/app/tests/test_iteration_25_auth_methods.py:278: No mock OTP available</skipped></testcase><testcase classname="tests.test_iteration_25_auth_methods.TestStaffBillingEmailNotification" name="test_staff_login" time="0.262" /><testcase classname="tests.test_iteration_25_auth_methods.TestStaffBillingEmailNotification" name="test_create_bill_with_email" time="0.287"><failure message="AssertionError: assert 'bill_number' in {'bill': {'bill_number': 'BILL-20260113-405126', 'final_total': 500.0, 'id': 'ea70ec23-dec3-4072-9117-0181ff361cd2', 'loyalty_discount': 0, ...}, 'success': True}">tests/test_iteration_25_auth_methods.py:374: in test_create_bill_with_email
    assert "bill_number" in data
E   AssertionError: assert 'bill_number' in {'bill': {'bill_number': 'BILL-20260113-405126', 'final_total': 500.0, 'id': 'ea70ec23-dec3-4072-9117-0181ff361cd2', 'loyalty_discount': 0, ...}, 'success': True}</failure></testcase><testcase classname="tests.test_iteration_25_auth_methods.TestInventorySearch" name="test_search_inventory" time="0.289"><failure message="assert 422 == 200&#10; +  where 422 = &lt;Response [422]&gt;.status_code">tests/test_iteration_25_auth_methods.py:409: in test_search_inventory
    assert response.status_code == 200
E   assert 422 == 200
E    +  where 422 = &lt;Response [422]&gt;.status_code</failure></testcase><testcase classname="tests.test_iteration_25_auth_methods.TestUserPreferences" name="test_get_preferences_unauthenticated" time="0.035" /></testsuite></testsuites>