<?xml version="1.0" encoding="utf-8"?><testsuites name="pytest tests"><testsuite name="pytest" errors="0" failures="6" skipped="0" tests="13" time="1.988" timestamp="2026-03-30T20:35:00.641220+00:00" hostname="agent-env-debaee5e-ed71-46d7-ab80-effbc5eaf82c"><testcase classname="tests.test_new_features_339.TestHomeCareAPI" name="test_home_care_callback_success" time="0.198" /><testcase classname="tests.test_new_features_339.TestHomeCareAPI" name="test_home_care_callback_minimal_fields" time="0.150" /><testcase classname="tests.test_new_features_339.TestHomeCareAPI" name="test_home_care_callbacks_list" time="0.161"><failure message="assert 500 == 200&#10; +  where 500 = &lt;Response [500]&gt;.status_code">backend/tests/test_new_features_339.py:53: in test_home_care_callbacks_list
    assert response.status_code == 200
E   assert 500 == 200
E    +  where 500 = &lt;Response [500]&gt;.status_code</failure></testcase><testcase classname="tests.test_new_features_339.TestEmergencySOSAPI" name="test_emergency_contacts_endpoint" time="0.131" /><testcase classname="tests.test_new_features_339.TestEmergencySOSAPI" name="test_emergency_sos_trigger" time="0.176" /><testcase classname="tests.test_new_features_339.TestHealthPlansAPI" name="test_health_plans_list" time="0.133" /><testcase classname="tests.test_new_features_339.TestMedicineRemindersAPI" name="test_medicine_reminders_today_unauthenticated" time="0.131" /><testcase classname="tests.test_new_features_339.TestPageRoutes" name="test_home_care_page_loads" time="0.117"><failure message="assert ('Home Care' in '&lt;!doctype html&gt;\n&lt;html lang=&quot;en&quot; style=&quot;background-color: #0A0A0F;&quot;&gt;\n    &lt;head&gt;\n        &lt;meta charset=&quot;utf-8&quot; /&gt;\n        &lt;meta name=&quot;viewport&quot; content=&quot;width=device-width, initial-scale=1, viewport-fit=cover&quot; /&gt;\n        &lt;meta name=&quot;theme-color&quot; content=&quot;#120A1C&quot; /&gt;\n        &lt;meta name=&quot;description&quot; content=&quot;Nevika Cura - Complete Healthcare Solutions. Book doctor appointments, diagnostic tests, and order medicines online.&quot; /&gt;\n        \n        &lt;!-- Preload critical onboarding images --&gt;\n        &lt;link rel=&quot;preload&quot; href=&quot;/icons/onboard-otp.png&quot; as=&quot;image&quot; /&gt;\n        &lt;link rel=&quot;preload&quot; href=&quot;/icons/onboard-booking.png&quot; as=&quot;image&quot; /&gt;\n        &lt;link rel=&quot;preload&quot; href=&quot;/icons/curapay-transparent.png&quot; as=&quot;image&quot; /&gt;\n        \n        &lt;!-- Preconnect to external assets --&gt;\n        &lt;link rel=&quot;preconnect&quot; href=&quot;https://customer-assets.emergentagent.com&quot; crossorigin /&gt;\n        &lt;link rel=&quot;preconnect&quot; href=&quot;https://static.prod-images.emergentagent.com&quot; crossorigin /&gt;\n        &lt;link rel=&quot;dns-prefetch&quot; href=&quot;https://fonts.googleapis.com&quot; /&gt;\n        \n        &lt;!-- FontAwesome for medicine icons --&gt;\n        &lt;link rel=&quot;stylesheet&quot; href=&quot;https://cdnjs.cloudflare.com/ajax/libs/font-aw...                }\n\n                    } catch (error) {\n                        console.log(\'Nevika Cura PWA: SW registration failed:\', error);\n                    }\n                });\n            }\n        &lt;/script&gt;\n    &lt;script&gt;(function(){function c(){var b=a.contentDocument||a.contentWindow.document;if(b){var d=b.createElement(\'script\');d.innerHTML=&quot;window.__CF$cv$params={r:\'9e49e600d938f167\',t:\'MTc3NDkwMjkwMQ==\'};var a=document.createElement(\'script\');a.src=\'/cdn-cgi/challenge-platform/scripts/jsd/main.js\';document.getElementsByTagName(\'head\')[0].appendChild(a);&quot;;b.getElementsByTagName(\'head\')[0].appendChild(d)}}if(document.body){var a=document.createElement(\'iframe\');a.height=1;a.width=1;a.style.position=\'absolute\';a.style.top=0;a.style.left=0;a.style.border=\'none\';a.style.visibility=\'hidden\';document.body.appendChild(a);if(\'loading\'!==document.readyState)c();else if(window.addEventListener)document.addEventListener(\'DOMContentLoaded\',c);else{var e=document.onreadystatechange||function(){};document.onreadystatechange=function(b){e(b);\'loading\'!==document.readyState&amp;&amp;(document.onreadystatechange=e,c())}}}})();&lt;/script&gt;&lt;/body&gt;\n&lt;/html&gt;\n' or 'home-care' in '&lt;!doctype html&gt;\n&lt;html lang=&quot;en&quot; style=&quot;background-color: #0a0a0f;&quot;&gt;\n    &lt;head&gt;\n        &lt;meta charset=&quot;utf-8&quot; /&gt;\n        &lt;meta name=&quot;viewport&quot; content=&quot;width=device-width, initial-scale=1, viewport-fit=cover&quot; /&gt;\n        &lt;meta name=&quot;theme-color&quot; content=&quot;#120a1c&quot; /&gt;\n        &lt;meta name=&quot;description&quot; content=&quot;nevika cura - complete healthcare solutions. book doctor appointments, diagnostic tests, and order medicines online.&quot; /&gt;\n        \n        &lt;!-- preload critical onboarding images --&gt;\n        &lt;link rel=&quot;preload&quot; href=&quot;/icons/onboard-otp.png&quot; as=&quot;image&quot; /&gt;\n        &lt;link rel=&quot;preload&quot; href=&quot;/icons/onboard-booking.png&quot; as=&quot;image&quot; /&gt;\n        &lt;link rel=&quot;preload&quot; href=&quot;/icons/curapay-transparent.png&quot; as=&quot;image&quot; /&gt;\n        \n        &lt;!-- preconnect to external assets --&gt;\n        &lt;link rel=&quot;preconnect&quot; href=&quot;https://customer-assets.emergentagent.com&quot; crossorigin /&gt;\n        &lt;link rel=&quot;preconnect&quot; href=&quot;https://static.prod-images.emergentagent.com&quot; crossorigin /&gt;\n        &lt;link rel=&quot;dns-prefetch&quot; href=&quot;https://fonts.googleapis.com&quot; /&gt;\n        \n        &lt;!-- fontawesome for medicine icons --&gt;\n        &lt;link rel=&quot;stylesheet&quot; href=&quot;https://cdnjs.cloudflare.com/ajax/libs/font-aw...                }\n\n                    } catch (error) {\n                        console.log(\'nevika cura pwa: sw registration failed:\', error);\n                    }\n                });\n            }\n        &lt;/script&gt;\n    &lt;script&gt;(function(){function c(){var b=a.contentdocument||a.contentwindow.document;if(b){var d=b.createelement(\'script\');d.innerhtml=&quot;window.__cf$cv$params={r:\'9e49e600d938f167\',t:\'mtc3ndkwmjkwmq==\'};var a=document.createelement(\'script\');a.src=\'/cdn-cgi/challenge-platform/scripts/jsd/main.js\';document.getelementsbytagname(\'head\')[0].appendchild(a);&quot;;b.getelementsbytagname(\'head\')[0].appendchild(d)}}if(document.body){var a=document.createelement(\'iframe\');a.height=1;a.width=1;a.style.position=\'absolute\';a.style.top=0;a.style.left=0;a.style.border=\'none\';a.style.visibility=\'hidden\';document.body.appendchild(a);if(\'loading\'!==document.readystate)c();else if(window.addeventlistener)document.addeventlistener(\'domcontentloaded\',c);else{var e=document.onreadystatechange||function(){};document.onreadystatechange=function(b){e(b);\'loading\'!==document.readystate&amp;&amp;(document.onreadystatechange=e,c())}}}})();&lt;/script&gt;&lt;/body&gt;\n&lt;/html&gt;\n')&#10; +  where '&lt;!doctype html&gt;\n&lt;html lang=&quot;en&quot; style=&quot;background-color: #0A0A0F;&quot;&gt;\n    &lt;head&gt;\n        &lt;meta charset=&quot;utf-8&quot; /&gt;\n        &lt;meta name=&quot;viewport&quot; content=&quot;width=device-width, initial-scale=1, viewport-fit=cover&quot; /&gt;\n        &lt;meta name=&quot;theme-color&quot; content=&quot;#120A1C&quot; /&gt;\n        &lt;meta name=&quot;description&quot; content=&quot;Nevika Cura - Complete Healthcare Solutions. Book doctor appointments, diagnostic tests, and order medicines online.&quot; /&gt;\n        \n        &lt;!-- Preload critical onboarding images --&gt;\n        &lt;link rel=&quot;preload&quot; href=&quot;/icons/onboard-otp.png&quot; as=&quot;image&quot; /&gt;\n        &lt;link rel=&quot;preload&quot; href=&quot;/icons/onboard-booking.png&quot; as=&quot;image&quot; /&gt;\n        &lt;link rel=&quot;preload&quot; href=&quot;/icons/curapay-transparent.png&quot; as=&quot;image&quot; /&gt;\n        \n        &lt;!-- Preconnect to external assets --&gt;\n        &lt;link rel=&quot;preconnect&quot; href=&quot;https://customer-assets.emergentagent.com&quot; crossorigin /&gt;\n        &lt;link rel=&quot;preconnect&quot; href=&quot;https://static.prod-images.emergentagent.com&quot; crossorigin /&gt;\n        &lt;link rel=&quot;dns-prefetch&quot; href=&quot;https://fonts.googleapis.com&quot; /&gt;\n        \n        &lt;!-- FontAwesome for medicine icons --&gt;\n        &lt;link rel=&quot;stylesheet&quot; href=&quot;https://cdnjs.cloudflare.com/ajax/libs/font-aw...                }\n\n                    } catch (error) {\n                        console.log(\'Nevika Cura PWA: SW registration failed:\', error);\n                    }\n                });\n            }\n        &lt;/script&gt;\n    &lt;script&gt;(function(){function c(){var b=a.contentDocument||a.contentWindow.document;if(b){var d=b.createElement(\'script\');d.innerHTML=&quot;window.__CF$cv$params={r:\'9e49e600d938f167\',t:\'MTc3NDkwMjkwMQ==\'};var a=document.createElement(\'script\');a.src=\'/cdn-cgi/challenge-platform/scripts/jsd/main.js\';document.getElementsByTagName(\'head\')[0].appendChild(a);&quot;;b.getElementsByTagName(\'head\')[0].appendChild(d)}}if(document.body){var a=document.createElement(\'iframe\');a.height=1;a.width=1;a.style.position=\'absolute\';a.style.top=0;a.style.left=0;a.style.border=\'none\';a.style.visibility=\'hidden\';document.body.appendChild(a);if(\'loading\'!==document.readyState)c();else if(window.addEventListener)document.addEventListener(\'DOMContentLoaded\',c);else{var e=document.onreadystatechange||function(){};document.onreadystatechange=function(b){e(b);\'loading\'!==document.readyState&amp;&amp;(document.onreadystatechange=e,c())}}}})();&lt;/script&gt;&lt;/body&gt;\n&lt;/html&gt;\n' = &lt;Response [200]&gt;.text&#10; +  and   '&lt;!doctype html&gt;\n&lt;html lang=&quot;en&quot; style=&quot;background-color: #0a0a0f;&quot;&gt;\n    &lt;head&gt;\n        &lt;meta charset=&quot;utf-8&quot; /&gt;\n        &lt;meta name=&quot;viewport&quot; content=&quot;width=device-width, initial-scale=1, viewport-fit=cover&quot; /&gt;\n        &lt;meta name=&quot;theme-color&quot; content=&quot;#120a1c&quot; /&gt;\n        &lt;meta name=&quot;description&quot; content=&quot;nevika cura - complete healthcare solutions. book doctor appointments, diagnostic tests, and order medicines online.&quot; /&gt;\n        \n        &lt;!-- preload critical onboarding images --&gt;\n        &lt;link rel=&quot;preload&quot; href=&quot;/icons/onboard-otp.png&quot; as=&quot;image&quot; /&gt;\n        &lt;link rel=&quot;preload&quot; href=&quot;/icons/onboard-booking.png&quot; as=&quot;image&quot; /&gt;\n        &lt;link rel=&quot;preload&quot; href=&quot;/icons/curapay-transparent.png&quot; as=&quot;image&quot; /&gt;\n        \n        &lt;!-- preconnect to external assets --&gt;\n        &lt;link rel=&quot;preconnect&quot; href=&quot;https://customer-assets.emergentagent.com&quot; crossorigin /&gt;\n        &lt;link rel=&quot;preconnect&quot; href=&quot;https://static.prod-images.emergentagent.com&quot; crossorigin /&gt;\n        &lt;link rel=&quot;dns-prefetch&quot; href=&quot;https://fonts.googleapis.com&quot; /&gt;\n        \n        &lt;!-- fontawesome for medicine icons --&gt;\n        &lt;link rel=&quot;stylesheet&quot; href=&quot;https://cdnjs.cloudflare.com/ajax/libs/font-aw...                }\n\n                    } catch (error) {\n                        console.log(\'nevika cura pwa: sw registration failed:\', error);\n                    }\n                });\n            }\n        &lt;/script&gt;\n    &lt;script&gt;(function(){function c(){var b=a.contentdocument||a.contentwindow.document;if(b){var d=b.createelement(\'script\');d.innerhtml=&quot;window.__cf$cv$params={r:\'9e49e600d938f167\',t:\'mtc3ndkwmjkwmq==\'};var a=document.createelement(\'script\');a.src=\'/cdn-cgi/challenge-platform/scripts/jsd/main.js\';document.getelementsbytagname(\'head\')[0].appendchild(a);&quot;;b.getelementsbytagname(\'head\')[0].appendchild(d)}}if(document.body){var a=document.createelement(\'iframe\');a.height=1;a.width=1;a.style.position=\'absolute\';a.style.top=0;a.style.left=0;a.style.border=\'none\';a.style.visibility=\'hidden\';document.body.appendchild(a);if(\'loading\'!==document.readystate)c();else if(window.addeventlistener)document.addeventlistener(\'domcontentloaded\',c);else{var e=document.onreadystatechange||function(){};document.onreadystatechange=function(b){e(b);\'loading\'!==document.readystate&amp;&amp;(document.onreadystatechange=e,c())}}}})();&lt;/script&gt;&lt;/body&gt;\n&lt;/html&gt;\n' = &lt;built-in method lower of str object at 0xad8fc04c60f0&gt;()&#10; +    where &lt;built-in method lower of str object at 0xad8fc04c60f0&gt; = '&lt;!doctype html&gt;\n&lt;html lang=&quot;en&quot; style=&quot;background-color: #0A0A0F;&quot;&gt;\n    &lt;head&gt;\n        &lt;meta charset=&quot;utf-8&quot; /&gt;\n        &lt;meta name=&quot;viewport&quot; content=&quot;width=device-width, initial-scale=1, viewport-fit=cover&quot; /&gt;\n        &lt;meta name=&quot;theme-color&quot; content=&quot;#120A1C&quot; /&gt;\n        &lt;meta name=&quot;description&quot; content=&quot;Nevika Cura - Complete Healthcare Solutions. Book doctor appointments, diagnostic tests, and order medicines online.&quot; /&gt;\n        \n        &lt;!-- Preload critical onboarding images --&gt;\n        &lt;link rel=&quot;preload&quot; href=&quot;/icons/onboard-otp.png&quot; as=&quot;image&quot; /&gt;\n        &lt;link rel=&quot;preload&quot; href=&quot;/icons/onboard-booking.png&quot; as=&quot;image&quot; /&gt;\n        &lt;link rel=&quot;preload&quot; href=&quot;/icons/curapay-transparent.png&quot; as=&quot;image&quot; /&gt;\n        \n        &lt;!-- Preconnect to external assets --&gt;\n        &lt;link rel=&quot;preconnect&quot; href=&quot;https://customer-assets.emergentagent.com&quot; crossorigin /&gt;\n        &lt;link rel=&quot;preconnect&quot; href=&quot;https://static.prod-images.emergentagent.com&quot; crossorigin /&gt;\n        &lt;link rel=&quot;dns-prefetch&quot; href=&quot;https://fonts.googleapis.com&quot; /&gt;\n        \n        &lt;!-- FontAwesome for medicine icons --&gt;\n        &lt;link rel=&quot;stylesheet&quot; href=&quot;https://cdnjs.cloudflare.com/ajax/libs/font-aw...                }\n\n                    } catch (error) {\n                        console.log(\'Nevika Cura PWA: SW registration failed:\', error);\n                    }\n                });\n            }\n        &lt;/script&gt;\n    &lt;script&gt;(function(){function c(){var b=a.contentDocument||a.contentWindow.document;if(b){var d=b.createElement(\'script\');d.innerHTML=&quot;window.__CF$cv$params={r:\'9e49e600d938f167\',t:\'MTc3NDkwMjkwMQ==\'};var a=document.createElement(\'script\');a.src=\'/cdn-cgi/challenge-platform/scripts/jsd/main.js\';document.getElementsByTagName(\'head\')[0].appendChild(a);&quot;;b.getElementsByTagName(\'head\')[0].appendChild(d)}}if(document.body){var a=document.createElement(\'iframe\');a.height=1;a.width=1;a.style.position=\'absolute\';a.style.top=0;a.style.left=0;a.style.border=\'none\';a.style.visibility=\'hidden\';document.body.appendChild(a);if(\'loading\'!==document.readyState)c();else if(window.addEventListener)document.addEventListener(\'DOMContentLoaded\',c);else{var e=document.onreadystatechange||function(){};document.onreadystatechange=function(b){e(b);\'loading\'!==document.readyState&amp;&amp;(document.onreadystatechange=e,c())}}}})();&lt;/script&gt;&lt;/body&gt;\n&lt;/html&gt;\n'.lower&#10; +      where '&lt;!doctype html&gt;\n&lt;html lang=&quot;en&quot; style=&quot;background-color: #0A0A0F;&quot;&gt;\n    &lt;head&gt;\n        &lt;meta charset=&quot;utf-8&quot; /&gt;\n        &lt;meta name=&quot;viewport&quot; content=&quot;width=device-width, initial-scale=1, viewport-fit=cover&quot; /&gt;\n        &lt;meta name=&quot;theme-color&quot; content=&quot;#120A1C&quot; /&gt;\n        &lt;meta name=&quot;description&quot; content=&quot;Nevika Cura - Complete Healthcare Solutions. Book doctor appointments, diagnostic tests, and order medicines online.&quot; /&gt;\n        \n        &lt;!-- Preload critical onboarding images --&gt;\n        &lt;link rel=&quot;preload&quot; href=&quot;/icons/onboard-otp.png&quot; as=&quot;image&quot; /&gt;\n        &lt;link rel=&quot;preload&quot; href=&quot;/icons/onboard-booking.png&quot; as=&quot;image&quot; /&gt;\n        &lt;link rel=&quot;preload&quot; href=&quot;/icons/curapay-transparent.png&quot; as=&quot;image&quot; /&gt;\n        \n        &lt;!-- Preconnect to external assets --&gt;\n        &lt;link rel=&quot;preconnect&quot; href=&quot;https://customer-assets.emergentagent.com&quot; crossorigin /&gt;\n        &lt;link rel=&quot;preconnect&quot; href=&quot;https://static.prod-images.emergentagent.com&quot; crossorigin /&gt;\n        &lt;link rel=&quot;dns-prefetch&quot; href=&quot;https://fonts.googleapis.com&quot; /&gt;\n        \n        &lt;!-- FontAwesome for medicine icons --&gt;\n        &lt;link rel=&quot;stylesheet&quot; href=&quot;https://cdnjs.cloudflare.com/ajax/libs/font-aw...                }\n\n                    } catch (error) {\n                        console.log(\'Nevika Cura PWA: SW registration failed:\', error);\n                    }\n                });\n            }\n        &lt;/script&gt;\n    &lt;script&gt;(function(){function c(){var b=a.contentDocument||a.contentWindow.document;if(b){var d=b.createElement(\'script\');d.innerHTML=&quot;window.__CF$cv$params={r:\'9e49e600d938f167\',t:\'MTc3NDkwMjkwMQ==\'};var a=document.createElement(\'script\');a.src=\'/cdn-cgi/challenge-platform/scripts/jsd/main.js\';document.getElementsByTagName(\'head\')[0].appendChild(a);&quot;;b.getElementsByTagName(\'head\')[0].appendChild(d)}}if(document.body){var a=document.createElement(\'iframe\');a.height=1;a.width=1;a.style.position=\'absolute\';a.style.top=0;a.style.left=0;a.style.border=\'none\';a.style.visibility=\'hidden\';document.body.appendChild(a);if(\'loading\'!==document.readyState)c();else if(window.addEventListener)document.addEventListener(\'DOMContentLoaded\',c);else{var e=document.onreadystatechange||function(){};document.onreadystatechange=function(b){e(b);\'loading\'!==document.readyState&amp;&amp;(document.onreadystatechange=e,c())}}}})();&lt;/script&gt;&lt;/body&gt;\n&lt;/html&gt;\n' = &lt;Response [200]&gt;.text">backend/tests/test_new_features_339.py:132: in test_home_care_page_loads
    assert "Home Care" in response.text or "home-care" in response.text.lower()
E   assert ('Home Care' in '&lt;!doctype html&gt;\n&lt;html lang="en" style="background-color: #0A0A0F;"&gt;\n    &lt;head&gt;\n        &lt;meta charset="utf-8" /&gt;\n        &lt;meta name="viewport" content="width=device-width, initial-scale=1, viewport-fit=cover" /&gt;\n        &lt;meta name="theme-color" content="#120A1C" /&gt;\n        &lt;meta name="description" content="Nevika Cura - Complete Healthcare Solutions. Book doctor appointments, diagnostic tests, and order medicines online." /&gt;\n        \n        &lt;!-- Preload critical onboarding images --&gt;\n        &lt;link rel="preload" href="/icons/onboard-otp.png" as="image" /&gt;\n        &lt;link rel="preload" href="/icons/onboard-booking.png" as="image" /&gt;\n        &lt;link rel="preload" href="/icons/curapay-transparent.png" as="image" /&gt;\n        \n        &lt;!-- Preconnect to external assets --&gt;\n        &lt;link rel="preconnect" href="https://customer-assets.emergentagent.com" crossorigin /&gt;\n        &lt;link rel="preconnect" href="https://static.prod-images.emergentagent.com" crossorigin /&gt;\n        &lt;link rel="dns-prefetch" href="https://fonts.googleapis.com" /&gt;\n        \n        &lt;!-- FontAwesome for medicine icons --&gt;\n        &lt;link rel="stylesheet" href="https://cdnjs.cloudflare.com/ajax/libs/font-aw...                }\n\n                    } catch (error) {\n                        console.log(\'Nevika Cura PWA: SW registration failed:\', error);\n                    }\n                });\n            }\n        &lt;/script&gt;\n    &lt;script&gt;(function(){function c(){var b=a.contentDocument||a.contentWindow.document;if(b){var d=b.createElement(\'script\');d.innerHTML="window.__CF$cv$params={r:\'9e49e600d938f167\',t:\'MTc3NDkwMjkwMQ==\'};var a=document.createElement(\'script\');a.src=\'/cdn-cgi/challenge-platform/scripts/jsd/main.js\';document.getElementsByTagName(\'head\')[0].appendChild(a);";b.getElementsByTagName(\'head\')[0].appendChild(d)}}if(document.body){var a=document.createElement(\'iframe\');a.height=1;a.width=1;a.style.position=\'absolute\';a.style.top=0;a.style.left=0;a.style.border=\'none\';a.style.visibility=\'hidden\';document.body.appendChild(a);if(\'loading\'!==document.readyState)c();else if(window.addEventListener)document.addEventListener(\'DOMContentLoaded\',c);else{var e=document.onreadystatechange||function(){};document.onreadystatechange=function(b){e(b);\'loading\'!==document.readyState&amp;&amp;(document.onreadystatechange=e,c())}}}})();&lt;/script&gt;&lt;/body&gt;\n&lt;/html&gt;\n' or 'home-care' in '&lt;!doctype html&gt;\n&lt;html lang="en" style="background-color: #0a0a0f;"&gt;\n    &lt;head&gt;\n        &lt;meta charset="utf-8" /&gt;\n        &lt;meta name="viewport" content="width=device-width, initial-scale=1, viewport-fit=cover" /&gt;\n        &lt;meta name="theme-color" content="#120a1c" /&gt;\n        &lt;meta name="description" content="nevika cura - complete healthcare solutions. book doctor appointments, diagnostic tests, and order medicines online." /&gt;\n        \n        &lt;!-- preload critical onboarding images --&gt;\n        &lt;link rel="preload" href="/icons/onboard-otp.png" as="image" /&gt;\n        &lt;link rel="preload" href="/icons/onboard-booking.png" as="image" /&gt;\n        &lt;link rel="preload" href="/icons/curapay-transparent.png" as="image" /&gt;\n        \n        &lt;!-- preconnect to external assets --&gt;\n        &lt;link rel="preconnect" href="https://customer-assets.emergentagent.com" crossorigin /&gt;\n        &lt;link rel="preconnect" href="https://static.prod-images.emergentagent.com" crossorigin /&gt;\n        &lt;link rel="dns-prefetch" href="https://fonts.googleapis.com" /&gt;\n        \n        &lt;!-- fontawesome for medicine icons --&gt;\n        &lt;link rel="stylesheet" href="https://cdnjs.cloudflare.com/ajax/libs/font-aw...                }\n\n                    } catch (error) {\n                        console.log(\'nevika cura pwa: sw registration failed:\', error);\n                    }\n                });\n            }\n        &lt;/script&gt;\n    &lt;script&gt;(function(){function c(){var b=a.contentdocument||a.contentwindow.document;if(b){var d=b.createelement(\'script\');d.innerhtml="window.__cf$cv$params={r:\'9e49e600d938f167\',t:\'mtc3ndkwmjkwmq==\'};var a=document.createelement(\'script\');a.src=\'/cdn-cgi/challenge-platform/scripts/jsd/main.js\';document.getelementsbytagname(\'head\')[0].appendchild(a);";b.getelementsbytagname(\'head\')[0].appendchild(d)}}if(document.body){var a=document.createelement(\'iframe\');a.height=1;a.width=1;a.style.position=\'absolute\';a.style.top=0;a.style.left=0;a.style.border=\'none\';a.style.visibility=\'hidden\';document.body.appendchild(a);if(\'loading\'!==document.readystate)c();else if(window.addeventlistener)document.addeventlistener(\'domcontentloaded\',c);else{var e=document.onreadystatechange||function(){};document.onreadystatechange=function(b){e(b);\'loading\'!==document.readystate&amp;&amp;(document.onreadystatechange=e,c())}}}})();&lt;/script&gt;&lt;/body&gt;\n&lt;/html&gt;\n')
E    +  where '&lt;!doctype html&gt;\n&lt;html lang="en" style="background-color: #0A0A0F;"&gt;\n    &lt;head&gt;\n        &lt;meta charset="utf-8" /&gt;\n        &lt;meta name="viewport" content="width=device-width, initial-scale=1, viewport-fit=cover" /&gt;\n        &lt;meta name="theme-color" content="#120A1C" /&gt;\n        &lt;meta name="description" content="Nevika Cura - Complete Healthcare Solutions. Book doctor appointments, diagnostic tests, and order medicines online." /&gt;\n        \n        &lt;!-- Preload critical onboarding images --&gt;\n        &lt;link rel="preload" href="/icons/onboard-otp.png" as="image" /&gt;\n        &lt;link rel="preload" href="/icons/onboard-booking.png" as="image" /&gt;\n        &lt;link rel="preload" href="/icons/curapay-transparent.png" as="image" /&gt;\n        \n        &lt;!-- Preconnect to external assets --&gt;\n        &lt;link rel="preconnect" href="https://customer-assets.emergentagent.com" crossorigin /&gt;\n        &lt;link rel="preconnect" href="https://static.prod-images.emergentagent.com" crossorigin /&gt;\n        &lt;link rel="dns-prefetch" href="https://fonts.googleapis.com" /&gt;\n        \n        &lt;!-- FontAwesome for medicine icons --&gt;\n        &lt;link rel="stylesheet" href="https://cdnjs.cloudflare.com/ajax/libs/font-aw...                }\n\n                    } catch (error) {\n                        console.log(\'Nevika Cura PWA: SW registration failed:\', error);\n                    }\n                });\n            }\n        &lt;/script&gt;\n    &lt;script&gt;(function(){function c(){var b=a.contentDocument||a.contentWindow.document;if(b){var d=b.createElement(\'script\');d.innerHTML="window.__CF$cv$params={r:\'9e49e600d938f167\',t:\'MTc3NDkwMjkwMQ==\'};var a=document.createElement(\'script\');a.src=\'/cdn-cgi/challenge-platform/scripts/jsd/main.js\';document.getElementsByTagName(\'head\')[0].appendChild(a);";b.getElementsByTagName(\'head\')[0].appendChild(d)}}if(document.body){var a=document.createElement(\'iframe\');a.height=1;a.width=1;a.style.position=\'absolute\';a.style.top=0;a.style.left=0;a.style.border=\'none\';a.style.visibility=\'hidden\';document.body.appendChild(a);if(\'loading\'!==document.readyState)c();else if(window.addEventListener)document.addEventListener(\'DOMContentLoaded\',c);else{var e=document.onreadystatechange||function(){};document.onreadystatechange=function(b){e(b);\'loading\'!==document.readyState&amp;&amp;(document.onreadystatechange=e,c())}}}})();&lt;/script&gt;&lt;/body&gt;\n&lt;/html&gt;\n' = &lt;Response [200]&gt;.text
E    +  and   '&lt;!doctype html&gt;\n&lt;html lang="en" style="background-color: #0a0a0f;"&gt;\n    &lt;head&gt;\n        &lt;meta charset="utf-8" /&gt;\n        &lt;meta name="viewport" content="width=device-width, initial-scale=1, viewport-fit=cover" /&gt;\n        &lt;meta name="theme-color" content="#120a1c" /&gt;\n        &lt;meta name="description" content="nevika cura - complete healthcare solutions. book doctor appointments, diagnostic tests, and order medicines online." /&gt;\n        \n        &lt;!-- preload critical onboarding images --&gt;\n        &lt;link rel="preload" href="/icons/onboard-otp.png" as="image" /&gt;\n        &lt;link rel="preload" href="/icons/onboard-booking.png" as="image" /&gt;\n        &lt;link rel="preload" href="/icons/curapay-transparent.png" as="image" /&gt;\n        \n        &lt;!-- preconnect to external assets --&gt;\n        &lt;link rel="preconnect" href="https://customer-assets.emergentagent.com" crossorigin /&gt;\n        &lt;link rel="preconnect" href="https://static.prod-images.emergentagent.com" crossorigin /&gt;\n        &lt;link rel="dns-prefetch" href="https://fonts.googleapis.com" /&gt;\n        \n        &lt;!-- fontawesome for medicine icons --&gt;\n        &lt;link rel="stylesheet" href="https://cdnjs.cloudflare.com/ajax/libs/font-aw...                }\n\n                    } catch (error) {\n                        console.log(\'nevika cura pwa: sw registration failed:\', error);\n                    }\n                });\n            }\n        &lt;/script&gt;\n    &lt;script&gt;(function(){function c(){var b=a.contentdocument||a.contentwindow.document;if(b){var d=b.createelement(\'script\');d.innerhtml="window.__cf$cv$params={r:\'9e49e600d938f167\',t:\'mtc3ndkwmjkwmq==\'};var a=document.createelement(\'script\');a.src=\'/cdn-cgi/challenge-platform/scripts/jsd/main.js\';document.getelementsbytagname(\'head\')[0].appendchild(a);";b.getelementsbytagname(\'head\')[0].appendchild(d)}}if(document.body){var a=document.createelement(\'iframe\');a.height=1;a.width=1;a.style.position=\'absolute\';a.style.top=0;a.style.left=0;a.style.border=\'none\';a.style.visibility=\'hidden\';document.body.appendchild(a);if(\'loading\'!==document.readystate)c();else if(window.addeventlistener)document.addeventlistener(\'domcontentloaded\',c);else{var e=document.onreadystatechange||function(){};document.onreadystatechange=function(b){e(b);\'loading\'!==document.readystate&amp;&amp;(document.onreadystatechange=e,c())}}}})();&lt;/script&gt;&lt;/body&gt;\n&lt;/html&gt;\n' = &lt;built-in method lower of str object at 0xad8fc04c60f0&gt;()
E    +    where &lt;built-in method lower of str object at 0xad8fc04c60f0&gt; = '&lt;!doctype html&gt;\n&lt;html lang="en" style="background-color: #0A0A0F;"&gt;\n    &lt;head&gt;\n        &lt;meta charset="utf-8" /&gt;\n        &lt;meta name="viewport" content="width=device-width, initial-scale=1, viewport-fit=cover" /&gt;\n        &lt;meta name="theme-color" content="#120A1C" /&gt;\n        &lt;meta name="description" content="Nevika Cura - Complete Healthcare Solutions. Book doctor appointments, diagnostic tests, and order medicines online." /&gt;\n        \n        &lt;!-- Preload critical onboarding images --&gt;\n        &lt;link rel="preload" href="/icons/onboard-otp.png" as="image" /&gt;\n        &lt;link rel="preload" href="/icons/onboard-booking.png" as="image" /&gt;\n        &lt;link rel="preload" href="/icons/curapay-transparent.png" as="image" /&gt;\n        \n        &lt;!-- Preconnect to external assets --&gt;\n        &lt;link rel="preconnect" href="https://customer-assets.emergentagent.com" crossorigin /&gt;\n        &lt;link rel="preconnect" href="https://static.prod-images.emergentagent.com" crossorigin /&gt;\n        &lt;link rel="dns-prefetch" href="https://fonts.googleapis.com" /&gt;\n        \n        &lt;!-- FontAwesome for medicine icons --&gt;\n        &lt;link rel="stylesheet" href="https://cdnjs.cloudflare.com/ajax/libs/font-aw...                }\n\n                    } catch (error) {\n                        console.log(\'Nevika Cura PWA: SW registration failed:\', error);\n                    }\n                });\n            }\n        &lt;/script&gt;\n    &lt;script&gt;(function(){function c(){var b=a.contentDocument||a.contentWindow.document;if(b){var d=b.createElement(\'script\');d.innerHTML="window.__CF$cv$params={r:\'9e49e600d938f167\',t:\'MTc3NDkwMjkwMQ==\'};var a=document.createElement(\'script\');a.src=\'/cdn-cgi/challenge-platform/scripts/jsd/main.js\';document.getElementsByTagName(\'head\')[0].appendChild(a);";b.getElementsByTagName(\'head\')[0].appendChild(d)}}if(document.body){var a=document.createElement(\'iframe\');a.height=1;a.width=1;a.style.position=\'absolute\';a.style.top=0;a.style.left=0;a.style.border=\'none\';a.style.visibility=\'hidden\';document.body.appendChild(a);if(\'loading\'!==document.readyState)c();else if(window.addEventListener)document.addEventListener(\'DOMContentLoaded\',c);else{var e=document.onreadystatechange||function(){};document.onreadystatechange=function(b){e(b);\'loading\'!==document.readyState&amp;&amp;(document.onreadystatechange=e,c())}}}})();&lt;/script&gt;&lt;/body&gt;\n&lt;/html&gt;\n'.lower
E    +      where '&lt;!doctype html&gt;\n&lt;html lang="en" style="background-color: #0A0A0F;"&gt;\n    &lt;head&gt;\n        &lt;meta charset="utf-8" /&gt;\n        &lt;meta name="viewport" content="width=device-width, initial-scale=1, viewport-fit=cover" /&gt;\n        &lt;meta name="theme-color" content="#120A1C" /&gt;\n        &lt;meta name="description" content="Nevika Cura - Complete Healthcare Solutions. Book doctor appointments, diagnostic tests, and order medicines online." /&gt;\n        \n        &lt;!-- Preload critical onboarding images --&gt;\n        &lt;link rel="preload" href="/icons/onboard-otp.png" as="image" /&gt;\n        &lt;link rel="preload" href="/icons/onboard-booking.png" as="image" /&gt;\n        &lt;link rel="preload" href="/icons/curapay-transparent.png" as="image" /&gt;\n        \n        &lt;!-- Preconnect to external assets --&gt;\n        &lt;link rel="preconnect" href="https://customer-assets.emergentagent.com" crossorigin /&gt;\n        &lt;link rel="preconnect" href="https://static.prod-images.emergentagent.com" crossorigin /&gt;\n        &lt;link rel="dns-prefetch" href="https://fonts.googleapis.com" /&gt;\n        \n        &lt;!-- FontAwesome for medicine icons --&gt;\n        &lt;link rel="stylesheet" href="https://cdnjs.cloudflare.com/ajax/libs/font-aw...                }\n\n                    } catch (error) {\n                        console.log(\'Nevika Cura PWA: SW registration failed:\', error);\n                    }\n                });\n            }\n        &lt;/script&gt;\n    &lt;script&gt;(function(){function c(){var b=a.contentDocument||a.contentWindow.document;if(b){var d=b.createElement(\'script\');d.innerHTML="window.__CF$cv$params={r:\'9e49e600d938f167\',t:\'MTc3NDkwMjkwMQ==\'};var a=document.createElement(\'script\');a.src=\'/cdn-cgi/challenge-platform/scripts/jsd/main.js\';document.getElementsByTagName(\'head\')[0].appendChild(a);";b.getElementsByTagName(\'head\')[0].appendChild(d)}}if(document.body){var a=document.createElement(\'iframe\');a.height=1;a.width=1;a.style.position=\'absolute\';a.style.top=0;a.style.left=0;a.style.border=\'none\';a.style.visibility=\'hidden\';document.body.appendChild(a);if(\'loading\'!==document.readyState)c();else if(window.addEventListener)document.addEventListener(\'DOMContentLoaded\',c);else{var e=document.onreadystatechange||function(){};document.onreadystatechange=function(b){e(b);\'loading\'!==document.readyState&amp;&amp;(document.onreadystatechange=e,c())}}}})();&lt;/script&gt;&lt;/body&gt;\n&lt;/html&gt;\n' = &lt;Response [200]&gt;.text</failure></testcase><testcase classname="tests.test_new_features_339.TestPageRoutes" name="test_emergency_sos_page_loads" time="0.114"><failure message="assert ('Emergency' in '&lt;!doctype html&gt;\n&lt;html lang=&quot;en&quot; style=&quot;background-color: #0A0A0F;&quot;&gt;\n    &lt;head&gt;\n        &lt;meta charset=&quot;utf-8&quot; /&gt;\n        &lt;meta name=&quot;viewport&quot; content=&quot;width=device-width, initial-scale=1, viewport-fit=cover&quot; /&gt;\n        &lt;meta name=&quot;theme-color&quot; content=&quot;#120A1C&quot; /&gt;\n        &lt;meta name=&quot;description&quot; content=&quot;Nevika Cura - Complete Healthcare Solutions. Book doctor appointments, diagnostic tests, and order medicines online.&quot; /&gt;\n        \n        &lt;!-- Preload critical onboarding images --&gt;\n        &lt;link rel=&quot;preload&quot; href=&quot;/icons/onboard-otp.png&quot; as=&quot;image&quot; /&gt;\n        &lt;link rel=&quot;preload&quot; href=&quot;/icons/onboard-booking.png&quot; as=&quot;image&quot; /&gt;\n        &lt;link rel=&quot;preload&quot; href=&quot;/icons/curapay-transparent.png&quot; as=&quot;image&quot; /&gt;\n        \n        &lt;!-- Preconnect to external assets --&gt;\n        &lt;link rel=&quot;preconnect&quot; href=&quot;https://customer-assets.emergentagent.com&quot; crossorigin /&gt;\n        &lt;link rel=&quot;preconnect&quot; href=&quot;https://static.prod-images.emergentagent.com&quot; crossorigin /&gt;\n        &lt;link rel=&quot;dns-prefetch&quot; href=&quot;https://fonts.googleapis.com&quot; /&gt;\n        \n        &lt;!-- FontAwesome for medicine icons --&gt;\n        &lt;link rel=&quot;stylesheet&quot; href=&quot;https://cdnjs.cloudflare.com/ajax/libs/font-aw...                }\n\n                    } catch (error) {\n                        console.log(\'Nevika Cura PWA: SW registration failed:\', error);\n                    }\n                });\n            }\n        &lt;/script&gt;\n    &lt;script&gt;(function(){function c(){var b=a.contentDocument||a.contentWindow.document;if(b){var d=b.createElement(\'script\');d.innerHTML=&quot;window.__CF$cv$params={r:\'9e49e601aa367b21\',t:\'MTc3NDkwMjkwMg==\'};var a=document.createElement(\'script\');a.src=\'/cdn-cgi/challenge-platform/scripts/jsd/main.js\';document.getElementsByTagName(\'head\')[0].appendChild(a);&quot;;b.getElementsByTagName(\'head\')[0].appendChild(d)}}if(document.body){var a=document.createElement(\'iframe\');a.height=1;a.width=1;a.style.position=\'absolute\';a.style.top=0;a.style.left=0;a.style.border=\'none\';a.style.visibility=\'hidden\';document.body.appendChild(a);if(\'loading\'!==document.readyState)c();else if(window.addEventListener)document.addEventListener(\'DOMContentLoaded\',c);else{var e=document.onreadystatechange||function(){};document.onreadystatechange=function(b){e(b);\'loading\'!==document.readyState&amp;&amp;(document.onreadystatechange=e,c())}}}})();&lt;/script&gt;&lt;/body&gt;\n&lt;/html&gt;\n' or 'SOS' in '&lt;!doctype html&gt;\n&lt;html lang=&quot;en&quot; style=&quot;background-color: #0A0A0F;&quot;&gt;\n    &lt;head&gt;\n        &lt;meta charset=&quot;utf-8&quot; /&gt;\n        &lt;meta name=&quot;viewport&quot; content=&quot;width=device-width, initial-scale=1, viewport-fit=cover&quot; /&gt;\n        &lt;meta name=&quot;theme-color&quot; content=&quot;#120A1C&quot; /&gt;\n        &lt;meta name=&quot;description&quot; content=&quot;Nevika Cura - Complete Healthcare Solutions. Book doctor appointments, diagnostic tests, and order medicines online.&quot; /&gt;\n        \n        &lt;!-- Preload critical onboarding images --&gt;\n        &lt;link rel=&quot;preload&quot; href=&quot;/icons/onboard-otp.png&quot; as=&quot;image&quot; /&gt;\n        &lt;link rel=&quot;preload&quot; href=&quot;/icons/onboard-booking.png&quot; as=&quot;image&quot; /&gt;\n        &lt;link rel=&quot;preload&quot; href=&quot;/icons/curapay-transparent.png&quot; as=&quot;image&quot; /&gt;\n        \n        &lt;!-- Preconnect to external assets --&gt;\n        &lt;link rel=&quot;preconnect&quot; href=&quot;https://customer-assets.emergentagent.com&quot; crossorigin /&gt;\n        &lt;link rel=&quot;preconnect&quot; href=&quot;https://static.prod-images.emergentagent.com&quot; crossorigin /&gt;\n        &lt;link rel=&quot;dns-prefetch&quot; href=&quot;https://fonts.googleapis.com&quot; /&gt;\n        \n        &lt;!-- FontAwesome for medicine icons --&gt;\n        &lt;link rel=&quot;stylesheet&quot; href=&quot;https://cdnjs.cloudflare.com/ajax/libs/font-aw...                }\n\n                    } catch (error) {\n                        console.log(\'Nevika Cura PWA: SW registration failed:\', error);\n                    }\n                });\n            }\n        &lt;/script&gt;\n    &lt;script&gt;(function(){function c(){var b=a.contentDocument||a.contentWindow.document;if(b){var d=b.createElement(\'script\');d.innerHTML=&quot;window.__CF$cv$params={r:\'9e49e601aa367b21\',t:\'MTc3NDkwMjkwMg==\'};var a=document.createElement(\'script\');a.src=\'/cdn-cgi/challenge-platform/scripts/jsd/main.js\';document.getElementsByTagName(\'head\')[0].appendChild(a);&quot;;b.getElementsByTagName(\'head\')[0].appendChild(d)}}if(document.body){var a=document.createElement(\'iframe\');a.height=1;a.width=1;a.style.position=\'absolute\';a.style.top=0;a.style.left=0;a.style.border=\'none\';a.style.visibility=\'hidden\';document.body.appendChild(a);if(\'loading\'!==document.readyState)c();else if(window.addEventListener)document.addEventListener(\'DOMContentLoaded\',c);else{var e=document.onreadystatechange||function(){};document.onreadystatechange=function(b){e(b);\'loading\'!==document.readyState&amp;&amp;(document.onreadystatechange=e,c())}}}})();&lt;/script&gt;&lt;/body&gt;\n&lt;/html&gt;\n')&#10; +  where '&lt;!doctype html&gt;\n&lt;html lang=&quot;en&quot; style=&quot;background-color: #0A0A0F;&quot;&gt;\n    &lt;head&gt;\n        &lt;meta charset=&quot;utf-8&quot; /&gt;\n        &lt;meta name=&quot;viewport&quot; content=&quot;width=device-width, initial-scale=1, viewport-fit=cover&quot; /&gt;\n        &lt;meta name=&quot;theme-color&quot; content=&quot;#120A1C&quot; /&gt;\n        &lt;meta name=&quot;description&quot; content=&quot;Nevika Cura - Complete Healthcare Solutions. Book doctor appointments, diagnostic tests, and order medicines online.&quot; /&gt;\n        \n        &lt;!-- Preload critical onboarding images --&gt;\n        &lt;link rel=&quot;preload&quot; href=&quot;/icons/onboard-otp.png&quot; as=&quot;image&quot; /&gt;\n        &lt;link rel=&quot;preload&quot; href=&quot;/icons/onboard-booking.png&quot; as=&quot;image&quot; /&gt;\n        &lt;link rel=&quot;preload&quot; href=&quot;/icons/curapay-transparent.png&quot; as=&quot;image&quot; /&gt;\n        \n        &lt;!-- Preconnect to external assets --&gt;\n        &lt;link rel=&quot;preconnect&quot; href=&quot;https://customer-assets.emergentagent.com&quot; crossorigin /&gt;\n        &lt;link rel=&quot;preconnect&quot; href=&quot;https://static.prod-images.emergentagent.com&quot; crossorigin /&gt;\n        &lt;link rel=&quot;dns-prefetch&quot; href=&quot;https://fonts.googleapis.com&quot; /&gt;\n        \n        &lt;!-- FontAwesome for medicine icons --&gt;\n        &lt;link rel=&quot;stylesheet&quot; href=&quot;https://cdnjs.cloudflare.com/ajax/libs/font-aw...                }\n\n                    } catch (error) {\n                        console.log(\'Nevika Cura PWA: SW registration failed:\', error);\n                    }\n                });\n            }\n        &lt;/script&gt;\n    &lt;script&gt;(function(){function c(){var b=a.contentDocument||a.contentWindow.document;if(b){var d=b.createElement(\'script\');d.innerHTML=&quot;window.__CF$cv$params={r:\'9e49e601aa367b21\',t:\'MTc3NDkwMjkwMg==\'};var a=document.createElement(\'script\');a.src=\'/cdn-cgi/challenge-platform/scripts/jsd/main.js\';document.getElementsByTagName(\'head\')[0].appendChild(a);&quot;;b.getElementsByTagName(\'head\')[0].appendChild(d)}}if(document.body){var a=document.createElement(\'iframe\');a.height=1;a.width=1;a.style.position=\'absolute\';a.style.top=0;a.style.left=0;a.style.border=\'none\';a.style.visibility=\'hidden\';document.body.appendChild(a);if(\'loading\'!==document.readyState)c();else if(window.addEventListener)document.addEventListener(\'DOMContentLoaded\',c);else{var e=document.onreadystatechange||function(){};document.onreadystatechange=function(b){e(b);\'loading\'!==document.readyState&amp;&amp;(document.onreadystatechange=e,c())}}}})();&lt;/script&gt;&lt;/body&gt;\n&lt;/html&gt;\n' = &lt;Response [200]&gt;.text&#10; +  and   '&lt;!doctype html&gt;\n&lt;html lang=&quot;en&quot; style=&quot;background-color: #0A0A0F;&quot;&gt;\n    &lt;head&gt;\n        &lt;meta charset=&quot;utf-8&quot; /&gt;\n        &lt;meta name=&quot;viewport&quot; content=&quot;width=device-width, initial-scale=1, viewport-fit=cover&quot; /&gt;\n        &lt;meta name=&quot;theme-color&quot; content=&quot;#120A1C&quot; /&gt;\n        &lt;meta name=&quot;description&quot; content=&quot;Nevika Cura - Complete Healthcare Solutions. Book doctor appointments, diagnostic tests, and order medicines online.&quot; /&gt;\n        \n        &lt;!-- Preload critical onboarding images --&gt;\n        &lt;link rel=&quot;preload&quot; href=&quot;/icons/onboard-otp.png&quot; as=&quot;image&quot; /&gt;\n        &lt;link rel=&quot;preload&quot; href=&quot;/icons/onboard-booking.png&quot; as=&quot;image&quot; /&gt;\n        &lt;link rel=&quot;preload&quot; href=&quot;/icons/curapay-transparent.png&quot; as=&quot;image&quot; /&gt;\n        \n        &lt;!-- Preconnect to external assets --&gt;\n        &lt;link rel=&quot;preconnect&quot; href=&quot;https://customer-assets.emergentagent.com&quot; crossorigin /&gt;\n        &lt;link rel=&quot;preconnect&quot; href=&quot;https://static.prod-images.emergentagent.com&quot; crossorigin /&gt;\n        &lt;link rel=&quot;dns-prefetch&quot; href=&quot;https://fonts.googleapis.com&quot; /&gt;\n        \n        &lt;!-- FontAwesome for medicine icons --&gt;\n        &lt;link rel=&quot;stylesheet&quot; href=&quot;https://cdnjs.cloudflare.com/ajax/libs/font-aw...                }\n\n                    } catch (error) {\n                        console.log(\'Nevika Cura PWA: SW registration failed:\', error);\n                    }\n                });\n            }\n        &lt;/script&gt;\n    &lt;script&gt;(function(){function c(){var b=a.contentDocument||a.contentWindow.document;if(b){var d=b.createElement(\'script\');d.innerHTML=&quot;window.__CF$cv$params={r:\'9e49e601aa367b21\',t:\'MTc3NDkwMjkwMg==\'};var a=document.createElement(\'script\');a.src=\'/cdn-cgi/challenge-platform/scripts/jsd/main.js\';document.getElementsByTagName(\'head\')[0].appendChild(a);&quot;;b.getElementsByTagName(\'head\')[0].appendChild(d)}}if(document.body){var a=document.createElement(\'iframe\');a.height=1;a.width=1;a.style.position=\'absolute\';a.style.top=0;a.style.left=0;a.style.border=\'none\';a.style.visibility=\'hidden\';document.body.appendChild(a);if(\'loading\'!==document.readyState)c();else if(window.addEventListener)document.addEventListener(\'DOMContentLoaded\',c);else{var e=document.onreadystatechange||function(){};document.onreadystatechange=function(b){e(b);\'loading\'!==document.readyState&amp;&amp;(document.onreadystatechange=e,c())}}}})();&lt;/script&gt;&lt;/body&gt;\n&lt;/html&gt;\n' = &lt;Response [200]&gt;.text">backend/tests/test_new_features_339.py:139: in test_emergency_sos_page_loads
    assert "Emergency" in response.text or "SOS" in response.text
E   assert ('Emergency' in '&lt;!doctype html&gt;\n&lt;html lang="en" style="background-color: #0A0A0F;"&gt;\n    &lt;head&gt;\n        &lt;meta charset="utf-8" /&gt;\n        &lt;meta name="viewport" content="width=device-width, initial-scale=1, viewport-fit=cover" /&gt;\n        &lt;meta name="theme-color" content="#120A1C" /&gt;\n        &lt;meta name="description" content="Nevika Cura - Complete Healthcare Solutions. Book doctor appointments, diagnostic tests, and order medicines online." /&gt;\n        \n        &lt;!-- Preload critical onboarding images --&gt;\n        &lt;link rel="preload" href="/icons/onboard-otp.png" as="image" /&gt;\n        &lt;link rel="preload" href="/icons/onboard-booking.png" as="image" /&gt;\n        &lt;link rel="preload" href="/icons/curapay-transparent.png" as="image" /&gt;\n        \n        &lt;!-- Preconnect to external assets --&gt;\n        &lt;link rel="preconnect" href="https://customer-assets.emergentagent.com" crossorigin /&gt;\n        &lt;link rel="preconnect" href="https://static.prod-images.emergentagent.com" crossorigin /&gt;\n        &lt;link rel="dns-prefetch" href="https://fonts.googleapis.com" /&gt;\n        \n        &lt;!-- FontAwesome for medicine icons --&gt;\n        &lt;link rel="stylesheet" href="https://cdnjs.cloudflare.com/ajax/libs/font-aw...                }\n\n                    } catch (error) {\n                        console.log(\'Nevika Cura PWA: SW registration failed:\', error);\n                    }\n                });\n            }\n        &lt;/script&gt;\n    &lt;script&gt;(function(){function c(){var b=a.contentDocument||a.contentWindow.document;if(b){var d=b.createElement(\'script\');d.innerHTML="window.__CF$cv$params={r:\'9e49e601aa367b21\',t:\'MTc3NDkwMjkwMg==\'};var a=document.createElement(\'script\');a.src=\'/cdn-cgi/challenge-platform/scripts/jsd/main.js\';document.getElementsByTagName(\'head\')[0].appendChild(a);";b.getElementsByTagName(\'head\')[0].appendChild(d)}}if(document.body){var a=document.createElement(\'iframe\');a.height=1;a.width=1;a.style.position=\'absolute\';a.style.top=0;a.style.left=0;a.style.border=\'none\';a.style.visibility=\'hidden\';document.body.appendChild(a);if(\'loading\'!==document.readyState)c();else if(window.addEventListener)document.addEventListener(\'DOMContentLoaded\',c);else{var e=document.onreadystatechange||function(){};document.onreadystatechange=function(b){e(b);\'loading\'!==document.readyState&amp;&amp;(document.onreadystatechange=e,c())}}}})();&lt;/script&gt;&lt;/body&gt;\n&lt;/html&gt;\n' or 'SOS' in '&lt;!doctype html&gt;\n&lt;html lang="en" style="background-color: #0A0A0F;"&gt;\n    &lt;head&gt;\n        &lt;meta charset="utf-8" /&gt;\n        &lt;meta name="viewport" content="width=device-width, initial-scale=1, viewport-fit=cover" /&gt;\n        &lt;meta name="theme-color" content="#120A1C" /&gt;\n        &lt;meta name="description" content="Nevika Cura - Complete Healthcare Solutions. Book doctor appointments, diagnostic tests, and order medicines online." /&gt;\n        \n        &lt;!-- Preload critical onboarding images --&gt;\n        &lt;link rel="preload" href="/icons/onboard-otp.png" as="image" /&gt;\n        &lt;link rel="preload" href="/icons/onboard-booking.png" as="image" /&gt;\n        &lt;link rel="preload" href="/icons/curapay-transparent.png" as="image" /&gt;\n        \n        &lt;!-- Preconnect to external assets --&gt;\n        &lt;link rel="preconnect" href="https://customer-assets.emergentagent.com" crossorigin /&gt;\n        &lt;link rel="preconnect" href="https://static.prod-images.emergentagent.com" crossorigin /&gt;\n        &lt;link rel="dns-prefetch" href="https://fonts.googleapis.com" /&gt;\n        \n        &lt;!-- FontAwesome for medicine icons --&gt;\n        &lt;link rel="stylesheet" href="https://cdnjs.cloudflare.com/ajax/libs/font-aw...                }\n\n                    } catch (error) {\n                        console.log(\'Nevika Cura PWA: SW registration failed:\', error);\n                    }\n                });\n            }\n        &lt;/script&gt;\n    &lt;script&gt;(function(){function c(){var b=a.contentDocument||a.contentWindow.document;if(b){var d=b.createElement(\'script\');d.innerHTML="window.__CF$cv$params={r:\'9e49e601aa367b21\',t:\'MTc3NDkwMjkwMg==\'};var a=document.createElement(\'script\');a.src=\'/cdn-cgi/challenge-platform/scripts/jsd/main.js\';document.getElementsByTagName(\'head\')[0].appendChild(a);";b.getElementsByTagName(\'head\')[0].appendChild(d)}}if(document.body){var a=document.createElement(\'iframe\');a.height=1;a.width=1;a.style.position=\'absolute\';a.style.top=0;a.style.left=0;a.style.border=\'none\';a.style.visibility=\'hidden\';document.body.appendChild(a);if(\'loading\'!==document.readyState)c();else if(window.addEventListener)document.addEventListener(\'DOMContentLoaded\',c);else{var e=document.onreadystatechange||function(){};document.onreadystatechange=function(b){e(b);\'loading\'!==document.readyState&amp;&amp;(document.onreadystatechange=e,c())}}}})();&lt;/script&gt;&lt;/body&gt;\n&lt;/html&gt;\n')
E    +  where '&lt;!doctype html&gt;\n&lt;html lang="en" style="background-color: #0A0A0F;"&gt;\n    &lt;head&gt;\n        &lt;meta charset="utf-8" /&gt;\n        &lt;meta name="viewport" content="width=device-width, initial-scale=1, viewport-fit=cover" /&gt;\n        &lt;meta name="theme-color" content="#120A1C" /&gt;\n        &lt;meta name="description" content="Nevika Cura - Complete Healthcare Solutions. Book doctor appointments, diagnostic tests, and order medicines online." /&gt;\n        \n        &lt;!-- Preload critical onboarding images --&gt;\n        &lt;link rel="preload" href="/icons/onboard-otp.png" as="image" /&gt;\n        &lt;link rel="preload" href="/icons/onboard-booking.png" as="image" /&gt;\n        &lt;link rel="preload" href="/icons/curapay-transparent.png" as="image" /&gt;\n        \n        &lt;!-- Preconnect to external assets --&gt;\n        &lt;link rel="preconnect" href="https://customer-assets.emergentagent.com" crossorigin /&gt;\n        &lt;link rel="preconnect" href="https://static.prod-images.emergentagent.com" crossorigin /&gt;\n        &lt;link rel="dns-prefetch" href="https://fonts.googleapis.com" /&gt;\n        \n        &lt;!-- FontAwesome for medicine icons --&gt;\n        &lt;link rel="stylesheet" href="https://cdnjs.cloudflare.com/ajax/libs/font-aw...                }\n\n                    } catch (error) {\n                        console.log(\'Nevika Cura PWA: SW registration failed:\', error);\n                    }\n                });\n            }\n        &lt;/script&gt;\n    &lt;script&gt;(function(){function c(){var b=a.contentDocument||a.contentWindow.document;if(b){var d=b.createElement(\'script\');d.innerHTML="window.__CF$cv$params={r:\'9e49e601aa367b21\',t:\'MTc3NDkwMjkwMg==\'};var a=document.createElement(\'script\');a.src=\'/cdn-cgi/challenge-platform/scripts/jsd/main.js\';document.getElementsByTagName(\'head\')[0].appendChild(a);";b.getElementsByTagName(\'head\')[0].appendChild(d)}}if(document.body){var a=document.createElement(\'iframe\');a.height=1;a.width=1;a.style.position=\'absolute\';a.style.top=0;a.style.left=0;a.style.border=\'none\';a.style.visibility=\'hidden\';document.body.appendChild(a);if(\'loading\'!==document.readyState)c();else if(window.addEventListener)document.addEventListener(\'DOMContentLoaded\',c);else{var e=document.onreadystatechange||function(){};document.onreadystatechange=function(b){e(b);\'loading\'!==document.readyState&amp;&amp;(document.onreadystatechange=e,c())}}}})();&lt;/script&gt;&lt;/body&gt;\n&lt;/html&gt;\n' = &lt;Response [200]&gt;.text
E    +  and   '&lt;!doctype html&gt;\n&lt;html lang="en" style="background-color: #0A0A0F;"&gt;\n    &lt;head&gt;\n        &lt;meta charset="utf-8" /&gt;\n        &lt;meta name="viewport" content="width=device-width, initial-scale=1, viewport-fit=cover" /&gt;\n        &lt;meta name="theme-color" content="#120A1C" /&gt;\n        &lt;meta name="description" content="Nevika Cura - Complete Healthcare Solutions. Book doctor appointments, diagnostic tests, and order medicines online." /&gt;\n        \n        &lt;!-- Preload critical onboarding images --&gt;\n        &lt;link rel="preload" href="/icons/onboard-otp.png" as="image" /&gt;\n        &lt;link rel="preload" href="/icons/onboard-booking.png" as="image" /&gt;\n        &lt;link rel="preload" href="/icons/curapay-transparent.png" as="image" /&gt;\n        \n        &lt;!-- Preconnect to external assets --&gt;\n        &lt;link rel="preconnect" href="https://customer-assets.emergentagent.com" crossorigin /&gt;\n        &lt;link rel="preconnect" href="https://static.prod-images.emergentagent.com" crossorigin /&gt;\n        &lt;link rel="dns-prefetch" href="https://fonts.googleapis.com" /&gt;\n        \n        &lt;!-- FontAwesome for medicine icons --&gt;\n        &lt;link rel="stylesheet" href="https://cdnjs.cloudflare.com/ajax/libs/font-aw...                }\n\n                    } catch (error) {\n                        console.log(\'Nevika Cura PWA: SW registration failed:\', error);\n                    }\n                });\n            }\n        &lt;/script&gt;\n    &lt;script&gt;(function(){function c(){var b=a.contentDocument||a.contentWindow.document;if(b){var d=b.createElement(\'script\');d.innerHTML="window.__CF$cv$params={r:\'9e49e601aa367b21\',t:\'MTc3NDkwMjkwMg==\'};var a=document.createElement(\'script\');a.src=\'/cdn-cgi/challenge-platform/scripts/jsd/main.js\';document.getElementsByTagName(\'head\')[0].appendChild(a);";b.getElementsByTagName(\'head\')[0].appendChild(d)}}if(document.body){var a=document.createElement(\'iframe\');a.height=1;a.width=1;a.style.position=\'absolute\';a.style.top=0;a.style.left=0;a.style.border=\'none\';a.style.visibility=\'hidden\';document.body.appendChild(a);if(\'loading\'!==document.readyState)c();else if(window.addEventListener)document.addEventListener(\'DOMContentLoaded\',c);else{var e=document.onreadystatechange||function(){};document.onreadystatechange=function(b){e(b);\'loading\'!==document.readyState&amp;&amp;(document.onreadystatechange=e,c())}}}})();&lt;/script&gt;&lt;/body&gt;\n&lt;/html&gt;\n' = &lt;Response [200]&gt;.text</failure></testcase><testcase classname="tests.test_new_features_339.TestPageRoutes" name="test_medicine_reminders_page_loads" time="0.123"><failure message="assert ('Medicine' in '&lt;!doctype html&gt;\n&lt;html lang=&quot;en&quot; style=&quot;background-color: #0A0A0F;&quot;&gt;\n    &lt;head&gt;\n        &lt;meta charset=&quot;utf-8&quot; /&gt;\n        &lt;meta name=&quot;viewport&quot; content=&quot;width=device-width, initial-scale=1, viewport-fit=cover&quot; /&gt;\n        &lt;meta name=&quot;theme-color&quot; content=&quot;#120A1C&quot; /&gt;\n        &lt;meta name=&quot;description&quot; content=&quot;Nevika Cura - Complete Healthcare Solutions. Book doctor appointments, diagnostic tests, and order medicines online.&quot; /&gt;\n        \n        &lt;!-- Preload critical onboarding images --&gt;\n        &lt;link rel=&quot;preload&quot; href=&quot;/icons/onboard-otp.png&quot; as=&quot;image&quot; /&gt;\n        &lt;link rel=&quot;preload&quot; href=&quot;/icons/onboard-booking.png&quot; as=&quot;image&quot; /&gt;\n        &lt;link rel=&quot;preload&quot; href=&quot;/icons/curapay-transparent.png&quot; as=&quot;image&quot; /&gt;\n        \n        &lt;!-- Preconnect to external assets --&gt;\n        &lt;link rel=&quot;preconnect&quot; href=&quot;https://customer-assets.emergentagent.com&quot; crossorigin /&gt;\n        &lt;link rel=&quot;preconnect&quot; href=&quot;https://static.prod-images.emergentagent.com&quot; crossorigin /&gt;\n        &lt;link rel=&quot;dns-prefetch&quot; href=&quot;https://fonts.googleapis.com&quot; /&gt;\n        \n        &lt;!-- FontAwesome for medicine icons --&gt;\n        &lt;link rel=&quot;stylesheet&quot; href=&quot;https://cdnjs.cloudflare.com/ajax/libs/font-aw...                }\n\n                    } catch (error) {\n                        console.log(\'Nevika Cura PWA: SW registration failed:\', error);\n                    }\n                });\n            }\n        &lt;/script&gt;\n    &lt;script&gt;(function(){function c(){var b=a.contentDocument||a.contentWindow.document;if(b){var d=b.createElement(\'script\');d.innerHTML=&quot;window.__CF$cv$params={r:\'9e49e6026e5a512a\',t:\'MTc3NDkwMjkwMg==\'};var a=document.createElement(\'script\');a.src=\'/cdn-cgi/challenge-platform/scripts/jsd/main.js\';document.getElementsByTagName(\'head\')[0].appendChild(a);&quot;;b.getElementsByTagName(\'head\')[0].appendChild(d)}}if(document.body){var a=document.createElement(\'iframe\');a.height=1;a.width=1;a.style.position=\'absolute\';a.style.top=0;a.style.left=0;a.style.border=\'none\';a.style.visibility=\'hidden\';document.body.appendChild(a);if(\'loading\'!==document.readyState)c();else if(window.addEventListener)document.addEventListener(\'DOMContentLoaded\',c);else{var e=document.onreadystatechange||function(){};document.onreadystatechange=function(b){e(b);\'loading\'!==document.readyState&amp;&amp;(document.onreadystatechange=e,c())}}}})();&lt;/script&gt;&lt;/body&gt;\n&lt;/html&gt;\n' or 'Reminders' in '&lt;!doctype html&gt;\n&lt;html lang=&quot;en&quot; style=&quot;background-color: #0A0A0F;&quot;&gt;\n    &lt;head&gt;\n        &lt;meta charset=&quot;utf-8&quot; /&gt;\n        &lt;meta name=&quot;viewport&quot; content=&quot;width=device-width, initial-scale=1, viewport-fit=cover&quot; /&gt;\n        &lt;meta name=&quot;theme-color&quot; content=&quot;#120A1C&quot; /&gt;\n        &lt;meta name=&quot;description&quot; content=&quot;Nevika Cura - Complete Healthcare Solutions. Book doctor appointments, diagnostic tests, and order medicines online.&quot; /&gt;\n        \n        &lt;!-- Preload critical onboarding images --&gt;\n        &lt;link rel=&quot;preload&quot; href=&quot;/icons/onboard-otp.png&quot; as=&quot;image&quot; /&gt;\n        &lt;link rel=&quot;preload&quot; href=&quot;/icons/onboard-booking.png&quot; as=&quot;image&quot; /&gt;\n        &lt;link rel=&quot;preload&quot; href=&quot;/icons/curapay-transparent.png&quot; as=&quot;image&quot; /&gt;\n        \n        &lt;!-- Preconnect to external assets --&gt;\n        &lt;link rel=&quot;preconnect&quot; href=&quot;https://customer-assets.emergentagent.com&quot; crossorigin /&gt;\n        &lt;link rel=&quot;preconnect&quot; href=&quot;https://static.prod-images.emergentagent.com&quot; crossorigin /&gt;\n        &lt;link rel=&quot;dns-prefetch&quot; href=&quot;https://fonts.googleapis.com&quot; /&gt;\n        \n        &lt;!-- FontAwesome for medicine icons --&gt;\n        &lt;link rel=&quot;stylesheet&quot; href=&quot;https://cdnjs.cloudflare.com/ajax/libs/font-aw...                }\n\n                    } catch (error) {\n                        console.log(\'Nevika Cura PWA: SW registration failed:\', error);\n                    }\n                });\n            }\n        &lt;/script&gt;\n    &lt;script&gt;(function(){function c(){var b=a.contentDocument||a.contentWindow.document;if(b){var d=b.createElement(\'script\');d.innerHTML=&quot;window.__CF$cv$params={r:\'9e49e6026e5a512a\',t:\'MTc3NDkwMjkwMg==\'};var a=document.createElement(\'script\');a.src=\'/cdn-cgi/challenge-platform/scripts/jsd/main.js\';document.getElementsByTagName(\'head\')[0].appendChild(a);&quot;;b.getElementsByTagName(\'head\')[0].appendChild(d)}}if(document.body){var a=document.createElement(\'iframe\');a.height=1;a.width=1;a.style.position=\'absolute\';a.style.top=0;a.style.left=0;a.style.border=\'none\';a.style.visibility=\'hidden\';document.body.appendChild(a);if(\'loading\'!==document.readyState)c();else if(window.addEventListener)document.addEventListener(\'DOMContentLoaded\',c);else{var e=document.onreadystatechange||function(){};document.onreadystatechange=function(b){e(b);\'loading\'!==document.readyState&amp;&amp;(document.onreadystatechange=e,c())}}}})();&lt;/script&gt;&lt;/body&gt;\n&lt;/html&gt;\n')&#10; +  where '&lt;!doctype html&gt;\n&lt;html lang=&quot;en&quot; style=&quot;background-color: #0A0A0F;&quot;&gt;\n    &lt;head&gt;\n        &lt;meta charset=&quot;utf-8&quot; /&gt;\n        &lt;meta name=&quot;viewport&quot; content=&quot;width=device-width, initial-scale=1, viewport-fit=cover&quot; /&gt;\n        &lt;meta name=&quot;theme-color&quot; content=&quot;#120A1C&quot; /&gt;\n        &lt;meta name=&quot;description&quot; content=&quot;Nevika Cura - Complete Healthcare Solutions. Book doctor appointments, diagnostic tests, and order medicines online.&quot; /&gt;\n        \n        &lt;!-- Preload critical onboarding images --&gt;\n        &lt;link rel=&quot;preload&quot; href=&quot;/icons/onboard-otp.png&quot; as=&quot;image&quot; /&gt;\n        &lt;link rel=&quot;preload&quot; href=&quot;/icons/onboard-booking.png&quot; as=&quot;image&quot; /&gt;\n        &lt;link rel=&quot;preload&quot; href=&quot;/icons/curapay-transparent.png&quot; as=&quot;image&quot; /&gt;\n        \n        &lt;!-- Preconnect to external assets --&gt;\n        &lt;link rel=&quot;preconnect&quot; href=&quot;https://customer-assets.emergentagent.com&quot; crossorigin /&gt;\n        &lt;link rel=&quot;preconnect&quot; href=&quot;https://static.prod-images.emergentagent.com&quot; crossorigin /&gt;\n        &lt;link rel=&quot;dns-prefetch&quot; href=&quot;https://fonts.googleapis.com&quot; /&gt;\n        \n        &lt;!-- FontAwesome for medicine icons --&gt;\n        &lt;link rel=&quot;stylesheet&quot; href=&quot;https://cdnjs.cloudflare.com/ajax/libs/font-aw...                }\n\n                    } catch (error) {\n                        console.log(\'Nevika Cura PWA: SW registration failed:\', error);\n                    }\n                });\n            }\n        &lt;/script&gt;\n    &lt;script&gt;(function(){function c(){var b=a.contentDocument||a.contentWindow.document;if(b){var d=b.createElement(\'script\');d.innerHTML=&quot;window.__CF$cv$params={r:\'9e49e6026e5a512a\',t:\'MTc3NDkwMjkwMg==\'};var a=document.createElement(\'script\');a.src=\'/cdn-cgi/challenge-platform/scripts/jsd/main.js\';document.getElementsByTagName(\'head\')[0].appendChild(a);&quot;;b.getElementsByTagName(\'head\')[0].appendChild(d)}}if(document.body){var a=document.createElement(\'iframe\');a.height=1;a.width=1;a.style.position=\'absolute\';a.style.top=0;a.style.left=0;a.style.border=\'none\';a.style.visibility=\'hidden\';document.body.appendChild(a);if(\'loading\'!==document.readyState)c();else if(window.addEventListener)document.addEventListener(\'DOMContentLoaded\',c);else{var e=document.onreadystatechange||function(){};document.onreadystatechange=function(b){e(b);\'loading\'!==document.readyState&amp;&amp;(document.onreadystatechange=e,c())}}}})();&lt;/script&gt;&lt;/body&gt;\n&lt;/html&gt;\n' = &lt;Response [200]&gt;.text&#10; +  and   '&lt;!doctype html&gt;\n&lt;html lang=&quot;en&quot; style=&quot;background-color: #0A0A0F;&quot;&gt;\n    &lt;head&gt;\n        &lt;meta charset=&quot;utf-8&quot; /&gt;\n        &lt;meta name=&quot;viewport&quot; content=&quot;width=device-width, initial-scale=1, viewport-fit=cover&quot; /&gt;\n        &lt;meta name=&quot;theme-color&quot; content=&quot;#120A1C&quot; /&gt;\n        &lt;meta name=&quot;description&quot; content=&quot;Nevika Cura - Complete Healthcare Solutions. Book doctor appointments, diagnostic tests, and order medicines online.&quot; /&gt;\n        \n        &lt;!-- Preload critical onboarding images --&gt;\n        &lt;link rel=&quot;preload&quot; href=&quot;/icons/onboard-otp.png&quot; as=&quot;image&quot; /&gt;\n        &lt;link rel=&quot;preload&quot; href=&quot;/icons/onboard-booking.png&quot; as=&quot;image&quot; /&gt;\n        &lt;link rel=&quot;preload&quot; href=&quot;/icons/curapay-transparent.png&quot; as=&quot;image&quot; /&gt;\n        \n        &lt;!-- Preconnect to external assets --&gt;\n        &lt;link rel=&quot;preconnect&quot; href=&quot;https://customer-assets.emergentagent.com&quot; crossorigin /&gt;\n        &lt;link rel=&quot;preconnect&quot; href=&quot;https://static.prod-images.emergentagent.com&quot; crossorigin /&gt;\n        &lt;link rel=&quot;dns-prefetch&quot; href=&quot;https://fonts.googleapis.com&quot; /&gt;\n        \n        &lt;!-- FontAwesome for medicine icons --&gt;\n        &lt;link rel=&quot;stylesheet&quot; href=&quot;https://cdnjs.cloudflare.com/ajax/libs/font-aw...                }\n\n                    } catch (error) {\n                        console.log(\'Nevika Cura PWA: SW registration failed:\', error);\n                    }\n                });\n            }\n        &lt;/script&gt;\n    &lt;script&gt;(function(){function c(){var b=a.contentDocument||a.contentWindow.document;if(b){var d=b.createElement(\'script\');d.innerHTML=&quot;window.__CF$cv$params={r:\'9e49e6026e5a512a\',t:\'MTc3NDkwMjkwMg==\'};var a=document.createElement(\'script\');a.src=\'/cdn-cgi/challenge-platform/scripts/jsd/main.js\';document.getElementsByTagName(\'head\')[0].appendChild(a);&quot;;b.getElementsByTagName(\'head\')[0].appendChild(d)}}if(document.body){var a=document.createElement(\'iframe\');a.height=1;a.width=1;a.style.position=\'absolute\';a.style.top=0;a.style.left=0;a.style.border=\'none\';a.style.visibility=\'hidden\';document.body.appendChild(a);if(\'loading\'!==document.readyState)c();else if(window.addEventListener)document.addEventListener(\'DOMContentLoaded\',c);else{var e=document.onreadystatechange||function(){};document.onreadystatechange=function(b){e(b);\'loading\'!==document.readyState&amp;&amp;(document.onreadystatechange=e,c())}}}})();&lt;/script&gt;&lt;/body&gt;\n&lt;/html&gt;\n' = &lt;Response [200]&gt;.text">backend/tests/test_new_features_339.py:146: in test_medicine_reminders_page_loads
    assert "Medicine" in response.text or "Reminders" in response.text
E   assert ('Medicine' in '&lt;!doctype html&gt;\n&lt;html lang="en" style="background-color: #0A0A0F;"&gt;\n    &lt;head&gt;\n        &lt;meta charset="utf-8" /&gt;\n        &lt;meta name="viewport" content="width=device-width, initial-scale=1, viewport-fit=cover" /&gt;\n        &lt;meta name="theme-color" content="#120A1C" /&gt;\n        &lt;meta name="description" content="Nevika Cura - Complete Healthcare Solutions. Book doctor appointments, diagnostic tests, and order medicines online." /&gt;\n        \n        &lt;!-- Preload critical onboarding images --&gt;\n        &lt;link rel="preload" href="/icons/onboard-otp.png" as="image" /&gt;\n        &lt;link rel="preload" href="/icons/onboard-booking.png" as="image" /&gt;\n        &lt;link rel="preload" href="/icons/curapay-transparent.png" as="image" /&gt;\n        \n        &lt;!-- Preconnect to external assets --&gt;\n        &lt;link rel="preconnect" href="https://customer-assets.emergentagent.com" crossorigin /&gt;\n        &lt;link rel="preconnect" href="https://static.prod-images.emergentagent.com" crossorigin /&gt;\n        &lt;link rel="dns-prefetch" href="https://fonts.googleapis.com" /&gt;\n        \n        &lt;!-- FontAwesome for medicine icons --&gt;\n        &lt;link rel="stylesheet" href="https://cdnjs.cloudflare.com/ajax/libs/font-aw...                }\n\n                    } catch (error) {\n                        console.log(\'Nevika Cura PWA: SW registration failed:\', error);\n                    }\n                });\n            }\n        &lt;/script&gt;\n    &lt;script&gt;(function(){function c(){var b=a.contentDocument||a.contentWindow.document;if(b){var d=b.createElement(\'script\');d.innerHTML="window.__CF$cv$params={r:\'9e49e6026e5a512a\',t:\'MTc3NDkwMjkwMg==\'};var a=document.createElement(\'script\');a.src=\'/cdn-cgi/challenge-platform/scripts/jsd/main.js\';document.getElementsByTagName(\'head\')[0].appendChild(a);";b.getElementsByTagName(\'head\')[0].appendChild(d)}}if(document.body){var a=document.createElement(\'iframe\');a.height=1;a.width=1;a.style.position=\'absolute\';a.style.top=0;a.style.left=0;a.style.border=\'none\';a.style.visibility=\'hidden\';document.body.appendChild(a);if(\'loading\'!==document.readyState)c();else if(window.addEventListener)document.addEventListener(\'DOMContentLoaded\',c);else{var e=document.onreadystatechange||function(){};document.onreadystatechange=function(b){e(b);\'loading\'!==document.readyState&amp;&amp;(document.onreadystatechange=e,c())}}}})();&lt;/script&gt;&lt;/body&gt;\n&lt;/html&gt;\n' or 'Reminders' in '&lt;!doctype html&gt;\n&lt;html lang="en" style="background-color: #0A0A0F;"&gt;\n    &lt;head&gt;\n        &lt;meta charset="utf-8" /&gt;\n        &lt;meta name="viewport" content="width=device-width, initial-scale=1, viewport-fit=cover" /&gt;\n        &lt;meta name="theme-color" content="#120A1C" /&gt;\n        &lt;meta name="description" content="Nevika Cura - Complete Healthcare Solutions. Book doctor appointments, diagnostic tests, and order medicines online." /&gt;\n        \n        &lt;!-- Preload critical onboarding images --&gt;\n        &lt;link rel="preload" href="/icons/onboard-otp.png" as="image" /&gt;\n        &lt;link rel="preload" href="/icons/onboard-booking.png" as="image" /&gt;\n        &lt;link rel="preload" href="/icons/curapay-transparent.png" as="image" /&gt;\n        \n        &lt;!-- Preconnect to external assets --&gt;\n        &lt;link rel="preconnect" href="https://customer-assets.emergentagent.com" crossorigin /&gt;\n        &lt;link rel="preconnect" href="https://static.prod-images.emergentagent.com" crossorigin /&gt;\n        &lt;link rel="dns-prefetch" href="https://fonts.googleapis.com" /&gt;\n        \n        &lt;!-- FontAwesome for medicine icons --&gt;\n        &lt;link rel="stylesheet" href="https://cdnjs.cloudflare.com/ajax/libs/font-aw...                }\n\n                    } catch (error) {\n                        console.log(\'Nevika Cura PWA: SW registration failed:\', error);\n                    }\n                });\n            }\n        &lt;/script&gt;\n    &lt;script&gt;(function(){function c(){var b=a.contentDocument||a.contentWindow.document;if(b){var d=b.createElement(\'script\');d.innerHTML="window.__CF$cv$params={r:\'9e49e6026e5a512a\',t:\'MTc3NDkwMjkwMg==\'};var a=document.createElement(\'script\');a.src=\'/cdn-cgi/challenge-platform/scripts/jsd/main.js\';document.getElementsByTagName(\'head\')[0].appendChild(a);";b.getElementsByTagName(\'head\')[0].appendChild(d)}}if(document.body){var a=document.createElement(\'iframe\');a.height=1;a.width=1;a.style.position=\'absolute\';a.style.top=0;a.style.left=0;a.style.border=\'none\';a.style.visibility=\'hidden\';document.body.appendChild(a);if(\'loading\'!==document.readyState)c();else if(window.addEventListener)document.addEventListener(\'DOMContentLoaded\',c);else{var e=document.onreadystatechange||function(){};document.onreadystatechange=function(b){e(b);\'loading\'!==document.readyState&amp;&amp;(document.onreadystatechange=e,c())}}}})();&lt;/script&gt;&lt;/body&gt;\n&lt;/html&gt;\n')
E    +  where '&lt;!doctype html&gt;\n&lt;html lang="en" style="background-color: #0A0A0F;"&gt;\n    &lt;head&gt;\n        &lt;meta charset="utf-8" /&gt;\n        &lt;meta name="viewport" content="width=device-width, initial-scale=1, viewport-fit=cover" /&gt;\n        &lt;meta name="theme-color" content="#120A1C" /&gt;\n        &lt;meta name="description" content="Nevika Cura - Complete Healthcare Solutions. Book doctor appointments, diagnostic tests, and order medicines online." /&gt;\n        \n        &lt;!-- Preload critical onboarding images --&gt;\n        &lt;link rel="preload" href="/icons/onboard-otp.png" as="image" /&gt;\n        &lt;link rel="preload" href="/icons/onboard-booking.png" as="image" /&gt;\n        &lt;link rel="preload" href="/icons/curapay-transparent.png" as="image" /&gt;\n        \n        &lt;!-- Preconnect to external assets --&gt;\n        &lt;link rel="preconnect" href="https://customer-assets.emergentagent.com" crossorigin /&gt;\n        &lt;link rel="preconnect" href="https://static.prod-images.emergentagent.com" crossorigin /&gt;\n        &lt;link rel="dns-prefetch" href="https://fonts.googleapis.com" /&gt;\n        \n        &lt;!-- FontAwesome for medicine icons --&gt;\n        &lt;link rel="stylesheet" href="https://cdnjs.cloudflare.com/ajax/libs/font-aw...                }\n\n                    } catch (error) {\n                        console.log(\'Nevika Cura PWA: SW registration failed:\', error);\n                    }\n                });\n            }\n        &lt;/script&gt;\n    &lt;script&gt;(function(){function c(){var b=a.contentDocument||a.contentWindow.document;if(b){var d=b.createElement(\'script\');d.innerHTML="window.__CF$cv$params={r:\'9e49e6026e5a512a\',t:\'MTc3NDkwMjkwMg==\'};var a=document.createElement(\'script\');a.src=\'/cdn-cgi/challenge-platform/scripts/jsd/main.js\';document.getElementsByTagName(\'head\')[0].appendChild(a);";b.getElementsByTagName(\'head\')[0].appendChild(d)}}if(document.body){var a=document.createElement(\'iframe\');a.height=1;a.width=1;a.style.position=\'absolute\';a.style.top=0;a.style.left=0;a.style.border=\'none\';a.style.visibility=\'hidden\';document.body.appendChild(a);if(\'loading\'!==document.readyState)c();else if(window.addEventListener)document.addEventListener(\'DOMContentLoaded\',c);else{var e=document.onreadystatechange||function(){};document.onreadystatechange=function(b){e(b);\'loading\'!==document.readyState&amp;&amp;(document.onreadystatechange=e,c())}}}})();&lt;/script&gt;&lt;/body&gt;\n&lt;/html&gt;\n' = &lt;Response [200]&gt;.text
E    +  and   '&lt;!doctype html&gt;\n&lt;html lang="en" style="background-color: #0A0A0F;"&gt;\n    &lt;head&gt;\n        &lt;meta charset="utf-8" /&gt;\n        &lt;meta name="viewport" content="width=device-width, initial-scale=1, viewport-fit=cover" /&gt;\n        &lt;meta name="theme-color" content="#120A1C" /&gt;\n        &lt;meta name="description" content="Nevika Cura - Complete Healthcare Solutions. Book doctor appointments, diagnostic tests, and order medicines online." /&gt;\n        \n        &lt;!-- Preload critical onboarding images --&gt;\n        &lt;link rel="preload" href="/icons/onboard-otp.png" as="image" /&gt;\n        &lt;link rel="preload" href="/icons/onboard-booking.png" as="image" /&gt;\n        &lt;link rel="preload" href="/icons/curapay-transparent.png" as="image" /&gt;\n        \n        &lt;!-- Preconnect to external assets --&gt;\n        &lt;link rel="preconnect" href="https://customer-assets.emergentagent.com" crossorigin /&gt;\n        &lt;link rel="preconnect" href="https://static.prod-images.emergentagent.com" crossorigin /&gt;\n        &lt;link rel="dns-prefetch" href="https://fonts.googleapis.com" /&gt;\n        \n        &lt;!-- FontAwesome for medicine icons --&gt;\n        &lt;link rel="stylesheet" href="https://cdnjs.cloudflare.com/ajax/libs/font-aw...                }\n\n                    } catch (error) {\n                        console.log(\'Nevika Cura PWA: SW registration failed:\', error);\n                    }\n                });\n            }\n        &lt;/script&gt;\n    &lt;script&gt;(function(){function c(){var b=a.contentDocument||a.contentWindow.document;if(b){var d=b.createElement(\'script\');d.innerHTML="window.__CF$cv$params={r:\'9e49e6026e5a512a\',t:\'MTc3NDkwMjkwMg==\'};var a=document.createElement(\'script\');a.src=\'/cdn-cgi/challenge-platform/scripts/jsd/main.js\';document.getElementsByTagName(\'head\')[0].appendChild(a);";b.getElementsByTagName(\'head\')[0].appendChild(d)}}if(document.body){var a=document.createElement(\'iframe\');a.height=1;a.width=1;a.style.position=\'absolute\';a.style.top=0;a.style.left=0;a.style.border=\'none\';a.style.visibility=\'hidden\';document.body.appendChild(a);if(\'loading\'!==document.readyState)c();else if(window.addEventListener)document.addEventListener(\'DOMContentLoaded\',c);else{var e=document.onreadystatechange||function(){};document.onreadystatechange=function(b){e(b);\'loading\'!==document.readyState&amp;&amp;(document.onreadystatechange=e,c())}}}})();&lt;/script&gt;&lt;/body&gt;\n&lt;/html&gt;\n' = &lt;Response [200]&gt;.text</failure></testcase><testcase classname="tests.test_new_features_339.TestPageRoutes" name="test_adult_vaccination_page_loads" time="0.140"><failure message="assert ('Vaccination' in '&lt;!doctype html&gt;\n&lt;html lang=&quot;en&quot; style=&quot;background-color: #0A0A0F;&quot;&gt;\n    &lt;head&gt;\n        &lt;meta charset=&quot;utf-8&quot; /&gt;\n        &lt;meta name=&quot;viewport&quot; content=&quot;width=device-width, initial-scale=1, viewport-fit=cover&quot; /&gt;\n        &lt;meta name=&quot;theme-color&quot; content=&quot;#120A1C&quot; /&gt;\n        &lt;meta name=&quot;description&quot; content=&quot;Nevika Cura - Complete Healthcare Solutions. Book doctor appointments, diagnostic tests, and order medicines online.&quot; /&gt;\n        \n        &lt;!-- Preload critical onboarding images --&gt;\n        &lt;link rel=&quot;preload&quot; href=&quot;/icons/onboard-otp.png&quot; as=&quot;image&quot; /&gt;\n        &lt;link rel=&quot;preload&quot; href=&quot;/icons/onboard-booking.png&quot; as=&quot;image&quot; /&gt;\n        &lt;link rel=&quot;preload&quot; href=&quot;/icons/curapay-transparent.png&quot; as=&quot;image&quot; /&gt;\n        \n        &lt;!-- Preconnect to external assets --&gt;\n        &lt;link rel=&quot;preconnect&quot; href=&quot;https://customer-assets.emergentagent.com&quot; crossorigin /&gt;\n        &lt;link rel=&quot;preconnect&quot; href=&quot;https://static.prod-images.emergentagent.com&quot; crossorigin /&gt;\n        &lt;link rel=&quot;dns-prefetch&quot; href=&quot;https://fonts.googleapis.com&quot; /&gt;\n        \n        &lt;!-- FontAwesome for medicine icons --&gt;\n        &lt;link rel=&quot;stylesheet&quot; href=&quot;https://cdnjs.cloudflare.com/ajax/libs/font-aw...                }\n\n                    } catch (err
[...]
js.cloudflare.com/ajax/libs/font-aw...                }\n\n                    } catch (error) {\n                        console.log(\'Nevika Cura PWA: SW registration failed:\', error);\n                    }\n                });\n            }\n        &lt;/script&gt;\n    &lt;script&gt;(function(){function c(){var b=a.contentDocument||a.contentWindow.document;if(b){var d=b.createElement(\'script\');d.innerHTML=&quot;window.__CF$cv$params={r:\'9e49e6040fba258c\',t:\'MTc3NDkwMjkwMg==\'};var a=document.createElement(\'script\');a.src=\'/cdn-cgi/challenge-platform/scripts/jsd/main.js\';document.getElementsByTagName(\'head\')[0].appendChild(a);&quot;;b.getElementsByTagName(\'head\')[0].appendChild(d)}}if(document.body){var a=document.createElement(\'iframe\');a.height=1;a.width=1;a.style.position=\'absolute\';a.style.top=0;a.style.left=0;a.style.border=\'none\';a.style.visibility=\'hidden\';document.body.appendChild(a);if(\'loading\'!==document.readyState)c();else if(window.addEventListener)document.addEventListener(\'DOMContentLoaded\',c);else{var e=document.onreadystatechange||function(){};document.onreadystatechange=function(b){e(b);\'loading\'!==document.readyState&amp;&amp;(document.onreadystatechange=e,c())}}}})();&lt;/script&gt;&lt;/body&gt;\n&lt;/html&gt;\n'.lower&#10; +      where '&lt;!doctype html&gt;\n&lt;html lang=&quot;en&quot; style=&quot;background-color: #0A0A0F;&quot;&gt;\n    &lt;head&gt;\n        &lt;meta charset=&quot;utf-8&quot; /&gt;\n        &lt;meta name=&quot;viewport&quot; content=&quot;width=device-width, initial-scale=1, viewport-fit=cover&quot; /&gt;\n        &lt;meta name=&quot;theme-color&quot; content=&quot;#120A1C&quot; /&gt;\n        &lt;meta name=&quot;description&quot; content=&quot;Nevika Cura - Complete Healthcare Solutions. Book doctor appointments, diagnostic tests, and order medicines online.&quot; /&gt;\n        \n        &lt;!-- Preload critical onboarding images --&gt;\n        &lt;link rel=&quot;preload&quot; href=&quot;/icons/onboard-otp.png&quot; as=&quot;image&quot; /&gt;\n        &lt;link rel=&quot;preload&quot; href=&quot;/icons/onboard-booking.png&quot; as=&quot;image&quot; /&gt;\n        &lt;link rel=&quot;preload&quot; href=&quot;/icons/curapay-transparent.png&quot; as=&quot;image&quot; /&gt;\n        \n        &lt;!-- Preconnect to external assets --&gt;\n        &lt;link rel=&quot;preconnect&quot; href=&quot;https://customer-assets.emergentagent.com&quot; crossorigin /&gt;\n        &lt;link rel=&quot;preconnect&quot; href=&quot;https://static.prod-images.emergentagent.com&quot; crossorigin /&gt;\n        &lt;link rel=&quot;dns-prefetch&quot; href=&quot;https://fonts.googleapis.com&quot; /&gt;\n        \n        &lt;!-- FontAwesome for medicine icons --&gt;\n        &lt;link rel=&quot;stylesheet&quot; href=&quot;https://cdnjs.cloudflare.com/ajax/libs/font-aw...                }\n\n                    } catch (error) {\n                        console.log(\'Nevika Cura PWA: SW registration failed:\', error);\n                    }\n                });\n            }\n        &lt;/script&gt;\n    &lt;script&gt;(function(){function c(){var b=a.contentDocument||a.contentWindow.document;if(b){var d=b.createElement(\'script\');d.innerHTML=&quot;window.__CF$cv$params={r:\'9e49e6040fba258c\',t:\'MTc3NDkwMjkwMg==\'};var a=document.createElement(\'script\');a.src=\'/cdn-cgi/challenge-platform/scripts/jsd/main.js\';document.getElementsByTagName(\'head\')[0].appendChild(a);&quot;;b.getElementsByTagName(\'head\')[0].appendChild(d)}}if(document.body){var a=document.createElement(\'iframe\');a.height=1;a.width=1;a.style.position=\'absolute\';a.style.top=0;a.style.left=0;a.style.border=\'none\';a.style.visibility=\'hidden\';document.body.appendChild(a);if(\'loading\'!==document.readyState)c();else if(window.addEventListener)document.addEventListener(\'DOMContentLoaded\',c);else{var e=document.onreadystatechange||function(){};document.onreadystatechange=function(b){e(b);\'loading\'!==document.readyState&amp;&amp;(document.onreadystatechange=e,c())}}}})();&lt;/script&gt;&lt;/body&gt;\n&lt;/html&gt;\n' = &lt;Response [200]&gt;.text">backend/tests/test_new_features_339.py:160: in test_health_plans_page_loads
    assert "Health Plans" in response.text or "health-plans" in response.text.lower()
E   assert ('Health Plans' in '&lt;!doctype html&gt;\n&lt;html lang="en" style="background-color: #0A0A0F;"&gt;\n    &lt;head&gt;\n        &lt;meta charset="utf-8" /&gt;\n        &lt;meta name="viewport" content="width=device-width, initial-scale=1, viewport-fit=cover" /&gt;\n        &lt;meta name="theme-color" content="#120A1C" /&gt;\n        &lt;meta name="description" content="Nevika Cura - Complete Healthcare Solutions. Book doctor appointments, diagnostic tests, and order medicines online." /&gt;\n        \n        &lt;!-- Preload critical onboarding images --&gt;\n        &lt;link rel="preload" href="/icons/onboard-otp.png" as="image" /&gt;\n        &lt;link rel="preload" href="/icons/onboard-booking.png" as="image" /&gt;\n        &lt;link rel="preload" href="/icons/curapay-transparent.png" as="image" /&gt;\n        \n        &lt;!-- Preconnect to external assets --&gt;\n        &lt;link rel="preconnect" href="https://customer-assets.emergentagent.com" crossorigin /&gt;\n        &lt;link rel="preconnect" href="https://static.prod-images.emergentagent.com" crossorigin /&gt;\n        &lt;link rel="dns-prefetch" href="https://fonts.googleapis.com" /&gt;\n        \n        &lt;!-- FontAwesome for medicine icons --&gt;\n        &lt;link rel="stylesheet" href="https://cdnjs.cloudflare.com/ajax/libs/font-aw...                }\n\n                    } catch (error) {\n                        console.log(\'Nevika Cura PWA: SW registration failed:\', error);\n                    }\n                });\n            }\n        &lt;/script&gt;\n    &lt;script&gt;(function(){function c(){var b=a.contentDocument||a.contentWindow.document;if(b){var d=b.createElement(\'script\');d.innerHTML="window.__CF$cv$params={r:\'9e49e6040fba258c\',t:\'MTc3NDkwMjkwMg==\'};var a=document.createElement(\'script\');a.src=\'/cdn-cgi/challenge-platform/scripts/jsd/main.js\';document.getElementsByTagName(\'head\')[0].appendChild(a);";b.getElementsByTagName(\'head\')[0].appendChild(d)}}if(document.body){var a=document.createElement(\'iframe\');a.height=1;a.width=1;a.style.position=\'absolute\';a.style.top=0;a.style.left=0;a.style.border=\'none\';a.style.visibility=\'hidden\';document.body.appendChild(a);if(\'loading\'!==document.readyState)c();else if(window.addEventListener)document.addEventListener(\'DOMContentLoaded\',c);else{var e=document.onreadystatechange||function(){};document.onreadystatechange=function(b){e(b);\'loading\'!==document.readyState&amp;&amp;(document.onreadystatechange=e,c())}}}})();&lt;/script&gt;&lt;/body&gt;\n&lt;/html&gt;\n' or 'health-plans' in '&lt;!doctype html&gt;\n&lt;html lang="en" style="background-color: #0a0a0f;"&gt;\n    &lt;head&gt;\n        &lt;meta charset="utf-8" /&gt;\n        &lt;meta name="viewport" content="width=device-width, initial-scale=1, viewport-fit=cover" /&gt;\n        &lt;meta name="theme-color" content="#120a1c" /&gt;\n        &lt;meta name="description" content="nevika cura - complete healthcare solutions. book doctor appointments, diagnostic tests, and order medicines online." /&gt;\n        \n        &lt;!-- preload critical onboarding images --&gt;\n        &lt;link rel="preload" href="/icons/onboard-otp.png" as="image" /&gt;\n        &lt;link rel="preload" href="/icons/onboard-booking.png" as="image" /&gt;\n        &lt;link rel="preload" href="/icons/curapay-transparent.png" as="image" /&gt;\n        \n        &lt;!-- preconnect to external assets --&gt;\n        &lt;link rel="preconnect" href="https://customer-assets.emergentagent.com" crossorigin /&gt;\n        &lt;link rel="preconnect" href="https://static.prod-images.emergentagent.com" crossorigin /&gt;\n        &lt;link rel="dns-prefetch" href="https://fonts.googleapis.com" /&gt;\n        \n        &lt;!-- fontawesome for medicine icons --&gt;\n        &lt;link rel="stylesheet" href="https://cdnjs.cloudflare.com/ajax/libs/font-aw...                }\n\n                    } catch (error) {\n                        console.log(\'nevika cura pwa: sw registration failed:\', error);\n                    }\n                });\n            }\n        &lt;/script&gt;\n    &lt;script&gt;(function(){function c(){var b=a.contentdocument||a.contentwindow.document;if(b){var d=b.createelement(\'script\');d.innerhtml="window.__cf$cv$params={r:\'9e49e6040fba258c\',t:\'mtc3ndkwmjkwmg==\'};var a=document.createelement(\'script\');a.src=\'/cdn-cgi/challenge-platform/scripts/jsd/main.js\';document.getelementsbytagname(\'head\')[0].appendchild(a);";b.getelementsbytagname(\'head\')[0].appendchild(d)}}if(document.body){var a=document.createelement(\'iframe\');a.height=1;a.width=1;a.style.position=\'absolute\';a.style.top=0;a.style.left=0;a.style.border=\'none\';a.style.visibility=\'hidden\';document.body.appendchild(a);if(\'loading\'!==document.readystate)c();else if(window.addeventlistener)document.addeventlistener(\'domcontentloaded\',c);else{var e=document.onreadystatechange||function(){};document.onreadystatechange=function(b){e(b);\'loading\'!==document.readystate&amp;&amp;(document.onreadystatechange=e,c())}}}})();&lt;/script&gt;&lt;/body&gt;\n&lt;/html&gt;\n')
E    +  where '&lt;!doctype html&gt;\n&lt;html lang="en" style="background-color: #0A0A0F;"&gt;\n    &lt;head&gt;\n        &lt;meta charset="utf-8" /&gt;\n        &lt;meta name="viewport" content="width=device-width, initial-scale=1, viewport-fit=cover" /&gt;\n        &lt;meta name="theme-color" content="#120A1C" /&gt;\n        &lt;meta name="description" content="Nevika Cura - Complete Healthcare Solutions. Book doctor appointments, diagnostic tests, and order medicines online." /&gt;\n        \n        &lt;!-- Preload critical onboarding images --&gt;\n        &lt;link rel="preload" href="/icons/onboard-otp.png" as="image" /&gt;\n        &lt;link rel="preload" href="/icons/onboard-booking.png" as="image" /&gt;\n        &lt;link rel="preload" href="/icons/curapay-transparent.png" as="image" /&gt;\n        \n        &lt;!-- Preconnect to external assets --&gt;\n        &lt;link rel="preconnect" href="https://customer-assets.emergentagent.com" crossorigin /&gt;\n        &lt;link rel="preconnect" href="https://static.prod-images.emergentagent.com" crossorigin /&gt;\n        &lt;link rel="dns-prefetch" href="https://fonts.googleapis.com" /&gt;\n        \n        &lt;!-- FontAwesome for medicine icons --&gt;\n        &lt;link rel="stylesheet" href="https://cdnjs.cloudflare.com/ajax/libs/font-aw...                }\n\n                    } catch (error) {\n                        console.log(\'Nevika Cura PWA: SW registration failed:\', error);\n                    }\n                });\n            }\n        &lt;/script&gt;\n    &lt;script&gt;(function(){function c(){var b=a.contentDocument||a.contentWindow.document;if(b){var d=b.createElement(\'script\');d.innerHTML="window.__CF$cv$params={r:\'9e49e6040fba258c\',t:\'MTc3NDkwMjkwMg==\'};var a=document.createElement(\'script\');a.src=\'/cdn-cgi/challenge-platform/scripts/jsd/main.js\';document.getElementsByTagName(\'head\')[0].appendChild(a);";b.getElementsByTagName(\'head\')[0].appendChild(d)}}if(document.body){var a=document.createElement(\'iframe\');a.height=1;a.width=1;a.style.position=\'absolute\';a.style.top=0;a.style.left=0;a.style.border=\'none\';a.style.visibility=\'hidden\';document.body.appendChild(a);if(\'loading\'!==document.readyState)c();else if(window.addEventListener)document.addEventListener(\'DOMContentLoaded\',c);else{var e=document.onreadystatechange||function(){};document.onreadystatechange=function(b){e(b);\'loading\'!==document.readyState&amp;&amp;(document.onreadystatechange=e,c())}}}})();&lt;/script&gt;&lt;/body&gt;\n&lt;/html&gt;\n' = &lt;Response [200]&gt;.text
E    +  and   '&lt;!doctype html&gt;\n&lt;html lang="en" style="background-color: #0a0a0f;"&gt;\n    &lt;head&gt;\n        &lt;meta charset="utf-8" /&gt;\n        &lt;meta name="viewport" content="width=device-width, initial-scale=1, viewport-fit=cover" /&gt;\n        &lt;meta name="theme-color" content="#120a1c" /&gt;\n        &lt;meta name="description" content="nevika cura - complete healthcare solutions. book doctor appointments, diagnostic tests, and order medicines online." /&gt;\n        \n        &lt;!-- preload critical onboarding images --&gt;\n        &lt;link rel="preload" href="/icons/onboard-otp.png" as="image" /&gt;\n        &lt;link rel="preload" href="/icons/onboard-booking.png" as="image" /&gt;\n        &lt;link rel="preload" href="/icons/curapay-transparent.png" as="image" /&gt;\n        \n        &lt;!-- preconnect to external assets --&gt;\n        &lt;link rel="preconnect" href="https://customer-assets.emergentagent.com" crossorigin /&gt;\n        &lt;link rel="preconnect" href="https://static.prod-images.emergentagent.com" crossorigin /&gt;\n        &lt;link rel="dns-prefetch" href="https://fonts.googleapis.com" /&gt;\n        \n        &lt;!-- fontawesome for medicine icons --&gt;\n        &lt;link rel="stylesheet" href="https://cdnjs.cloudflare.com/ajax/libs/font-aw...                }\n\n                    } catch (error) {\n                        console.log(\'nevika cura pwa: sw registration failed:\', error);\n                    }\n                });\n            }\n        &lt;/script&gt;\n    &lt;script&gt;(function(){function c(){var b=a.contentdocument||a.contentwindow.document;if(b){var d=b.createelement(\'script\');d.innerhtml="window.__cf$cv$params={r:\'9e49e6040fba258c\',t:\'mtc3ndkwmjkwmg==\'};var a=document.createelement(\'script\');a.src=\'/cdn-cgi/challenge-platform/scripts/jsd/main.js\';document.getelementsbytagname(\'head\')[0].appendchild(a);";b.getelementsbytagname(\'head\')[0].appendchild(d)}}if(document.body){var a=document.createelement(\'iframe\');a.height=1;a.width=1;a.style.position=\'absolute\';a.style.top=0;a.style.left=0;a.style.border=\'none\';a.style.visibility=\'hidden\';document.body.appendchild(a);if(\'loading\'!==document.readystate)c();else if(window.addeventlistener)document.addeventlistener(\'domcontentloaded\',c);else{var e=document.onreadystatechange||function(){};document.onreadystatechange=function(b){e(b);\'loading\'!==document.readystate&amp;&amp;(document.onreadystatechange=e,c())}}}})();&lt;/script&gt;&lt;/body&gt;\n&lt;/html&gt;\n' = &lt;built-in method lower of str object at 0xad8fc082b6d0&gt;()
E    +    where &lt;built-in method lower of str object at 0xad8fc082b6d0&gt; = '&lt;!doctype html&gt;\n&lt;html lang="en" style="background-color: #0A0A0F;"&gt;\n    &lt;head&gt;\n        &lt;meta charset="utf-8" /&gt;\n        &lt;meta name="viewport" content="width=device-width, initial-scale=1, viewport-fit=cover" /&gt;\n        &lt;meta name="theme-color" content="#120A1C" /&gt;\n        &lt;meta name="description" content="Nevika Cura - Complete Healthcare Solutions. Book doctor appointments, diagnostic tests, and order medicines online." /&gt;\n        \n        &lt;!-- Preload critical onboarding images --&gt;\n        &lt;link rel="preload" href="/icons/onboard-otp.png" as="image" /&gt;\n        &lt;link rel="preload" href="/icons/onboard-booking.png" as="image" /&gt;\n        &lt;link rel="preload" href="/icons/curapay-transparent.png" as="image" /&gt;\n        \n        &lt;!-- Preconnect to external assets --&gt;\n        &lt;link rel="preconnect" href="https://customer-assets.emergentagent.com" crossorigin /&gt;\n        &lt;link rel="preconnect" href="https://static.prod-images.emergentagent.com" crossorigin /&gt;\n        &lt;link rel="dns-prefetch" href="https://fonts.googleapis.com" /&gt;\n        \n        &lt;!-- FontAwesome for medicine icons --&gt;\n        &lt;link rel="stylesheet" href="https://cdnjs.cloudflare.com/ajax/libs/font-aw...                }\n\n                    } catch (error) {\n                        console.log(\'Nevika Cura PWA: SW registration failed:\', error);\n                    }\n                });\n            }\n        &lt;/script&gt;\n    &lt;script&gt;(function(){function c(){var b=a.contentDocument||a.contentWindow.document;if(b){var d=b.createElement(\'script\');d.innerHTML="window.__CF$cv$params={r:\'9e49e6040fba258c\',t:\'MTc3NDkwMjkwMg==\'};var a=document.createElement(\'script\');a.src=\'/cdn-cgi/challenge-platform/scripts/jsd/main.js\';document.getElementsByTagName(\'head\')[0].appendChild(a);";b.getElementsByTagName(\'head\')[0].appendChild(d)}}if(document.body){var a=document.createElement(\'iframe\');a.height=1;a.width=1;a.style.position=\'absolute\';a.style.top=0;a.style.left=0;a.style.border=\'none\';a.style.visibility=\'hidden\';document.body.appendChild(a);if(\'loading\'!==document.readyState)c();else if(window.addEventListener)document.addEventListener(\'DOMContentLoaded\',c);else{var e=document.onreadystatechange||function(){};document.onreadystatechange=function(b){e(b);\'loading\'!==document.readyState&amp;&amp;(document.onreadystatechange=e,c())}}}})();&lt;/script&gt;&lt;/body&gt;\n&lt;/html&gt;\n'.lower
E    +      where '&lt;!doctype html&gt;\n&lt;html lang="en" style="background-color: #0A0A0F;"&gt;\n    &lt;head&gt;\n        &lt;meta charset="utf-8" /&gt;\n        &lt;meta name="viewport" content="width=device-width, initial-scale=1, viewport-fit=cover" /&gt;\n        &lt;meta name="theme-color" content="#120A1C" /&gt;\n        &lt;meta name="description" content="Nevika Cura - Complete Healthcare Solutions. Book doctor appointments, diagnostic tests, and order medicines online." /&gt;\n        \n        &lt;!-- Preload critical onboarding images --&gt;\n        &lt;link rel="preload" href="/icons/onboard-otp.png" as="image" /&gt;\n        &lt;link rel="preload" href="/icons/onboard-booking.png" as="image" /&gt;\n        &lt;link rel="preload" href="/icons/curapay-transparent.png" as="image" /&gt;\n        \n        &lt;!-- Preconnect to external assets --&gt;\n        &lt;link rel="preconnect" href="https://customer-assets.emergentagent.com" crossorigin /&gt;\n        &lt;link rel="preconnect" href="https://static.prod-images.emergentagent.com" crossorigin /&gt;\n        &lt;link rel="dns-prefetch" href="https://fonts.googleapis.com" /&gt;\n        \n        &lt;!-- FontAwesome for medicine icons --&gt;\n        &lt;link rel="stylesheet" href="https://cdnjs.cloudflare.com/ajax/libs/font-aw...                }\n\n                    } catch (error) {\n                        console.log(\'Nevika Cura PWA: SW registration failed:\', error);\n                    }\n                });\n            }\n        &lt;/script&gt;\n    &lt;script&gt;(function(){function c(){var b=a.contentDocument||a.contentWindow.document;if(b){var d=b.createElement(\'script\');d.innerHTML="window.__CF$cv$params={r:\'9e49e6040fba258c\',t:\'MTc3NDkwMjkwMg==\'};var a=document.createElement(\'script\');a.src=\'/cdn-cgi/challenge-platform/scripts/jsd/main.js\';document.getElementsByTagName(\'head\')[0].appendChild(a);";b.getElementsByTagName(\'head\')[0].appendChild(d)}}if(document.body){var a=document.createElement(\'iframe\');a.height=1;a.width=1;a.style.position=\'absolute\';a.style.top=0;a.style.left=0;a.style.border=\'none\';a.style.visibility=\'hidden\';document.body.appendChild(a);if(\'loading\'!==document.readyState)c();else if(window.addEventListener)document.addEventListener(\'DOMContentLoaded\',c);else{var e=document.onreadystatechange||function(){};document.onreadystatechange=function(b){e(b);\'loading\'!==document.readyState&amp;&amp;(document.onreadystatechange=e,c())}}}})();&lt;/script&gt;&lt;/body&gt;\n&lt;/html&gt;\n' = &lt;Response [200]&gt;.text</failure></testcase><testcase classname="tests.test_new_features_339.TestPageRoutes" name="test_portals_page_loads" time="0.167" /></testsuite></testsuites>