<?xml version="1.0" encoding="utf-8"?><testsuites name="pytest tests"><testsuite name="pytest" errors="0" failures="0" skipped="0" tests="10" time="14.499" timestamp="2026-03-24T13:36:47.870167+00:00" hostname="agent-env-2775c4f8-71fc-49d6-acf8-65caee3dde1b"><testcase classname="tests.test_phase2_features.TestPrescriptionOCR" name="test_common_medicines_endpoint" time="0.360" /><testcase classname="tests.test_phase2_features.TestPrescriptionOCR" name="test_extract_prescription_with_image" time="6.384" /><testcase classname="tests.test_phase2_features.TestPrescriptionOCR" name="test_extract_prescription_invalid_file_type" time="0.328" /><testcase classname="tests.test_phase2_features.TestVoiceBooking" name="test_doctors_endpoint" time="0.148" /><testcase classname="tests.test_phase2_features.TestVoiceBooking" name="test_parse_intent_doctor_appointment" time="2.541" /><testcase classname="tests.test_phase2_features.TestVoiceBooking" name="test_parse_intent_lab_test" time="2.137" /><testcase classname="tests.test_phase2_features.TestVoiceBooking" name="test_parse_intent_pharmacy_order" time="2.203" /><testcase classname="tests.test_phase2_features.TestVoiceBooking" name="test_parse_intent_empty_text" time="0.116" /><testcase classname="tests.test_phase2_features.TestVoiceBooking" name="test_parse_intent_short_text" time="0.108" /><testcase classname="tests.test_phase2_features.TestHealthEndpoint" name="test_health_check" time="0.106" /></testsuite></testsuites>