<?xml version="1.0" encoding="utf-8"?><testsuites name="pytest tests"><testsuite name="pytest" errors="0" failures="0" skipped="0" tests="23" time="3.369" timestamp="2026-03-08T12:38:06.003733+00:00" hostname="agent-env-741743dc-ebfe-4055-9d7a-92ece14747a7"><testcase classname="tests.test_modularization_210.TestHealthCheck" name="test_health_endpoint" time="0.212" /><testcase classname="tests.test_modularization_210.TestStaffLogin" name="test_staff_login_valid_credentials" time="0.318" /><testcase classname="tests.test_modularization_210.TestQueueStatusRoutes" name="test_live_queue_status" time="0.146" /><testcase classname="tests.test_modularization_210.TestQueueStatusRoutes" name="test_diagnostic_orders_endpoint" time="0.150" /><testcase classname="tests.test_modularization_210.TestCouponsRoutes" name="test_coupon_validate_endpoint_missing_fields" time="0.133" /><testcase classname="tests.test_modularization_210.TestCouponsRoutes" name="test_coupon_validate_with_default_coupon" time="0.107" /><testcase classname="tests.test_modularization_210.TestCouponsRoutes" name="test_coupon_validate_invalid_code" time="0.107" /><testcase classname="tests.test_modularization_210.TestCouponsRoutes" name="test_pharmacy_orders_endpoint" time="0.111" /><testcase classname="tests.test_modularization_210.TestPaymentLinksRoutes" name="test_pharmacy_count_endpoint" time="0.168" /><testcase classname="tests.test_modularization_210.TestPaymentLinksRoutes" name="test_pharmacy_all_medicines" time="0.290" /><testcase classname="tests.test_modularization_210.TestPaymentLinksRoutes" name="test_pharmacy_search" time="0.185" /><testcase classname="tests.test_modularization_210.TestDiagnosticsExtendedRoutes" name="test_diagnostic_trends_endpoint" time="0.107" /><testcase classname="tests.test_modularization_210.TestDiagnosticsExtendedRoutes" name="test_diagnostic_history_endpoint" time="0.128" /><testcase classname="tests.test_modularization_210.TestDiagnosticsExtendedRoutes" name="test_home_collection_booking" time="0.146" /><testcase classname="tests.test_modularization_210.TestSenovaRoutes" name="test_get_profile_not_found" time="0.105" /><testcase classname="tests.test_modularization_210.TestPharmacyExtendedRoutes" name="test_express_fee_endpoint" time="0.112" /><testcase classname="tests.test_modularization_210.TestPharmacyExtendedRoutes" name="test_refill_reminders_not_found" time="0.102" /><testcase classname="tests.test_modularization_210.TestPortalFeaturesRoutes" name="test_membership_portal_form_submission" time="0.126" /><testcase classname="tests.test_modularization_210.TestPortalFeaturesRoutes" name="test_google_nudge_stats" time="0.105" /><testcase classname="tests.test_modularization_210.TestHealthStreakRoutes" name="test_health_streak_leaderboard_all" time="0.104" /><testcase classname="tests.test_modularization_210.TestHealthStreakRoutes" name="test_wellness_tips_user" time="0.106" /><testcase classname="tests.test_modularization_210.TestThrive360Routes" name="test_book_fitness_session" time="0.098" /><testcase classname="tests.test_modularization_210.TestWaitlistRoutes" name="test_notify_waitlist_available" time="0.112" /></testsuite></testsuites>