<?xml version="1.0" encoding="utf-8"?><testsuites name="pytest tests"><testsuite name="pytest" errors="0" failures="0" skipped="0" tests="9" time="2.545" timestamp="2026-01-19T04:28:19.690075+00:00" hostname="agent-env-c1b3741f-5198-4cb3-8ff7-5e0fa99310a5"><testcase classname="tests.test_slot_blocking.TestStaffLogin" name="test_staff_login_success" time="0.293" /><testcase classname="tests.test_slot_blocking.TestStaffLogin" name="test_staff_login_invalid_credentials" time="0.046" /><testcase classname="tests.test_slot_blocking.TestSlotBlockingAPIs" name="test_get_blocked_slots_empty" time="0.293" /><testcase classname="tests.test_slot_blocking.TestSlotBlockingAPIs" name="test_block_slots_success" time="0.454" /><testcase classname="tests.test_slot_blocking.TestSlotBlockingAPIs" name="test_unblock_slots_success" time="0.368" /><testcase classname="tests.test_slot_blocking.TestSlotBlockingAPIs" name="test_block_past_date_fails" time="0.298" /><testcase classname="tests.test_slot_blocking.TestSlotBlockingAPIs" name="test_block_invalid_date_format_fails" time="0.298" /><testcase classname="tests.test_slot_blocking.TestSlotBlockingAPIs" name="test_blocked_slots_appear_in_booked_slots" time="0.395" /><testcase classname="tests.test_slot_blocking.TestBookedSlotsIncludesBlocked" name="test_booked_slots_api_exists" time="0.035" /></testsuite></testsuites>