<?xml version="1.0" encoding="utf-8"?><testsuites name="pytest tests"><testsuite name="pytest" errors="0" failures="0" skipped="0" tests="25" time="8.255" timestamp="2026-01-11T03:44:17.823928+00:00" hostname="agent-env-5e714d4b-3dc3-464a-81c3-e469c27d726c"><testcase classname="tests.test_iteration_11.TestHealthAndBasicEndpoints" name="test_api_root" time="0.068" /><testcase classname="tests.test_iteration_11.TestHealthAndBasicEndpoints" name="test_health_check" time="0.036" /><testcase classname="tests.test_iteration_11.TestPushNotifications" name="test_vapid_public_key_endpoint" time="0.039" /><testcase classname="tests.test_iteration_11.TestAuthOTP" name="test_send_otp" time="0.253" /><testcase classname="tests.test_iteration_11.TestAuthOTP" name="test_verify_otp_invalid" time="0.402" /><testcase classname="tests.test_iteration_11.TestStaffPortalLogin" name="test_pharmacy_staff_login" time="0.262" /><testcase classname="tests.test_iteration_11.TestStaffPortalLogin" name="test_diagnostic_staff_login" time="0.258" /><testcase classname="tests.test_iteration_11.TestStaffPortalLogin" name="test_staff_login_invalid_credentials" time="0.036" /><testcase classname="tests.test_iteration_11.TestAdminPortal" name="test_admin_login" time="0.033" /><testcase classname="tests.test_iteration_11.TestAdminPortal" name="test_admin_login_invalid_password" time="0.036" /><testcase classname="tests.test_iteration_11.TestPharmacyEndpoints" name="test_pharmacy_count" time="0.033" /><testcase classname="tests.test_iteration_11.TestPharmacyEndpoints" name="test_pharmacy_autocomplete" time="0.039" /><testcase classname="tests.test_iteration_11.TestPharmacyEndpoints" name="test_pharmacy_forms" time="0.078" /><testcase classname="tests.test_iteration_11.TestPharmacyEndpoints" name="test_pharmacy_all_medicines" time="0.034" /><testcase classname="tests.test_iteration_11.TestPharmacyEndpoints" name="test_create_pharmacy_order" time="1.538" /><testcase classname="tests.test_iteration_11.TestDiagnosticEndpoints" name="test_diagnostic_tests_list" time="0.036" /><testcase classname="tests.test_iteration_11.TestDiagnosticEndpoints" name="test_create_diagnostic_order" time="1.406" /><testcase classname="tests.test_iteration_11.TestAppointmentEndpoints" name="test_booked_slots" time="0.039" /><testcase classname="tests.test_iteration_11.TestAppointmentEndpoints" name="test_service_otp_flow" time="0.323" /><testcase classname="tests.test_iteration_11.TestLoyaltyPoints" name="test_loyalty_points_unauthenticated" time="0.038" /><testcase classname="tests.test_iteration_11.TestLoyaltyPoints" name="test_loyalty_points_with_auth" time="1.276" /><testcase classname="tests.test_iteration_11.TestStaffPortalOperations" name="test_pharmacy_staff_get_orders" time="0.292" /><testcase classname="tests.test_iteration_11.TestStaffPortalOperations" name="test_diagnostic_staff_get_orders" time="0.317" /><testcase classname="tests.test_iteration_11.TestAdminOperations" name="test_admin_get_staff_list" time="0.123" /><testcase classname="tests.test_iteration_11.TestSMSNotificationIntegration" name="test_pharmacy_order_triggers_sms" time="1.175" /></testsuite></testsuites>