<?xml version="1.0" encoding="utf-8"?><testsuites name="pytest tests"><testsuite name="pytest" errors="0" failures="10" skipped="0" tests="24" time="1.244" timestamp="2026-01-28T01:12:54.081009+00:00" hostname="agent-env-df1a4e2e-1c76-4be7-a786-077b90920747"><testcase classname="backend.tests.test_enhancements_v2_v3.TestCommunityForumPosts" name="test_get_community_posts_success" time="0.081" /><testcase classname="backend.tests.test_enhancements_v2_v3.TestCommunityForumPosts" name="test_get_community_posts_with_category_filter" time="0.051" /><testcase classname="backend.tests.test_enhancements_v2_v3.TestCommunityForumPosts" name="test_get_community_posts_pagination" time="0.048" /><testcase classname="backend.tests.test_enhancements_v2_v3.TestDigitalSignageContent" name="test_get_signage_content_success" time="0.037" /><testcase classname="backend.tests.test_enhancements_v2_v3.TestDigitalSignageContent" name="test_get_signage_content_with_location" time="0.035" /><testcase classname="backend.tests.test_enhancements_v2_v3.TestRevenueForecasting" name="test_get_revenue_forecast_success" time="0.043"><failure message="AssertionError: Expected 200, got 401: {&quot;detail&quot;:&quot;Invalid token&quot;}&#10;assert 401 == 200&#10; +  where 401 = &lt;Response [401]&gt;.status_code">backend/tests/test_enhancements_v2_v3.py:133: in test_get_revenue_forecast_success
    assert response.status_code == 200, f"Expected 200, got {response.status_code}: {response.text}"
E   AssertionError: Expected 200, got 401: {"detail":"Invalid token"}
E   assert 401 == 200
E    +  where 401 = &lt;Response [401]&gt;.status_code</failure></testcase><testcase classname="backend.tests.test_enhancements_v2_v3.TestRevenueForecasting" name="test_revenue_forecast_requires_auth" time="0.038" /><testcase classname="backend.tests.test_enhancements_v2_v3.TestShiftSchedule" name="test_get_shift_schedule_success" time="0.052"><failure message="AssertionError: Expected 200, got 401: {&quot;detail&quot;:&quot;Invalid token&quot;}&#10;assert 401 == 200&#10; +  where 401 = &lt;Response [401]&gt;.status_code">backend/tests/test_enhancements_v2_v3.py:174: in test_get_shift_schedule_success
    assert response.status_code == 200, f"Expected 200, got {response.status_code}: {response.text}"
E   AssertionError: Expected 200, got 401: {"detail":"Invalid token"}
E   assert 401 == 200
E    +  where 401 = &lt;Response [401]&gt;.status_code</failure></testcase><testcase classname="backend.tests.test_enhancements_v2_v3.TestShiftSchedule" name="test_shift_schedule_requires_auth" time="0.036" /><testcase classname="backend.tests.test_enhancements_v2_v3.TestRoomAvailability" name="test_get_room_availability_success" time="0.038" /><testcase classname="backend.tests.test_enhancements_v2_v3.TestRoomAvailability" name="test_room_availability_with_date" time="0.045" /><testcase classname="backend.tests.test_enhancements_v2_v3.TestInventoryAlerts" name="test_get_inventory_alerts_success" time="0.038"><failure message="AssertionError: Expected 200, got 401: {&quot;detail&quot;:&quot;Invalid token&quot;}&#10;assert 401 == 200&#10; +  where 401 = &lt;Response [401]&gt;.status_code">backend/tests/test_enhancements_v2_v3.py:244: in test_get_inventory_alerts_success
    assert response.status_code == 200, f"Expected 200, got {response.status_code}: {response.text}"
E   AssertionError: Expected 200, got 401: {"detail":"Invalid token"}
E   assert 401 == 200
E    +  where 401 = &lt;Response [401]&gt;.status_code</failure></testcase><testcase classname="backend.tests.test_enhancements_v2_v3.TestInventoryAlerts" name="test_inventory_alerts_requires_auth" time="0.037" /><testcase classname="backend.tests.test_enhancements_v2_v3.TestWearableInsights" name="test_get_wearable_insights_success" time="0.036"><failure message="AssertionError: Expected 200, got 401: {&quot;detail&quot;:&quot;Invalid token&quot;}&#10;assert 401 == 200&#10; +  where 401 = &lt;Response [401]&gt;.status_code">backend/tests/test_enhancements_v2_v3.py:283: in test_get_wearable_insights_success
    assert response.status_code == 200, f"Expected 200, got {response.status_code}: {response.text}"
E   AssertionError: Expected 200, got 401: {"detail":"Invalid token"}
E   assert 401 == 200
E    +  where 401 = &lt;Response [401]&gt;.status_code</failure></testcase><testcase classname="backend.tests.test_enhancements_v2_v3.TestWearableInsights" name="test_wearable_insights_requires_auth" time="0.037" /><testcase classname="backend.tests.test_enhancements_v2_v3.TestHealthCoachAdvice" name="test_get_health_coach_advice_success" time="0.040"><failure message="AssertionError: Expected 200, got 401: {&quot;detail&quot;:&quot;Invalid token&quot;}&#10;assert 401 == 200&#10; +  where 401 = &lt;Response [401]&gt;.status_code">backend/tests/test_enhancements_v2_v3.py:320: in test_get_health_coach_advice_success
    assert response.status_code == 200, f"Expected 200, got {response.status_code}: {response.text}"
E   AssertionError: Expected 200, got 401: {"detail":"Invalid token"}
E   assert 401 == 200
E    +  where 401 = &lt;Response [401]&gt;.status_code</failure></testcase><testcase classname="backend.tests.test_enhancements_v2_v3.TestHealthCoachAdvice" name="test_health_coach_advice_requires_auth" time="0.035" /><testcase classname="backend.tests.test_enhancements_v2_v3.TestAuditTrail" name="test_get_audit_trail_success" time="0.077"><failure message="AssertionError: Expected 200, got 401: {&quot;detail&quot;:&quot;Invalid token&quot;}&#10;assert 401 == 200&#10; +  where 401 = &lt;Response [401]&gt;.status_code">backend/tests/test_enhancements_v2_v3.py:359: in test_get_audit_trail_success
    assert response.status_code == 200, f"Expected 200, got {response.status_code}: {response.text}"
E   AssertionError: Expected 200, got 401: {"detail":"Invalid token"}
E   assert 401 == 200
E    +  where 401 = &lt;Response [401]&gt;.status_code</failure></testcase><testcase classname="backend.tests.test_enhancements_v2_v3.TestAuditTrail" name="test_audit_trail_requires_auth" time="0.035" /><testcase classname="backend.tests.test_enhancements_v2_v3.TestAuditTrail" name="test_audit_trail_with_filters" time="0.037"><failure message="assert 401 == 200&#10; +  where 401 = &lt;Response [401]&gt;.status_code">backend/tests/test_enhancements_v2_v3.py:395: in test_audit_trail_with_filters
    assert response.status_code == 200
E   assert 401 == 200
E    +  where 401 = &lt;Response [401]&gt;.status_code</failure></testcase><testcase classname="backend.tests.test_enhancements_v2_v3.TestBillingReconciliation" name="test_get_billing_reconciliation_success" time="0.039"><failure message="AssertionError: Expected 200, got 401: {&quot;detail&quot;:&quot;Invalid token&quot;}&#10;assert 401 == 200&#10; +  where 401 = &lt;Response [401]&gt;.status_code">backend/tests/test_enhancements_v2_v3.py:411: in test_get_billing_reconciliation_success
    assert response.status_code == 200, f"Expected 200, got {response.status_code}: {response.text}"
E   AssertionError: Expected 200, got 401: {"detail":"Invalid token"}
E   assert 401 == 200
E    +  where 401 = &lt;Response [401]&gt;.status_code</failure></testcase><testcase classname="backend.tests.test_enhancements_v2_v3.TestBillingReconciliation" name="test_billing_reconciliation_requires_auth" time="0.036" /><testcase classname="backend.tests.test_enhancements_v2_v3.TestAdditionalEnhancementEndpoints" name="test_predictive_alerts" time="0.040"><failure message="AssertionError: Expected 200, got 401: {&quot;detail&quot;:&quot;Invalid token&quot;}&#10;assert 401 == 200&#10; +  where 401 = &lt;Response [401]&gt;.status_code">backend/tests/test_enhancements_v2_v3.py:454: in test_predictive_alerts
    assert response.status_code == 200, f"Expected 200, got {response.status_code}: {response.text}"
E   AssertionError: Expected 200, got 401: {"detail":"Invalid token"}
E   assert 401 == 200
E    +  where 401 = &lt;Response [401]&gt;.status_code</failure></testcase><testcase classname="backend.tests.test_enhancements_v2_v3.TestAdditionalEnhancementEndpoints" name="test_health_outcomes" time="0.041"><failure message="AssertionError: Expected 200, got 401: {&quot;detail&quot;:&quot;Invalid token&quot;}&#10;assert 401 == 200&#10; +  where 401 = &lt;Response [401]&gt;.status_code">backend/tests/test_enhancements_v2_v3.py:475: in test_health_outcomes
    assert response.status_code == 200, f"Expected 200, got {response.status_code}: {response.text}"
E   AssertionError: Expected 200, got 401: {"detail":"Invalid token"}
E   assert 401 == 200
E    +  where 401 = &lt;Response [401]&gt;.status_code</failure></testcase></testsuite></testsuites>