<?xml version="1.0" encoding="utf-8"?><testsuites name="pytest tests"><testsuite name="pytest" errors="0" failures="0" skipped="0" tests="16" time="0.870" timestamp="2026-01-19T06:50:56.170772+00:00" hostname="agent-env-5d19a623-db11-4f22-888e-99823e69a0a6"><testcase classname="tests.test_patient_portal_iteration49.TestPatientPortalOTP" name="test_send_otp_success" time="0.071" /><testcase classname="tests.test_patient_portal_iteration49.TestPatientPortalOTP" name="test_send_otp_unregistered_patient" time="0.038" /><testcase classname="tests.test_patient_portal_iteration49.TestPatientPortalOTP" name="test_verify_otp_success" time="0.074" /><testcase classname="tests.test_patient_portal_iteration49.TestPatientPortalOTP" name="test_verify_otp_invalid" time="0.072" /><testcase classname="tests.test_patient_portal_iteration49.TestPatientPortalProfile" name="test_get_profile_with_token" time="0.107" /><testcase classname="tests.test_patient_portal_iteration49.TestPatientPortalProfile" name="test_get_profile_without_token" time="0.034" /><testcase classname="tests.test_patient_portal_iteration49.TestPatientPortalProfile" name="test_get_profile_invalid_token" time="0.036" /><testcase classname="tests.test_patient_portal_iteration49.TestPatientHistory" name="test_get_patient_history" time="0.046" /><testcase classname="tests.test_patient_portal_iteration49.TestPatientHistory" name="test_get_patient_history_not_found" time="0.033" /><testcase classname="tests.test_patient_portal_iteration49.TestPatientHistory" name="test_get_patient_appointments" time="0.038" /><testcase classname="tests.test_patient_portal_iteration49.TestPatientHistory" name="test_get_patient_prescriptions" time="0.033" /><testcase classname="tests.test_patient_portal_iteration49.TestPatientHistory" name="test_get_patient_lab_reports" time="0.032" /><testcase classname="tests.test_patient_portal_iteration49.TestPatientHistory" name="test_get_patient_bills" time="0.037" /><testcase classname="tests.test_patient_portal_iteration49.TestPatientLookup" name="test_lookup_existing_patient" time="0.035" /><testcase classname="tests.test_patient_portal_iteration49.TestPatientLookup" name="test_lookup_non_existing_patient" time="0.033" /><testcase classname="tests.test_patient_portal_iteration49.TestPatientLookup" name="test_lookup_invalid_mobile" time="0.075" /></testsuite></testsuites>