<?xml version="1.0" encoding="utf-8"?><testsuites name="pytest tests"><testsuite name="pytest" errors="0" failures="0" skipped="0" tests="13" time="21.700" timestamp="2026-03-24T14:20:38.022888+00:00" hostname="agent-env-2775c4f8-71fc-49d6-acf8-65caee3dde1b"><testcase classname="backend.tests.test_voice_booking_phase2.TestVoiceBookingDoctors" name="test_get_doctors_returns_list" time="0.206" /><testcase classname="backend.tests.test_voice_booking_phase2.TestVoiceBookingParseIntent" name="test_parse_intent_basic_booking" time="3.345" /><testcase classname="backend.tests.test_voice_booking_phase2.TestVoiceBookingParseIntent" name="test_parse_intent_empty_text_fails" time="0.129" /><testcase classname="backend.tests.test_voice_booking_phase2.TestVoiceBookingParseIntent" name="test_parse_intent_short_text_fails" time="0.124" /><testcase classname="backend.tests.test_voice_booking_phase2.TestVoiceBookingConverse" name="test_converse_first_message" time="1.498" /><testcase classname="backend.tests.test_voice_booking_phase2.TestVoiceBookingConverse" name="test_converse_multi_turn_flow" time="5.660" /><testcase classname="backend.tests.test_voice_booking_phase2.TestVoiceBookingConverse" name="test_converse_empty_messages_fails" time="0.134" /><testcase classname="backend.tests.test_voice_booking_phase2.TestVoiceBookingConfirmBooking" name="test_confirm_booking_creates_appointment" time="0.290" /><testcase classname="backend.tests.test_voice_booking_phase2.TestVoiceBookingConfirmBooking" name="test_confirm_booking_missing_fields" time="0.121" /><testcase classname="backend.tests.test_voice_booking_phase2.TestPrescriptionOCR" name="test_prescription_extract_with_image" time="4.594" /><testcase classname="backend.tests.test_voice_booking_phase2.TestPrescriptionOCR" name="test_prescription_extract_invalid_file" time="0.241" /><testcase classname="backend.tests.test_voice_booking_phase2.TestPrescriptionOCR" name="test_common_medicines_endpoint" time="0.140" /><testcase classname="backend.tests.test_voice_booking_phase2.TestVoiceBookingE2EFlow" name="test_full_voice_booking_flow" time="5.142" /></testsuite></testsuites>