<?xml version="1.0" encoding="utf-8"?><testsuites name="pytest tests"><testsuite name="pytest" errors="0" failures="0" skipped="0" tests="22" time="3.807" timestamp="2026-03-03T23:32:50.357353+00:00" hostname="agent-env-d9be434d-94b2-43fc-a899-6835abc5978e"><testcase classname="backend.tests.test_evara_glydex_reneu_new_features.TestAuthentication" name="test_patient_login" time="0.412" /><testcase classname="backend.tests.test_evara_glydex_reneu_new_features.TestEvaraPeriodTracking" name="test_period_log_without_auth" time="0.128" /><testcase classname="backend.tests.test_evara_glydex_reneu_new_features.TestEvaraPeriodTracking" name="test_period_log_with_auth" time="0.457" /><testcase classname="backend.tests.test_evara_glydex_reneu_new_features.TestEvaraPeriodTracking" name="test_period_history_without_auth" time="0.107" /><testcase classname="backend.tests.test_evara_glydex_reneu_new_features.TestEvaraPeriodTracking" name="test_period_history_with_auth" time="0.126" /><testcase classname="backend.tests.test_evara_glydex_reneu_new_features.TestGlydexSugarLogging" name="test_sugar_log_without_auth" time="0.127" /><testcase classname="backend.tests.test_evara_glydex_reneu_new_features.TestGlydexSugarLogging" name="test_sugar_log_with_auth" time="0.120" /><testcase classname="backend.tests.test_evara_glydex_reneu_new_features.TestGlydexSugarLogging" name="test_sugar_log_ppbs" time="0.118" /><testcase classname="backend.tests.test_evara_glydex_reneu_new_features.TestGlydexSugarLogging" name="test_sugar_logs_without_auth" time="0.107" /><testcase classname="backend.tests.test_evara_glydex_reneu_new_features.TestGlydexSugarLogging" name="test_sugar_logs_with_auth" time="0.120" /><testcase classname="backend.tests.test_evara_glydex_reneu_new_features.TestReneuPublicEndpoints" name="test_get_fitness_programs" time="0.120" /><testcase classname="backend.tests.test_evara_glydex_reneu_new_features.TestReneuPublicEndpoints" name="test_get_nutrition_plans" time="0.110" /><testcase classname="backend.tests.test_evara_glydex_reneu_new_features.TestReneuPublicEndpoints" name="test_get_sleep_tips" time="0.123" /><testcase classname="backend.tests.test_evara_glydex_reneu_new_features.TestReneuPublicEndpoints" name="test_get_skin_care" time="0.106" /><testcase classname="backend.tests.test_evara_glydex_reneu_new_features.TestReneuPublicEndpoints" name="test_get_hair_care" time="0.136" /><testcase classname="backend.tests.test_evara_glydex_reneu_new_features.TestReneuAuthenticatedEndpoints" name="test_sleep_log_without_auth" time="0.122" /><testcase classname="backend.tests.test_evara_glydex_reneu_new_features.TestReneuAuthenticatedEndpoints" name="test_sleep_log_with_auth" time="0.109" /><testcase classname="backend.tests.test_evara_glydex_reneu_new_features.TestReneuAuthenticatedEndpoints" name="test_fitness_log_without_auth" time="0.110" /><testcase classname="backend.tests.test_evara_glydex_reneu_new_features.TestReneuAuthenticatedEndpoints" name="test_fitness_log_with_auth" time="0.117" /><testcase classname="backend.tests.test_evara_glydex_reneu_new_features.TestReneuAuthenticatedEndpoints" name="test_sleep_logs_without_auth" time="0.114" /><testcase classname="backend.tests.test_evara_glydex_reneu_new_features.TestReneuAuthenticatedEndpoints" name="test_sleep_logs_with_auth" time="0.134" /><testcase classname="backend.tests.test_evara_glydex_reneu_new_features.TestPortalCheckout" name="test_cashfree_create_order" time="0.519" /></testsuite></testsuites>