<?xml version="1.0" encoding="utf-8"?><testsuites name="pytest tests"><testsuite name="pytest" errors="0" failures="0" skipped="0" tests="7" time="1.668" timestamp="2026-03-01T23:16:36.740998+00:00" hostname="agent-env-9d231029-5055-4762-84df-8342e0aee191"><testcase classname="backend.tests.test_iteration172_tracking.TestHealthEndpoint" name="test_health_returns_ok" time="0.156" /><testcase classname="backend.tests.test_iteration172_tracking.TestDrNehaLogin" name="test_dr_neha_login_with_test1234" time="0.363" /><testcase classname="backend.tests.test_iteration172_tracking.TestDrNehaLogin" name="test_dr_neha_wrong_password_fails" time="0.335" /><testcase classname="backend.tests.test_iteration172_tracking.TestTrackingEndpoint" name="test_guest_orders_returns_unified_data" time="0.134" /><testcase classname="backend.tests.test_iteration172_tracking.TestTrackingEndpoint" name="test_guest_orders_no_phone" time="0.134" /><testcase classname="backend.tests.test_iteration172_tracking.TestAppointmentsByPhone" name="test_appointments_by_phone_returns_list" time="0.110" /><testcase classname="backend.tests.test_iteration172_tracking.TestAdminLogin" name="test_admin_login" time="0.374" /></testsuite></testsuites>