<?xml version="1.0" encoding="utf-8"?><testsuites name="pytest tests"><testsuite name="pytest" errors="0" failures="0" skipped="0" tests="11" time="2.183" timestamp="2026-03-03T21:57:32.710429+00:00" hostname="agent-env-5c02f89f-bdbd-456e-ac95-1883864a6e8c"><testcase classname="backend.tests.test_evara_glydex_portals.TestHealthAndMembershipAPI" name="test_health_endpoint" time="0.892" /><testcase classname="backend.tests.test_evara_glydex_portals.TestHealthAndMembershipAPI" name="test_membership_check_active_no_params" time="0.136" /><testcase classname="backend.tests.test_evara_glydex_portals.TestHealthAndMembershipAPI" name="test_membership_check_active_unknown_email" time="0.109" /><testcase classname="backend.tests.test_evara_glydex_portals.TestHealthAndMembershipAPI" name="test_membership_check_active_unknown_phone" time="0.120" /><testcase classname="backend.tests.test_evara_glydex_portals.TestMembershipTiersAPI" name="test_get_all_plans" time="0.114" /><testcase classname="backend.tests.test_evara_glydex_portals.TestMembershipTiersAPI" name="test_get_gold_plan_details" time="0.113" /><testcase classname="backend.tests.test_evara_glydex_portals.TestMembershipTiersAPI" name="test_get_silver_plan_details" time="0.170" /><testcase classname="backend.tests.test_evara_glydex_portals.TestMembershipTiersAPI" name="test_get_bronze_plan_details" time="0.106" /><testcase classname="backend.tests.test_evara_glydex_portals.TestMembershipTiersAPI" name="test_invalid_plan_returns_404" time="0.140" /><testcase classname="backend.tests.test_evara_glydex_portals.TestEvaraGlydexIntegration" name="test_evara_period_history_requires_auth" time="0.111" /><testcase classname="backend.tests.test_evara_glydex_portals.TestEvaraGlydexIntegration" name="test_glydex_sugar_logs_requires_auth" time="0.103" /></testsuite></testsuites>