<?xml version="1.0" encoding="utf-8"?><testsuites name="pytest tests"><testsuite name="pytest" errors="0" failures="0" skipped="0" tests="29" time="4.350" timestamp="2026-03-04T08:28:12.864314+00:00" hostname="agent-env-4d1ac891-1536-4cae-9412-08406a8d0b1a"><testcase classname="backend.tests.test_phase4_iteration191.TestFavorites" name="test_get_favorites_empty_or_list" time="0.223" /><testcase classname="backend.tests.test_phase4_iteration191.TestFavorites" name="test_create_favorite_medicine" time="0.122" /><testcase classname="backend.tests.test_phase4_iteration191.TestFavorites" name="test_create_favorite_test" time="0.112" /><testcase classname="backend.tests.test_phase4_iteration191.TestFavorites" name="test_get_favorites_with_filter" time="0.109" /><testcase classname="backend.tests.test_phase4_iteration191.TestFavorites" name="test_delete_favorite" time="0.110" /><testcase classname="backend.tests.test_phase4_iteration191.TestFavorites" name="test_delete_favorite_not_found" time="0.214" /><testcase classname="backend.tests.test_phase4_iteration191.TestAddresses" name="test_get_addresses" time="0.106" /><testcase classname="backend.tests.test_phase4_iteration191.TestAddresses" name="test_create_address" time="0.104" /><testcase classname="backend.tests.test_phase4_iteration191.TestAddresses" name="test_create_address_work" time="0.151" /><testcase classname="backend.tests.test_phase4_iteration191.TestAddresses" name="test_set_default_address" time="0.213" /><testcase classname="backend.tests.test_phase4_iteration191.TestAddresses" name="test_delete_address" time="0.109" /><testcase classname="backend.tests.test_phase4_iteration191.TestAddresses" name="test_delete_address_not_found" time="0.216" /><testcase classname="backend.tests.test_phase4_iteration191.TestFamilyMembers" name="test_get_family_members" time="0.103" /><testcase classname="backend.tests.test_phase4_iteration191.TestFamilyMembers" name="test_add_family_member_spouse" time="0.107" /><testcase classname="backend.tests.test_phase4_iteration191.TestFamilyMembers" name="test_add_family_member_child" time="0.131" /><testcase classname="backend.tests.test_phase4_iteration191.TestFamilyMembers" name="test_add_family_member_parent" time="0.101" /><testcase classname="backend.tests.test_phase4_iteration191.TestFamilyMembers" name="test_delete_family_member" time="0.102" /><testcase classname="backend.tests.test_phase4_iteration191.TestFamilyMembers" name="test_delete_family_member_not_found" time="0.314" /><testcase classname="backend.tests.test_phase4_iteration191.TestHealthStats" name="test_get_health_stats" time="0.095" /><testcase classname="backend.tests.test_phase4_iteration191.TestRecentOrders" name="test_get_recent_orders" time="0.100" /><testcase classname="backend.tests.test_phase4_iteration191.TestFCMPushNotifications" name="test_register_fcm_token" time="0.377" /><testcase classname="backend.tests.test_phase4_iteration191.TestFCMPushNotifications" name="test_send_push_notification_to_token" time="0.183" /><testcase classname="backend.tests.test_phase4_iteration191.TestFCMPushNotifications" name="test_send_push_notification_to_email" time="0.164" /><testcase classname="backend.tests.test_phase4_iteration191.TestFCMPushNotifications" name="test_send_push_notification_no_target" time="0.100" /><testcase classname="backend.tests.test_phase4_iteration191.TestFCMPushNotifications" name="test_unregister_fcm_token" time="0.156" /><testcase classname="backend.tests.test_phase4_iteration191.TestHealthRemindersDefaults" name="test_get_evara_reminders" time="0.101" /><testcase classname="backend.tests.test_phase4_iteration191.TestHealthRemindersDefaults" name="test_get_glydex_reminders" time="0.105" /><testcase classname="backend.tests.test_phase4_iteration191.TestHealthRemindersDefaults" name="test_get_reneu_reminders" time="0.101" /><testcase classname="backend.tests.test_phase4_iteration191.TestHealthRemindersDefaults" name="test_get_invalid_portal_reminders" time="0.108" /></testsuite></testsuites>