<?xml version="1.0" encoding="utf-8"?><testsuites name="pytest tests"><testsuite name="pytest" errors="0" failures="0" skipped="0" tests="29" time="43.283" timestamp="2026-03-17T21:16:47.470820+00:00" hostname="agent-env-246fa57d-08e8-4419-b383-cb359fde54e1"><testcase classname="backend.tests.test_pharmacy_billing_system.TestPharmacyBillingAuth" name="test_staff_login" time="0.494" /><testcase classname="backend.tests.test_pharmacy_billing_system.TestBillingDashboard" name="test_get_dashboard" time="0.632" /><testcase classname="backend.tests.test_pharmacy_billing_system.TestBillingDashboard" name="test_dashboard_requires_auth" time="0.172" /><testcase classname="backend.tests.test_pharmacy_billing_system.TestMedicineSearch" name="test_search_medicine_para" time="0.519" /><testcase classname="backend.tests.test_pharmacy_billing_system.TestMedicineSearch" name="test_search_empty_query" time="0.117" /><testcase classname="backend.tests.test_pharmacy_billing_system.TestBillingPOS" name="test_create_bill_cash" time="1.639" /><testcase classname="backend.tests.test_pharmacy_billing_system.TestBillingPOS" name="test_create_bill_credit" time="0.205" /><testcase classname="backend.tests.test_pharmacy_billing_system.TestBillingPOS" name="test_list_bills" time="0.166" /><testcase classname="backend.tests.test_pharmacy_billing_system.TestBillingPOS" name="test_create_bill_requires_items" time="0.130" /><testcase classname="backend.tests.test_pharmacy_billing_system.TestReportsAPI" name="test_daily_sales_report" time="0.487" /><testcase classname="backend.tests.test_pharmacy_billing_system.TestReportsAPI" name="test_sales_summary_7_days" time="0.155" /><testcase classname="backend.tests.test_pharmacy_billing_system.TestReportsAPI" name="test_top_selling" time="0.153" /><testcase classname="backend.tests.test_pharmacy_billing_system.TestReportsAPI" name="test_stock_report" time="0.218" /><testcase classname="backend.tests.test_pharmacy_billing_system.TestCustomerManagement" name="test_list_customers" time="0.520" /><testcase classname="backend.tests.test_pharmacy_billing_system.TestCustomerManagement" name="test_list_customers_with_dues" time="0.176" /><testcase classname="backend.tests.test_pharmacy_billing_system.TestCustomerManagement" name="test_create_customer" time="0.158" /><testcase classname="backend.tests.test_pharmacy_billing_system.TestCustomerManagement" name="test_customer_lookup" time="0.150" /><testcase classname="backend.tests.test_pharmacy_billing_system.TestCSVOperations" name="test_download_csv_template" time="0.537" /><testcase classname="backend.tests.test_pharmacy_billing_system.TestCSVOperations" name="test_export_csv" time="3.432" /><testcase classname="backend.tests.test_pharmacy_billing_system.TestBarcodeOperations" name="test_bulk_generate_barcodes" time="30.701" /><testcase classname="backend.tests.test_pharmacy_billing_system.TestBarcodeOperations" name="test_get_sticker_data" time="0.169" /><testcase classname="backend.tests.test_pharmacy_billing_system.TestBarcodeOperations" name="test_barcode_lookup" time="0.137" /><testcase classname="backend.tests.test_pharmacy_billing_system.TestPurchaseEntry" name="test_list_suppliers" time="0.501" /><testcase classname="backend.tests.test_pharmacy_billing_system.TestPurchaseEntry" name="test_create_purchase" time="0.246" /><testcase classname="backend.tests.test_pharmacy_billing_system.TestPurchaseEntry" name="test_list_purchases" time="0.109" /><testcase classname="backend.tests.test_pharmacy_billing_system.TestPurchaseEntry" name="test_purchase_csv_template" time="0.154" /><testcase classname="backend.tests.test_pharmacy_billing_system.TestInventoryAPI" name="test_list_medicines" time="0.657" /><testcase classname="backend.tests.test_pharmacy_billing_system.TestInventoryAPI" name="test_filter_low_stock" time="0.235" /><testcase classname="backend.tests.test_pharmacy_billing_system.TestInventoryAPI" name="test_search_medicines" time="0.213" /></testsuite></testsuites>