<?xml version="1.0" encoding="utf-8"?><testsuites name="pytest tests"><testsuite name="pytest" errors="0" failures="0" skipped="0" tests="7" time="4.764" timestamp="2026-03-19T21:44:21.532249+00:00" hostname="agent-env-02fb7fa7-746e-43d2-9c66-d198ef9bdf0e"><testcase classname="backend.tests.test_staff_ui_243.TestStaffLogin" name="test_orange_staff_login" time="3.133" /><testcase classname="backend.tests.test_staff_ui_243.TestStaffLogin" name="test_mango_staff_login" time="0.344" /><testcase classname="backend.tests.test_staff_ui_243.TestStaffLogin" name="test_diagyn_staff_login" time="0.375" /><testcase classname="backend.tests.test_staff_ui_243.TestStaffLogin" name="test_invalid_credentials" time="0.125" /><testcase classname="backend.tests.test_staff_ui_243.TestMangoTestCatalog" name="test_get_test_catalog" time="0.146" /><testcase classname="backend.tests.test_staff_ui_243.TestPharmacyPortal" name="test_get_medicines" time="0.458" /><testcase classname="backend.tests.test_staff_ui_243.TestPharmacyPortal" name="test_get_orders" time="0.115" /></testsuite></testsuites>