<?xml version="1.0" encoding="utf-8"?><testsuites name="pytest tests"><testsuite name="pytest" errors="0" failures="0" skipped="0" tests="14" time="3.154" timestamp="2026-02-28T04:48:15.109146+00:00" hostname="agent-env-5984c545-e66a-4a60-ab63-72c0ecec4b92"><testcase classname="backend.tests.test_gift_card_redemption_162.TestGiftCardRedemption" name="test_purchase_gift_card" time="0.256" /><testcase classname="backend.tests.test_gift_card_redemption_162.TestGiftCardRedemption" name="test_check_gift_card_before_activation" time="0.236" /><testcase classname="backend.tests.test_gift_card_redemption_162.TestGiftCardRedemption" name="test_activate_gift_card" time="0.101" /><testcase classname="backend.tests.test_gift_card_redemption_162.TestGiftCardRedemption" name="test_check_gift_card_after_activation" time="0.230" /><testcase classname="backend.tests.test_gift_card_redemption_162.TestGiftCardRedemption" name="test_use_gift_card_partial_redemption" time="0.325" /><testcase classname="backend.tests.test_gift_card_redemption_162.TestGiftCardRedemption" name="test_use_gift_card_full_redemption" time="0.460" /><testcase classname="backend.tests.test_gift_card_redemption_162.TestGiftCardRedemption" name="test_use_gift_card_amount_exceeds_balance" time="0.374" /><testcase classname="backend.tests.test_gift_card_redemption_162.TestGiftCardRedemption" name="test_check_nonexistent_gift_card" time="0.105" /><testcase classname="backend.tests.test_gift_card_redemption_162.TestGiftCardRedemption" name="test_use_inactive_gift_card" time="0.202" /><testcase classname="backend.tests.test_gift_card_redemption_162.TestGiftCardRedemption" name="test_gift_card_templates_endpoint" time="0.116" /><testcase classname="backend.tests.test_gift_card_redemption_162.TestGiftCardRedemption" name="test_gift_card_stats_endpoint" time="0.138" /><testcase classname="backend.tests.test_gift_card_redemption_162.TestGiftCardRedemption" name="test_purchase_gift_card_min_amount_validation" time="0.098" /><testcase classname="backend.tests.test_gift_card_redemption_162.TestGiftCardRedemption" name="test_purchase_gift_card_max_amount_validation" time="0.114" /><testcase classname="backend.tests.test_gift_card_redemption_162.TestGiftCardCodeFormat" name="test_multiple_codes_unique" time="0.314" /></testsuite></testsuites>