<?xml version="1.0" encoding="utf-8"?><testsuites name="pytest tests"><testsuite name="pytest" errors="0" failures="0" skipped="0" tests="29" time="18.852" timestamp="2026-02-20T15:44:08.366389+00:00" hostname="agent-env-7813bf94-cb72-466d-9ffb-ba8f2abcced9"><testcase classname="backend.tests.test_whatsapp_notifications_regression.TestMSG91Configuration" name="test_msg91_status_endpoint" time="1.358" /><testcase classname="backend.tests.test_whatsapp_notifications_regression.TestDiaGynAppointmentNotifications" name="test_appointment_confirmation_template" time="0.762" /><testcase classname="backend.tests.test_whatsapp_notifications_regression.TestDiaGynAppointmentNotifications" name="test_appointment_reminder_template" time="0.727" /><testcase classname="backend.tests.test_whatsapp_notifications_regression.TestDiaGynAppointmentNotifications" name="test_one_hour_reminder_template" time="0.674" /><testcase classname="backend.tests.test_whatsapp_notifications_regression.TestDiaGynAppointmentNotifications" name="test_walkin_emergency_template" time="0.595" /><testcase classname="backend.tests.test_whatsapp_notifications_regression.TestDiaGynAppointmentNotifications" name="test_appointment_completed_template" time="0.640" /><testcase classname="backend.tests.test_whatsapp_notifications_regression.TestMangoLabsNotifications" name="test_lab_confirmation_template" time="0.632" /><testcase classname="backend.tests.test_whatsapp_notifications_regression.TestMangoLabsNotifications" name="test_report_ready_template" time="0.646" /><testcase classname="backend.tests.test_whatsapp_notifications_regression.TestMangoLabsNotifications" name="test_sonography_confirmation_template" time="0.719" /><testcase classname="backend.tests.test_whatsapp_notifications_regression.TestOrangePharmacyNotifications" name="test_pharmacy_confirmation_template" time="0.596" /><testcase classname="backend.tests.test_whatsapp_notifications_regression.TestOrangePharmacyNotifications" name="test_order_delivered_template" time="0.634" /><testcase classname="backend.tests.test_whatsapp_notifications_regression.TestTemplateVariables" name="test_diagyn_template_has_booking_id_variable" time="0.657" /><testcase classname="backend.tests.test_whatsapp_notifications_regression.TestTemplateVariables" name="test_mango_template_has_booking_id_variable" time="0.578" /><testcase classname="backend.tests.test_whatsapp_notifications_regression.TestTemplateVariables" name="test_orange_template_has_order_id_variable" time="0.613" /><testcase classname="backend.tests.test_whatsapp_notifications_regression.TestInvalidTemplates" name="test_invalid_template_returns_error" time="0.196" /><testcase classname="backend.tests.test_whatsapp_notifications_regression.TestPhoneNumberNormalization" name="test_10_digit_phone_normalized" time="0.617" /><testcase classname="backend.tests.test_whatsapp_notifications_regression.TestPhoneNumberNormalization" name="test_phone_with_country_code" time="0.677" /><testcase classname="backend.tests.test_whatsapp_notifications_regression.TestPhoneNumberNormalization" name="test_phone_with_plus_sign" time="0.624" /><testcase classname="backend.tests.test_whatsapp_notifications_regression.TestAllTemplatesAvailable" name="test_template_callable[diagyn_appointment_confirm]" time="0.618" /><testcase classname="backend.tests.test_whatsapp_notifications_regression.TestAllTemplatesAvailable" name="test_template_callable[diagyn_appointment_reminder]" time="0.578" /><testcase classname="backend.tests.test_whatsapp_notifications_regression.TestAllTemplatesAvailable" name="test_template_callable[diagyn_one_hour_reminder]" time="0.598" /><testcase classname="backend.tests.test_whatsapp_notifications_regression.TestAllTemplatesAvailable" name="test_template_callable[diagyn_walkin_emergency]" time="0.659" /><testcase classname="backend.tests.test_whatsapp_notifications_regression.TestAllTemplatesAvailable" name="test_template_callable[diagyn_appointment_completed]" time="0.584" /><testcase classname="backend.tests.test_whatsapp_notifications_regression.TestAllTemplatesAvailable" name="test_template_callable[proton_lab_confirm]" time="0.637" /><testcase classname="backend.tests.test_whatsapp_notifications_regression.TestAllTemplatesAvailable" name="test_template_callable[proton_report_ready]" time="0.888" /><testcase classname="backend.tests.test_whatsapp_notifications_regression.TestAllTemplatesAvailable" name="test_template_callable[proton_sonography_confirm]" time="0.640" /><testcase classname="backend.tests.test_whatsapp_notifications_regression.TestAllTemplatesAvailable" name="test_template_callable[orange_pharmacy_confirm]" time="0.667" /><testcase classname="backend.tests.test_whatsapp_notifications_regression.TestAllTemplatesAvailable" name="test_template_callable[orange_order_delivered]" time="0.706" /><testcase classname="backend.tests.test_whatsapp_notifications_regression.TestStatusUpdateNotifications" name="test_status_endpoint_exists" time="0.202" /></testsuite></testsuites>