<?xml version="1.0" encoding="utf-8"?><testsuites name="pytest tests"><testsuite name="pytest" errors="0" failures="0" skipped="0" tests="43" time="21.885" timestamp="2026-02-20T15:46:03.101907+00:00" hostname="agent-env-7813bf94-cb72-466d-9ffb-ba8f2abcced9"><testcase classname="backend.tests.test_whatsapp_notifications_regression.TestMSG91Configuration" name="test_msg91_status_endpoint" time="0.209" /><testcase classname="backend.tests.test_whatsapp_notifications_regression.TestDiaGynAppointmentNotifications" name="test_appointment_confirmation_template" time="0.685" /><testcase classname="backend.tests.test_whatsapp_notifications_regression.TestDiaGynAppointmentNotifications" name="test_appointment_reminder_template" time="0.635" /><testcase classname="backend.tests.test_whatsapp_notifications_regression.TestDiaGynAppointmentNotifications" name="test_one_hour_reminder_template" time="0.582" /><testcase classname="backend.tests.test_whatsapp_notifications_regression.TestDiaGynAppointmentNotifications" name="test_walkin_emergency_template" time="0.591" /><testcase classname="backend.tests.test_whatsapp_notifications_regression.TestDiaGynAppointmentNotifications" name="test_appointment_completed_template" time="0.609" /><testcase classname="backend.tests.test_whatsapp_notifications_regression.TestMangoLabsNotifications" name="test_lab_confirmation_template" time="0.711" /><testcase classname="backend.tests.test_whatsapp_notifications_regression.TestMangoLabsNotifications" name="test_report_ready_template" time="0.625" /><testcase classname="backend.tests.test_whatsapp_notifications_regression.TestMangoLabsNotifications" name="test_sonography_confirmation_template" time="0.560" /><testcase classname="backend.tests.test_whatsapp_notifications_regression.TestOrangePharmacyNotifications" name="test_pharmacy_confirmation_template" time="0.575" /><testcase classname="backend.tests.test_whatsapp_notifications_regression.TestOrangePharmacyNotifications" name="test_order_delivered_template" time="0.632" /><testcase classname="backend.tests.test_whatsapp_notifications_regression.TestTemplateVariables" name="test_diagyn_template_has_booking_id_variable" time="0.685" /><testcase classname="backend.tests.test_whatsapp_notifications_regression.TestTemplateVariables" name="test_mango_template_has_booking_id_variable" time="0.568" /><testcase classname="backend.tests.test_whatsapp_notifications_regression.TestTemplateVariables" name="test_orange_template_has_order_id_variable" time="0.646" /><testcase classname="backend.tests.test_whatsapp_notifications_regression.TestInvalidTemplates" name="test_invalid_template_returns_error" time="0.123" /><testcase classname="backend.tests.test_whatsapp_notifications_regression.TestPhoneNumberNormalization" name="test_10_digit_phone_normalized" time="0.620" /><testcase classname="backend.tests.test_whatsapp_notifications_regression.TestPhoneNumberNormalization" name="test_phone_with_country_code" time="0.579" /><testcase classname="backend.tests.test_whatsapp_notifications_regression.TestPhoneNumberNormalization" name="test_phone_with_plus_sign" time="0.579" /><testcase classname="backend.tests.test_whatsapp_notifications_regression.TestAllTemplatesAvailable" name="test_template_callable[diagyn_appointment_confirm]" time="0.630" /><testcase classname="backend.tests.test_whatsapp_notifications_regression.TestAllTemplatesAvailable" name="test_template_callable[diagyn_appointment_reminder]" time="0.652" /><testcase classname="backend.tests.test_whatsapp_notifications_regression.TestAllTemplatesAvailable" name="test_template_callable[diagyn_one_hour_reminder]" time="0.587" /><testcase classname="backend.tests.test_whatsapp_notifications_regression.TestAllTemplatesAvailable" name="test_template_callable[diagyn_walkin_emergency]" time="0.581" /><testcase classname="backend.tests.test_whatsapp_notifications_regression.TestAllTemplatesAvailable" name="test_template_callable[diagyn_appointment_completed]" time="0.621" /><testcase classname="backend.tests.test_whatsapp_notifications_regression.TestAllTemplatesAvailable" name="test_template_callable[proton_lab_confirm]" time="0.561" /><testcase classname="backend.tests.test_whatsapp_notifications_regression.TestAllTemplatesAvailable" name="test_template_callable[proton_report_ready]" time="0.569" /><testcase classname="backend.tests.test_whatsapp_notifications_regression.TestAllTemplatesAvailable" name="test_template_callable[proton_sonography_confirm]" time="0.559" /><testcase classname="backend.tests.test_whatsapp_notifications_regression.TestAllTemplatesAvailable" name="test_template_callable[orange_pharmacy_confirm]" time="0.567" /><testcase classname="backend.tests.test_whatsapp_notifications_regression.TestAllTemplatesAvailable" name="test_template_callable[orange_order_delivered]" time="0.573" /><testcase classname="backend.tests.test_whatsapp_notifications_regression.TestStatusUpdateNotifications" name="test_status_endpoint_exists" time="0.211" /><testcase classname="backend.tests.test_whatsapp_status_updates.TestOrangeStatusUpdatesIntegration" name="test_pharmacy_orders_endpoint_accessible" time="0.128" /><testcase classname="backend.tests.test_whatsapp_status_updates.TestOrangeStatusUpdatesIntegration" name="test_pharmacy_order_creation_endpoint" time="0.087" /><testcase classname="backend.tests.test_whatsapp_status_updates.TestMangoStatusUpdatesIntegration" name="test_diagnostics_endpoint_accessible" time="0.134" /><testcase classname="backend.tests.test_whatsapp_status_updates.TestTemplateRegistration" name="test_all_status_templates_registered" time="0.109" /><testcase classname="backend.tests.test_whatsapp_status_updates.TestDiaGynReminderNotifications" name="test_reminder_template_includes_booking_id" time="0.588" /><testcase classname="backend.tests.test_whatsapp_status_updates.TestDiaGynReminderNotifications" name="test_one_hour_reminder_includes_map_url" time="0.604" /><testcase classname="backend.tests.test_whatsapp_status_updates.TestBookingIdInMessages" name="test_diagyn_confirmation_has_booking_id" time="0.625" /><testcase classname="backend.tests.test_whatsapp_status_updates.TestBookingIdInMessages" name="test_mango_confirmation_has_booking_id" time="0.559" /><testcase classname="backend.tests.test_whatsapp_status_updates.TestBookingIdInMessages" name="test_orange_confirmation_has_order_id" time="0.586" /><testcase classname="backend.tests.test_whatsapp_status_updates.TestEndpointStatusUpdates" name="test_pharmacy_status_update_endpoint_exists" time="0.125" /><testcase classname="backend.tests.test_whatsapp_status_updates.TestEndpointStatusUpdates" name="test_diagnostics_status_update_endpoint_exists" time="0.136" /><testcase classname="backend.tests.test_whatsapp_status_updates.TestTemplateVariableMapping" name="test_diagyn_variables" time="0.561" /><testcase classname="backend.tests.test_whatsapp_status_updates.TestTemplateVariableMapping" name="test_proton_lab_variables" time="0.631" /><testcase classname="backend.tests.test_whatsapp_status_updates.TestTemplateVariableMapping" name="test_orange_pharmacy_variables" time="0.582" /></testsuite></testsuites>