<?xml version="1.0" encoding="utf-8"?><testsuites name="pytest tests"><testsuite name="pytest" errors="0" failures="0" skipped="0" tests="16" time="2.356" timestamp="2026-01-14T23:52:04.223403+00:00" hostname="agent-env-9b731424-bf54-4ca6-bf51-b9191bd62836"><testcase classname="tests.test_staff_accounts_iteration32.TestStaffLogin" name="test_staff_pushpa_login" time="0.322" /><testcase classname="tests.test_staff_accounts_iteration32.TestStaffLogin" name="test_doc_neha_login" time="0.299" /><testcase classname="tests.test_staff_accounts_iteration32.TestStaffLogin" name="test_doc_vikas_login" time="0.407" /><testcase classname="tests.test_staff_accounts_iteration32.TestStaffLogin" name="test_staff_amnion_login" time="0.260" /><testcase classname="tests.test_staff_accounts_iteration32.TestStaffLogin" name="test_staff_pharmacy_login" time="0.261" /><testcase classname="tests.test_staff_accounts_iteration32.TestWalkInAppointment" name="test_create_walkin_appointment" time="0.294" /><testcase classname="tests.test_staff_accounts_iteration32.TestANCRegistration" name="test_get_anc_patients_pushpa" time="0.036" /><testcase classname="tests.test_staff_accounts_iteration32.TestANCRegistration" name="test_get_anc_patients_amnion" time="0.040" /><testcase classname="tests.test_staff_accounts_iteration32.TestANCRegistration" name="test_anc_dashboard_pushpa" time="0.039" /><testcase classname="tests.test_staff_accounts_iteration32.TestGlydexStaffPortal" name="test_glydex_staff_summary_report" time="0.041" /><testcase classname="tests.test_staff_accounts_iteration32.TestGlydexStaffPortal" name="test_glydex_staff_patients_list" time="0.038" /><testcase classname="tests.test_staff_accounts_iteration32.TestBiometricAttendance" name="test_attendance_report_pushpa" time="0.035" /><testcase classname="tests.test_staff_accounts_iteration32.TestBiometricAttendance" name="test_attendance_report_amnion" time="0.035" /><testcase classname="tests.test_staff_accounts_iteration32.TestBiometricAttendance" name="test_attendance_report_pharmacy" time="0.033" /><testcase classname="tests.test_staff_accounts_iteration32.TestAdminDashboard" name="test_admin_login" time="0.035" /><testcase classname="tests.test_staff_accounts_iteration32.TestAdminDashboard" name="test_admin_stats" time="0.073" /></testsuite></testsuites>