<?xml version="1.0" encoding="utf-8"?><testsuites name="pytest tests"><testsuite name="pytest" errors="0" failures="0" skipped="1" tests="7" time="2.020" timestamp="2026-04-05T09:01:44.825613+00:00" hostname="agent-env-c9162105-76d7-4e0e-a3c9-ed96b7363581"><testcase classname="tests.test_booking_id_format.TestBookingIdFormat" name="test_staff_login_works" time="0.341" /><testcase classname="tests.test_booking_id_format.TestBookingIdFormat" name="test_dgc_walkin_booking_format" time="0.869" /><testcase classname="tests.test_booking_id_format.TestBookingIdFormat" name="test_dgc_emergency_booking_format" time="0.509" /><testcase classname="tests.test_booking_id_format.TestBookingIdFormat" name="test_two_bookings_have_different_codes" time="0.168" /><testcase classname="tests.test_booking_id_format.TestBookingIdFormat" name="test_booking_id_format_regex_validation" time="0.001" /><testcase classname="tests.test_booking_id_format.TestWebBookingFormat" name="test_dgo_web_booking_format" time="0.097"><skipped type="pytest.skip" message="Web booking restricted: 400">/app/backend/tests/test_booking_id_format.py:289: Web booking restricted: 400</skipped></testcase><testcase classname="tests.test_booking_id_format.TestBookingIdPrefixLogic" name="test_prefix_mapping" time="0.000" /></testsuite></testsuites>