<?xml version="1.0" encoding="utf-8"?><testsuites name="pytest tests"><testsuite name="pytest" errors="0" failures="3" skipped="0" tests="27" time="7.654" timestamp="2026-01-10T17:31:02.831803+00:00" hostname="agent-env-5a707796-48e8-460c-8e38-d93955b22eb4"><testcase classname="tests.test_nevika_comprehensive.TestHealthCheck" name="test_backend_health" time="0.071"><failure message="requests.exceptions.JSONDecodeError: Expecting value: line 1 column 1 (char 0)">/root/.venv/lib/python3.11/site-packages/requests/models.py:976: in json
    return complexjson.loads(self.text, **kwargs)
           ^^^^^^^^^^^^^^^^^^^^^^^^^^^^^^^^^^^^^^
/usr/local/lib/python3.11/json/__init__.py:346: in loads
    return _default_decoder.decode(s)
           ^^^^^^^^^^^^^^^^^^^^^^^^^^
/usr/local/lib/python3.11/json/decoder.py:337: in decode
    obj, end = self.raw_decode(s, idx=_w(s, 0).end())
               ^^^^^^^^^^^^^^^^^^^^^^^^^^^^^^^^^^^^^^
/usr/local/lib/python3.11/json/decoder.py:355: in raw_decode
    raise JSONDecodeError("Expecting value", s, err.value) from None
E   json.decoder.JSONDecodeError: Expecting value: line 1 column 1 (char 0)

During handling of the above exception, another exception occurred:
tests/test_nevika_comprehensive.py:41: in test_backend_health
    data = response.json()
           ^^^^^^^^^^^^^^^
/root/.venv/lib/python3.11/site-packages/requests/models.py:980: in json
    raise RequestsJSONDecodeError(e.msg, e.doc, e.pos)
E   requests.exceptions.JSONDecodeError: Expecting value: line 1 column 1 (char 0)</failure></testcase><testcase classname="tests.test_nevika_comprehensive.TestStaffLogin" name="test_doctor_neha_login" time="0.261" /><testcase classname="tests.test_nevika_comprehensive.TestStaffLogin" name="test_doctor_vikas_login" time="0.259" /><testcase classname="tests.test_nevika_comprehensive.TestStaffLogin" name="test_pushpa_clinic_staff_login" time="0.262" /><testcase classname="tests.test_nevika_comprehensive.TestStaffLogin" name="test_amnion_clinic_staff_login" time="0.304" /><testcase classname="tests.test_nevika_comprehensive.TestStaffLogin" name="test_pharmacy_staff_login" time="0.258" /><testcase classname="tests.test_nevika_comprehensive.TestStaffLogin" name="test_diagnostics_staff_login" time="0.263" /><testcase classname="tests.test_nevika_comprehensive.TestAdminPortal" name="test_admin_login" time="0.075" /><testcase classname="tests.test_nevika_comprehensive.TestAdminPortal" name="test_admin_stats" time="0.091" /><testcase classname="tests.test_nevika_comprehensive.TestAdminPortal" name="test_admin_cleanup_stats" time="0.051" /><testcase classname="tests.test_nevika_comprehensive.TestDiaGynAppointments" name="test_get_booked_slots" time="0.038" /><testcase classname="tests.test_nevika_comprehensive.TestDiaGynAppointments" name="test_book_appointment_with_dr_neha" time="1.310" /><testcase classname="tests.test_nevika_comprehensive.TestDiaGynAppointments" name="test_slot_blocking_works" time="0.363" /><testcase classname="tests.test_nevika_comprehensive.TestProtonDiagnostics" name="test_create_diagnostic_order" time="0.978" /><testcase classname="tests.test_nevika_comprehensive.TestOrangePharmacy" name="test_get_pharmacy_inventory" time="0.080" /><testcase classname="tests.test_nevika_comprehensive.TestOrangePharmacy" name="test_create_pharmacy_order" time="1.024" /><testcase classname="tests.test_nevika_comprehensive.TestStaffPortalFeatures" name="test_doctor_view_appointments" time="0.280" /><testcase classname="tests.test_nevika_comprehensive.TestStaffPortalFeatures" name="test_doctor_clinic_toggle" time="0.319" /><testcase classname="tests.test_nevika_comprehensive.TestStaffPortalFeatures" name="test_clinic_staff_walk_in_booking" time="0.395" /><testcase classname="tests.test_nevika_comprehensive.TestStaffPortalFeatures" name="test_pharmacy_staff_view_orders" time="0.306" /><testcase classname="tests.test_nevika_comprehensive.TestStaffPortalFeatures" name="test_diagnostics_staff_view_orders" time="0.307" /><testcase classname="tests.test_nevika_comprehensive.TestPatientProfile" name="test_save_patient_profile" time="0.038"><failure message="AssertionError: assert None == '9876543216'&#10; +  where None = &lt;built-in method get of dict object at 0xfbdd5a6aac00&gt;('phone')&#10; +    where &lt;built-in method get of dict object at 0xfbdd5a6aac00&gt; = {'is_new': True, 'message': 'Profile saved', 'success': True}.get">tests/test_nevika_comprehensive.py:484: in test_save_patient_profile
    assert data.get("phone") == "9876543216"
E   AssertionError: assert None == '9876543216'
E    +  where None = &lt;built-in method get of dict object at 0xfbdd5a6aac00&gt;('phone')
E    +    where &lt;built-in method get of dict object at 0xfbdd5a6aac00&gt; = {'is_new': True, 'message': 'Profile saved', 'success': True}.get</failure></testcase><testcase classname="tests.test_nevika_comprehensive.TestPatientProfile" name="test_get_patient_profile" time="0.037"><failure message="assert 405 == 200&#10; +  where 405 = &lt;Response [405]&gt;.status_code">tests/test_nevika_comprehensive.py:491: in test_get_patient_profile
    assert response.status_code == 200
E   assert 405 == 200
E    +  where 405 = &lt;Response [405]&gt;.status_code</failure></testcase><testcase classname="tests.test_nevika_comprehensive.TestTrackOrder" name="test_track_orders_by_phone" time="0.037" /><testcase classname="tests.test_nevika_comprehensive.TestOTPVerification" name="test_send_otp" time="0.042" /><testcase classname="tests.test_nevika_comprehensive.TestOTPVerification" name="test_verify_otp" time="0.043" /><testcase classname="tests.test_nevika_comprehensive.TestCleanup" name="test_cleanup_test_appointments" time="0.001" /></testsuite></testsuites>