<?xml version="1.0" encoding="utf-8"?><testsuites name="pytest tests"><testsuite name="pytest" errors="0" failures="0" skipped="0" tests="9" time="1.783" timestamp="2026-03-12T12:40:29.161514+00:00" hostname="agent-env-0e7800e1-6083-428b-bb37-2de08cdfd242"><testcase classname="backend.tests.test_ratings_api.TestRatingsPendingEndpoint" name="test_pending_ratings_returns_unrated_appointments" time="0.160" /><testcase classname="backend.tests.test_ratings_api.TestRatingsPendingEndpoint" name="test_pending_ratings_nonexistent_phone" time="0.144" /><testcase classname="backend.tests.test_ratings_api.TestRatingsSubmitEndpoint" name="test_submit_rating_success" time="0.146" /><testcase classname="backend.tests.test_ratings_api.TestRatingsSubmitEndpoint" name="test_submit_rating_minimal_fields" time="0.183" /><testcase classname="backend.tests.test_ratings_api.TestRatingsSubmitEndpoint" name="test_submit_rating_invalid_data" time="0.143" /><testcase classname="backend.tests.test_ratings_api.TestRatingsCheckEndpoint" name="test_check_rating_after_submit" time="0.274" /><testcase classname="backend.tests.test_ratings_api.TestRatingsCheckEndpoint" name="test_check_rating_nonexistent" time="0.133" /><testcase classname="backend.tests.test_ratings_api.TestRatingsIntegration" name="test_full_rating_flow" time="0.348" /><testcase classname="backend.tests.test_ratings_api.TestRatingsClinicEndpoint" name="test_get_clinic_ratings" time="0.183" /></testsuite></testsuites>